=========================================

 COSMIC RAY SIM : Cosmic Rays Simulation Code


 Authors: Patrick Stowell, Lee Thompson
 contact : p.stowell@sheffield.ac.uk

=========================================
========================================= 
APP: Getting User Inputs
========================================= 
APP: Getting Seed Info 
APP: --> Getting seed from time+pid.
APP: --> pid : 6539
APP: --> time : 1532351761
APP: --> seed : 1532358301
========================================= 
APP: Loading Default Database 
DB : --> Creating Database : default
DB : --> Selecting Database : default
DB : Loading all DB files from /home/chris/Code/geant4_simulations/cosmicraysim/data//*
DB : Loading all DB files from /home/chris/Code/geant4_simulations/cosmicraysim/data//awe/*
DB : Loading all DB files from /home/chris/Code/geant4_simulations/cosmicraysim/data//cry/*
DB : Loading all DB files from /home/chris/Code/geant4_simulations/cosmicraysim/data//detectors/*
DB : --> Loading '/home/chris/Code/geant4_simulations/cosmicraysim/data//detectors/default.db'' ...  --> Complete. (Loaded 1 Tables)
DB : Loading all DB files from /home/chris/Code/geant4_simulations/cosmicraysim/data//dsc/*
DB : Loading all DB files from /home/chris/Code/geant4_simulations/cosmicraysim/data//fluxes/*
DB : --> Loading '/home/chris/Code/geant4_simulations/cosmicraysim/data//fluxes/cry.db'' ...  --> Complete. (Loaded 1 Tables)
DB : --> Loading '/home/chris/Code/geant4_simulations/cosmicraysim/data//fluxes/shukla.db'' ...  --> Complete. (Loaded 1 Tables)
DB : --> Loading '/home/chris/Code/geant4_simulations/cosmicraysim/data//global.db'' ...  --> Complete. (Loaded 1 Tables)
DB : Loading all DB files from /home/chris/Code/geant4_simulations/cosmicraysim/data//materials/*
DB : --> Loading '/home/chris/Code/geant4_simulations/cosmicraysim/data//materials/material_list.db'' ...  --> Complete. (Loaded 8 Tables)
DB : --> Loading '/home/chris/Code/geant4_simulations/cosmicraysim/data//materials/soil_materials.db'' ...  --> Complete. (Loaded 31 Tables)
DB : --> Loading '../macros/ca/shukla/ca_variables_vent_shafts.geo'' ...  --> Complete. (Loaded 1 Tables)
DB : --> Loading '../macros/ca/shukla/ca_world_rock.geo'' ...  --> Complete. (Loaded 1 Tables)
DB : --> Loading '../macros/ca/shukla/ca_linear_detector_system_vent_shafts.geo'' ...  --> Complete. (Loaded 30 Tables)
DB : --> Loading '../macros/ca/shukla/ca_source_flux_vent_shafts.geo'' ...  --> Complete. (Loaded 4 Tables)
DB : --> Loading '../macros/ca/shukla/ca_vent_shafts.geo'' ...  --> Complete. (Loaded 2 Tables)
========================================= 
APP: Setting up Geant4 Run Manager 

**************************************************************
 Geant4 version Name: geant4-10-04-patch-01 [MT]   (28-February-2018)
                       Copyright : Geant4 Collaboration
                      References : NIM A 506 (2003), 250-303
                                 : IEEE-TNS 53 (2006), 270-278
                                 : NIM A 835 (2016), 186-225
                             WWW : http://geant4.org/
**************************************************************

========================================= 
APP: Setting User Initialization
<<< Geant4 Physics List simulation engine: Shielding 2.1

PHY: Setting Shielding Physics List
FLX: Loading Primary Generator : shukla
FLX: Building Shukla Generator
FLX: --> Using default Nottingham parset.
FLX: --> Min Energy : 0.1 GeV
FLX: --> Max Energy : 5000 GeV
FLX: --> I0         : 88.5 m-2 s-1 sr -1
FLX: --> n          : 3
FLX: --> E0         : 4.28 GeV
FLX: --> epsilon    : 854 GeV
FLX: --> radius     : 6371 km
FLX: --> distance   : 36.61 km
FLX: --> R/d        : 174.023
FLX: --> Setting up PDFs.
FLX: --> fSpeedUp        : 1
FLX: --> VerticalFlux : 88.5 m-2 s-1 sr-1
FLX: --> Integrated Flux : 187.37 m-2 s-1
FLX: --> Integrated Flux : 1.12422 cm-2 min-1
FLX: --> Creating Particle Gun.
FLX: --> Creating Source box
FLX: --> Creating Target boxes
FLX: --> Complete.
===============================
GEO: Building Geometry 
GEO: Constructing box : world
Material Density : 1.654e+19
MAT: Creating : Standard_Rock
MAT: Adding Element : O
MAT: Adding Element : C
MAT: Adding Element : Ca
MAT: Adding Element : Mg
MAT: Material Density : 2.65 g/cm3
GEO: Constructing eliptunnel : tunnel
Making Elliptical Tunnel
GEO: Constructing box : detector
GEO: Constructing box : bar0
Creating new scintillator detector : bar0_scint
GEO: Constructing box : bar1
Creating new scintillator detector : bar1_scint
GEO: Constructing box : bar2
Creating new scintillator detector : bar2_scint
GEO: Constructing box : bar3
Creating new scintillator detector : bar3_scint
GEO: Constructing box : bar4
Creating new scintillator detector : bar4_scint
GEO: Constructing box : bar5
Creating new scintillator detector : bar5_scint
GEO: Constructing box : target_det0
Creating new scintillator detector : target_det0_scint
GEO: Constructing box : target_det1
Creating new scintillator detector : target_det1_scint
GEO: Constructing box : target_det2
Creating new scintillator detector : target_det2_scint
GEO: Constructing cons : vent_shaft0
GEO: Constructing cons : vent_shaft_fill
===============================
TRG: Building Triggers 
TRG: Loading Coincidence Trigger : trigger06
 --> Processor Input 0 : bar0_scint
 --> Processor Input 1 : target_det0_scint
TRG: Setting Energy Threshold : 0
TRG: Setting Coincident Detectors : 2
TRG: Setting Efficiency : 0.834662
TRG: Loading Coincidence Trigger : trigger07
 --> Processor Input 0 : bar0_scint
 --> Processor Input 1 : target_det1_scint
TRG: Setting Energy Threshold : 0
TRG: Setting Coincident Detectors : 2
TRG: Setting Efficiency : 0.834913
TRG: Loading Coincidence Trigger : trigger08
 --> Processor Input 0 : bar0_scint
 --> Processor Input 1 : target_det2_scint
TRG: Setting Energy Threshold : 0
TRG: Setting Coincident Detectors : 2
TRG: Setting Efficiency : 0.815852
TRG: Loading Coincidence Trigger : trigger16
 --> Processor Input 0 : bar1_scint
 --> Processor Input 1 : target_det0_scint
TRG: Setting Energy Threshold : 0
TRG: Setting Coincident Detectors : 2
TRG: Setting Efficiency : 0.95447
TRG: Loading Coincidence Trigger : trigger17
 --> Processor Input 0 : bar1_scint
 --> Processor Input 1 : target_det1_scint
TRG: Setting Energy Threshold : 0
TRG: Setting Coincident Detectors : 2
TRG: Setting Efficiency : 0.954757
TRG: Loading Coincidence Trigger : trigger18
 --> Processor Input 0 : bar1_scint
 --> Processor Input 1 : target_det2_scint
TRG: Setting Energy Threshold : 0
TRG: Setting Coincident Detectors : 2
TRG: Setting Efficiency : 0.93296
TRG: Loading Coincidence Trigger : trigger26
 --> Processor Input 0 : bar2_scint
 --> Processor Input 1 : target_det0_scint
TRG: Setting Energy Threshold : 0
TRG: Setting Coincident Detectors : 2
TRG: Setting Efficiency : 0.982426
TRG: Loading Coincidence Trigger : trigger27
 --> Processor Input 0 : bar2_scint
 --> Processor Input 1 : target_det1_scint
TRG: Setting Energy Threshold : 0
TRG: Setting Coincident Detectors : 2
TRG: Setting Efficiency : 0.982721
TRG: Loading Coincidence Trigger : trigger28
 --> Processor Input 0 : bar2_scint
 --> Processor Input 1 : target_det2_scint
TRG: Setting Energy Threshold : 0
TRG: Setting Coincident Detectors : 2
TRG: Setting Efficiency : 0.960286
TRG: Loading Coincidence Trigger : trigger36
 --> Processor Input 0 : bar3_scint
 --> Processor Input 1 : target_det0_scint
TRG: Setting Energy Threshold : 0
TRG: Setting Coincident Detectors : 2
TRG: Setting Efficiency : 0.95447
TRG: Loading Coincidence Trigger : trigger37
 --> Processor Input 0 : bar3_scint
 --> Processor Input 1 : target_det1_scint
TRG: Setting Energy Threshold : 0
TRG: Setting Coincident Detectors : 2
TRG: Setting Efficiency : 0.954757
TRG: Loading Coincidence Trigger : trigger38
 --> Processor Input 0 : bar3_scint
 --> Processor Input 1 : target_det2_scint
TRG: Setting Energy Threshold : 0
TRG: Setting Coincident Detectors : 2
TRG: Setting Efficiency : 0.93296
TRG: Loading Coincidence Trigger : trigger46
 --> Processor Input 0 : bar4_scint
 --> Processor Input 1 : target_det0_scint
TRG: Setting Energy Threshold : 0
TRG: Setting Coincident Detectors : 2
TRG: Setting Efficiency : 0.802714
TRG: Loading Coincidence Trigger : trigger47
 --> Processor Input 0 : bar4_scint
 --> Processor Input 1 : target_det1_scint
TRG: Setting Energy Threshold : 0
TRG: Setting Coincident Detectors : 2
TRG: Setting Efficiency : 0.802955
TRG: Loading Coincidence Trigger : trigger48
 --> Processor Input 0 : bar4_scint
 --> Processor Input 1 : target_det2_scint
TRG: Setting Energy Threshold : 0
TRG: Setting Coincident Detectors : 2
TRG: Setting Efficiency : 0.784624
TRG: Loading Coincidence Trigger : trigger56
 --> Processor Input 0 : bar5_scint
 --> Processor Input 1 : target_det0_scint
TRG: Setting Energy Threshold : 0
TRG: Setting Coincident Detectors : 2
TRG: Setting Efficiency : 0.911539
TRG: Loading Coincidence Trigger : trigger57
 --> Processor Input 0 : bar5_scint
 --> Processor Input 1 : target_det1_scint
TRG: Setting Energy Threshold : 0
TRG: Setting Coincident Detectors : 2
TRG: Setting Efficiency : 0.911813
TRG: Loading Coincidence Trigger : trigger58
 --> Processor Input 0 : bar5_scint
 --> Processor Input 1 : target_det2_scint
TRG: Setting Energy Threshold : 0
TRG: Setting Coincident Detectors : 2
TRG: Setting Efficiency : 0.890997
===============================
PRC: Building PROCESSORS 
/usr/local/share/Geant4-10.4.1/data/G4NDL4.5
@@@ G4ParticleHPInelastic instantiated for particle neutron data directory variable is G4NEUTRONHPDATA pointing to /usr/local/share/Geant4-10.4.1/data/G4NDL4.5/Inelastic
@@@ G4ParticleHPInelasticData instantiated for particle neutron data directory variable is G4NEUTRONHPDATA pointing to /usr/local/share/Geant4-10.4.1/data/G4NDL4.5
NeutronHP: /Capture file for Z = 8, A = 18 is not found and NeutronHP will use /usr/local/share/Geant4-10.4.1/data/G4NDL4.5/Capture/CrossSection/8_17_Oxygen
NeutronHP: /Elastic file for Z = 8, A = 18 is not found and NeutronHP will use /usr/local/share/Geant4-10.4.1/data/G4NDL4.5/Elastic/CrossSection/8_17_Oxygen
NeutronHP: /Inelastic file for Z = 8, A = 18 is not found and NeutronHP will use /usr/local/share/Geant4-10.4.1/data/G4NDL4.5/Inelastic/CrossSection/8_17_Oxygen
NeutronHP: /Capture file for Z = 6, A = 12 is not found and NeutronHP will use /usr/local/share/Geant4-10.4.1/data/G4NDL4.5/Capture/CrossSection/6_nat_Carbon
NeutronHP: /Elastic file for Z = 6, A = 12 is not found and NeutronHP will use /usr/local/share/Geant4-10.4.1/data/G4NDL4.5/Elastic/CrossSection/6_nat_Carbon
NeutronHP: /Inelastic file for Z = 6, A = 12 is not found and NeutronHP will use /usr/local/share/Geant4-10.4.1/data/G4NDL4.5/Inelastic/CrossSection/6_nat_Carbon
NeutronHP: /Capture file for Z = 6, A = 13 is not found and NeutronHP will use /usr/local/share/Geant4-10.4.1/data/G4NDL4.5/Capture/CrossSection/6_nat_Carbon
NeutronHP: /Elastic file for Z = 6, A = 13 is not found and NeutronHP will use /usr/local/share/Geant4-10.4.1/data/G4NDL4.5/Elastic/CrossSection/6_nat_Carbon
NeutronHP: /Inelastic file for Z = 6, A = 13 is not found and NeutronHP will use /usr/local/share/Geant4-10.4.1/data/G4NDL4.5/Inelastic/CrossSection/6_nat_Carbon
Number of de-excitation channels is changed to      68
========================================= 
APP: Assigning Output Information
APP: --> Output Tag       : shaft_air_100k_fill0m_tgt180cm_o1200cm
APP: --> Output Run ID    : 0
APP: --> Sub Run Start ID : 0
========================================= 
APP: Running Batch Mode
========================================= 
APP: Running Generator
APP: --> NEvents : 100000

APP: Starting Run : 100000

### ===  Deexcitation model UAtomDeexcitation is activated for 1 region:
          DefaultRegionForTheWorld  1  1  0
### ===  Auger cascade flag: 1
### ===  Ignore cuts flag:   0

phot:   for  gamma    SubType= 12  BuildTable= 0
      LambdaPrime table from 200 keV to 100 TeV in 61 bins 
      ===== EM models for the G4Region  DefaultRegionForTheWorld ======
 LivermorePhElectric :  Emin=        0 eV    Emax=      100 TeV   AngularGenSauterGavrila  FluoActive

compt:   for  gamma    SubType= 13  BuildTable= 1
      Lambda table from 100 eV  to 1 MeV, 7 bins per decade, spline: 1
      LambdaPrime table from 1 MeV to 100 TeV in 56 bins 
      ===== EM models for the G4Region  DefaultRegionForTheWorld ======
       Klein-Nishina :  Emin=        0 eV    Emax=      100 TeV

conv:   for  gamma    SubType= 14  BuildTable= 1
      Lambda table from 1.022 MeV to 100 TeV, 18 bins per decade, spline: 1
      ===== EM models for the G4Region  DefaultRegionForTheWorld ======
        BetheHeitler :  Emin=        0 eV    Emax=       80 GeV
     BetheHeitlerLPM :  Emin=       80 GeV   Emax=      100 TeV

Rayl:   for  gamma    SubType= 11  BuildTable= 1
      Lambda table from 100 eV  to 100 keV, 7 bins per decade, spline: 0
      LambdaPrime table from 100 keV to 100 TeV in 63 bins 
      ===== EM models for the G4Region  DefaultRegionForTheWorld ======
   LivermoreRayleigh :  Emin=        0 eV    Emax=      100 TeV   CullenGenerator

msc:   for e-    SubType= 10
      RangeFactor= 0.04, stepLimitType: 1, latDisplacement: 1
      ===== EM models for the G4Region  DefaultRegionForTheWorld ======
            UrbanMsc :  Emin=        0 eV    Emax=      100 MeV  Table with 42 bins Emin=    100 eV    Emax=    100 MeV
        WentzelVIUni :  Emin=      100 MeV   Emax=      100 TeV  Table with 42 bins Emin=    100 MeV   Emax=    100 TeV

eIoni:   for  e-    SubType= 2
      dE/dx and range tables from 100 eV  to 100 TeV in 84 bins
      Lambda tables from threshold to 100 TeV, 7 bins per decade, spline: 1
      finalRange(mm)= 1, dRoverRange= 0.2, integral: 1, fluct: 1, linLossLimit= 0.01
      ===== EM models for the G4Region  DefaultRegionForTheWorld ======
        MollerBhabha :  Emin=        0 eV    Emax=      100 TeV

eBrem:   for  e-    SubType= 3
      dE/dx and range tables from 100 eV  to 100 TeV in 84 bins
      Lambda tables from threshold to 100 TeV, 7 bins per decade, spline: 1
      LPM flag: 1 for E > 1 GeV,  VertexHighEnergyTh(GeV)= 100000
      ===== EM models for the G4Region  DefaultRegionForTheWorld ======
             eBremSB :  Emin=        0 eV    Emax=        1 GeV   DipBustGen
            eBremLPM :  Emin=        1 GeV   Emax=      100 TeV   DipBustGen

CoulombScat:   for  e-, integral: 1     SubType= 1  BuildTable= 1
      Lambda table from 100 MeV to 100 TeV, 7 bins per decade, spline: 1
      ThetaMin(p) < Theta(degree) < 180; pLimit(GeV^1)= 0.139531
      ===== EM models for the G4Region  DefaultRegionForTheWorld ======
  eCoulombScattering :  Emin=      100 MeV   Emax=      100 TeV

msc:   for e+    SubType= 10
      RangeFactor= 0.04, stepLimitType: 1, latDisplacement: 1
      ===== EM models for the G4Region  DefaultRegionForTheWorld ======
            UrbanMsc :  Emin=        0 eV    Emax=      100 MeV  Table with 42 bins Emin=    100 eV    Emax=    100 MeV
        WentzelVIUni :  Emin=      100 MeV   Emax=      100 TeV  Table with 42 bins Emin=    100 MeV   Emax=    100 TeV

eIoni:   for  e+    SubType= 2
      dE/dx and range tables from 100 eV  to 100 TeV in 84 bins
      Lambda tables from threshold to 100 TeV, 7 bins per decade, spline: 1
      finalRange(mm)= 1, dRoverRange= 0.2, integral: 1, fluct: 1, linLossLimit= 0.01
      ===== EM models for the G4Region  DefaultRegionForTheWorld ======
        MollerBhabha :  Emin=        0 eV    Emax=      100 TeV

eBrem:   for  e+    SubType= 3
      dE/dx and range tables from 100 eV  to 100 TeV in 84 bins
      Lambda tables from threshold to 100 TeV, 7 bins per decade, spline: 1
      LPM flag: 1 for E > 1 GeV,  VertexHighEnergyTh(GeV)= 100000
      ===== EM models for the G4Region  DefaultRegionForTheWorld ======
             eBremSB :  Emin=        0 eV    Emax=        1 GeV   DipBustGen
            eBremLPM :  Emin=        1 GeV   Emax=      100 TeV   DipBustGen

annihil:   for  e+, integral: 1     SubType= 5  BuildTable= 0
      ===== EM models for the G4Region  DefaultRegionForTheWorld ======
            eplus2gg :  Emin=        0 eV    Emax=      100 TeV

CoulombScat:   for  e+, integral: 1     SubType= 1  BuildTable= 1
      Lambda table from 100 MeV to 100 TeV, 7 bins per decade, spline: 1
      ThetaMin(p) < Theta(degree) < 180; pLimit(GeV^1)= 0.139531
      ===== EM models for the G4Region  DefaultRegionForTheWorld ======
  eCoulombScattering :  Emin=      100 MeV   Emax=      100 TeV

msc:   for proton    SubType= 10
      RangeFactor= 0.2, stepLimitType: 0, latDisplacement: 0
      ===== EM models for the G4Region  DefaultRegionForTheWorld ======
        WentzelVIUni :  Emin=        0 eV    Emax=      100 TeV  Table with 84 bins Emin=    100 eV    Emax=    100 TeV

hIoni:   for  proton    SubType= 2
      dE/dx and range tables from 100 eV  to 100 TeV in 84 bins
      Lambda tables from threshold to 100 TeV, 7 bins per decade, spline: 1
      finalRange(mm)= 0.1, dRoverRange= 0.2, integral: 1, fluct: 1, linLossLimit= 0.01
      ===== EM models for the G4Region  DefaultRegionForTheWorld ======
               Bragg :  Emin=        0 eV    Emax=        2 MeV
          BetheBloch :  Emin=        2 MeV   Emax=      100 TeV

hBrems:   for  proton    SubType= 3
      dE/dx and range tables from 100 eV  to 100 TeV in 84 bins
      Lambda tables from threshold to 100 TeV, 7 bins per decade, spline: 1
      ===== EM models for the G4Region  DefaultRegionForTheWorld ======
               hBrem :  Emin=        0 eV    Emax=      100 TeV

hPairProd:   for  proton    SubType= 4
      dE/dx and range tables from 100 eV  to 100 TeV in 84 bins
      Lambda tables from threshold to 100 TeV, 7 bins per decade, spline: 1
      Sampling table 17x1001; from 7.50618 GeV to 100 TeV 
      ===== EM models for the G4Region  DefaultRegionForTheWorld ======
           hPairProd :  Emin=        0 eV    Emax=      100 TeV

CoulombScat:   for  proton, integral: 1     SubType= 1  BuildTable= 1
      Lambda table from threshold  to 100 TeV, 7 bins per decade, spline: 1
      ThetaMin(p) < Theta(degree) < 180; pLimit(GeV^1)= 0.139531
      ===== EM models for the G4Region  DefaultRegionForTheWorld ======
  eCoulombScattering :  Emin=        0 eV    Emax=      100 TeV

msc:   for GenericIon    SubType= 10
      RangeFactor= 0.2, stepLimitType: 0, latDisplacement: 0
      ===== EM models for the G4Region  DefaultRegionForTheWorld ======
            UrbanMsc :  Emin=        0 eV    Emax=      100 TeV

ionIoni:   for  GenericIon    SubType= 2
      dE/dx and range tables from 100 eV  to 100 TeV in 84 bins
      Lambda tables from threshold to 100 TeV, 7 bins per decade, spline: 1
      finalRange(mm)= 0.1, dRoverRange= 0.2, integral: 1, fluct: 1, linLossLimit= 0.02
      Stopping Power data for 17 ion/material pairs 
      ===== EM models for the G4Region  DefaultRegionForTheWorld ======
            BraggIon :  Emin=        0 eV    Emax=        2 MeV
          BetheBloch :  Emin=        2 MeV   Emax=      100 TeV
=======================================================================
======       Radioactive Decay Physics Parameters              ========
=======================================================================
Max life time                                     1.4427e+06 ps
Internal e- conversion flag                       1
Stored internal conversion coefficients           1
Enable correlated gamma emission                  0
Max 2J for sampling of angular correlations       10
Atomic de-excitation enabled                      1
Auger electron emission enabled                   1
Auger cascade enabled                             1
Check EM cuts disabled for atomic de-excitation   0
Use Bearden atomic level energies                 0
=======================================================================

msc:   for alpha    SubType= 10
      RangeFactor= 0.2, stepLimitType: 0, latDisplacement: 0
      ===== EM models for the G4Region  DefaultRegionForTheWorld ======
            UrbanMsc :  Emin=        0 eV    Emax=      100 TeV  Table with 84 bins Emin=    100 eV    Emax=    100 TeV

ionIoni:   for  alpha    SubType= 2
      dE/dx and range tables from 100 eV  to 100 TeV in 84 bins
      Lambda tables from threshold to 100 TeV, 7 bins per decade, spline: 1
      finalRange(mm)= 0.1, dRoverRange= 0.2, integral: 1, fluct: 1, linLossLimit= 0.02
      ===== EM models for the G4Region  DefaultRegionForTheWorld ======
            BraggIon :  Emin=        0 eV    Emax=   7.9452 MeV
          BetheBloch :  Emin=   7.9452 MeV   Emax=      100 TeV

msc:   for anti_proton    SubType= 10
      RangeFactor= 0.2, stepLimitType: 0, latDisplacement: 0
      ===== EM models for the G4Region  DefaultRegionForTheWorld ======
        WentzelVIUni :  Emin=        0 eV    Emax=      100 TeV  Table with 84 bins Emin=    100 eV    Emax=    100 TeV

hIoni:   for  anti_proton    SubType= 2
      dE/dx and range tables from 100 eV  to 100 TeV in 84 bins
      Lambda tables from threshold to 100 TeV, 7 bins per decade, spline: 1
      finalRange(mm)= 0.1, dRoverRange= 0.2, integral: 1, fluct: 1, linLossLimit= 0.01
      ===== EM models for the G4Region  DefaultRegionForTheWorld ======
            ICRU73QO :  Emin=        0 eV    Emax=        2 MeV
          BetheBloch :  Emin=        2 MeV   Emax=      100 TeV

hBrems:   for  anti_proton    SubType= 3
      dE/dx and range tables from 100 eV  to 100 TeV in 84 bins
      Lambda tables from threshold to 100 TeV, 7 bins per decade, spline: 1
      ===== EM models for the G4Region  DefaultRegionForTheWorld ======
               hBrem :  Emin=        0 eV    Emax=      100 TeV

hPairProd:   for  anti_proton    SubType= 4
      dE/dx and range tables from 100 eV  to 100 TeV in 84 bins
      Lambda tables from threshold to 100 TeV, 7 bins per decade, spline: 1
      Sampling table 17x1001; from 7.50618 GeV to 100 TeV 
      ===== EM models for the G4Region  DefaultRegionForTheWorld ======
           hPairProd :  Emin=        0 eV    Emax=      100 TeV

CoulombScat:   for  anti_proton, integral: 1     SubType= 1  BuildTable= 1
      Lambda table from threshold  to 100 TeV, 7 bins per decade, spline: 1
      ThetaMin(p) < Theta(degree) < 180; pLimit(GeV^1)= 0.139531
      ===== EM models for the G4Region  DefaultRegionForTheWorld ======
  eCoulombScattering :  Emin=        0 eV    Emax=      100 TeV

msc:   for kaon+    SubType= 10
      RangeFactor= 0.2, stepLimitType: 0, latDisplacement: 0
      ===== EM models for the G4Region  DefaultRegionForTheWorld ======
        WentzelVIUni :  Emin=        0 eV    Emax=      100 TeV  Table with 84 bins Emin=    100 eV    Emax=    100 TeV

hIoni:   for  kaon+    SubType= 2
      dE/dx and range tables from 100 eV  to 100 TeV in 84 bins
      Lambda tables from threshold to 100 TeV, 7 bins per decade, spline: 1
      finalRange(mm)= 0.1, dRoverRange= 0.2, integral: 1, fluct: 1, linLossLimit= 0.01
      ===== EM models for the G4Region  DefaultRegionForTheWorld ======
               Bragg :  Emin=        0 eV    Emax=  1.05231 MeV
          BetheBloch :  Emin=  1.05231 MeV   Emax=      100 TeV

hBrems:   for  kaon+    SubType= 3
      dE/dx and range tables from 100 eV  to 100 TeV in 84 bins
      Lambda tables from threshold to 100 TeV, 7 bins per decade, spline: 1
      ===== EM models for the G4Region  DefaultRegionForTheWorld ======
               hBrem :  Emin=        0 eV    Emax=      100 TeV

hPairProd:   for  kaon+    SubType= 4
      dE/dx and range tables from 100 eV  to 100 TeV in 84 bins
      Lambda tables from threshold to 100 TeV, 7 bins per decade, spline: 1
      Sampling table 18x1001; from 3.94942 GeV to 100 TeV 
      ===== EM models for the G4Region  DefaultRegionForTheWorld ======
           hPairProd :  Emin=        0 eV    Emax=      100 TeV

CoulombScat:   for  kaon+, integral: 1     SubType= 1  BuildTable= 1
      Lambda table from threshold  to 100 TeV, 7 bins per decade, spline: 1
      ThetaMin(p) < Theta(degree) < 180; pLimit(GeV^1)= 0.139531
      ===== EM models for the G4Region  DefaultRegionForTheWorld ======
  eCoulombScattering :  Emin=        0 eV    Emax=      100 TeV

msc:   for kaon-    SubType= 10
      RangeFactor= 0.2, stepLimitType: 0, latDisplacement: 0
      ===== EM models for the G4Region  DefaultRegionForTheWorld ======
        WentzelVIUni :  Emin=        0 eV    Emax=      100 TeV  Table with 84 bins Emin=    100 eV    Emax=    100 TeV

hIoni:   for  kaon-    SubType= 2
      dE/dx and range tables from 100 eV  to 100 TeV in 84 bins
      Lambda tables from threshold to 100 TeV, 7 bins per decade, spline: 1
      finalRange(mm)= 0.1, dRoverRange= 0.2, integral: 1, fluct: 1, linLossLimit= 0.01
      ===== EM models for the G4Region  DefaultRegionForTheWorld ======
            ICRU73QO :  Emin=        0 eV    Emax=  1.05231 MeV
          BetheBloch :  Emin=  1.05231 MeV   Emax=      100 TeV

hBrems:   for  kaon-    SubType= 3
      dE/dx and range tables from 100 eV  to 100 TeV in 84 bins
      Lambda tables from threshold to 100 TeV, 7 bins per decade, spline: 1
      ===== EM models for the G4Region  DefaultRegionForTheWorld ======
               hBrem :  Emin=        0 eV    Emax=      100 TeV

hPairProd:   for  kaon-    SubType= 4
      dE/dx and range tables from 100 eV  to 100 TeV in 84 bins
      Lambda tables from threshold to 100 TeV, 7 bins per decade, spline: 1
      Sampling table 18x1001; from 3.94942 GeV to 100 TeV 
      ===== EM models for the G4Region  DefaultRegionForTheWorld ======
           hPairProd :  Emin=        0 eV    Emax=      100 TeV

CoulombScat:   for  kaon-, integral: 1     SubType= 1  BuildTable= 1
      Used Lambda table of kaon+
      ThetaMin(p) < Theta(degree) < 180; pLimit(GeV^1)= 0.139531
      ===== EM models for the G4Region  DefaultRegionForTheWorld ======
  eCoulombScattering :  Emin=        0 eV    Emax=      100 TeV

msc:   for mu+    SubType= 10
      RangeFactor= 0.2, step limit type: 0, lateralDisplacement: 0, polarAngleLimit(deg)= 180
      ===== EM models for the G4Region  DefaultRegionForTheWorld ======
        WentzelVIUni :  Emin=        0 eV    Emax=      100 TeV  Table with 84 bins Emin=    100 eV    Emax=    100 TeV

muIoni:   for  mu+    SubType= 2
      dE/dx and range tables from 100 eV  to 100 TeV in 84 bins
      Lambda tables from threshold to 100 TeV, 7 bins per decade, spline: 1
      finalRange(mm)= 0.1, dRoverRange= 0.2, integral: 1, fluct: 1, linLossLimit= 0.01
      ===== EM models for the G4Region  DefaultRegionForTheWorld ======
               Bragg :  Emin=        0 eV    Emax=      200 keV
          BetheBloch :  Emin=      200 keV   Emax=        1 GeV
        MuBetheBloch :  Emin=        1 GeV   Emax=      100 TeV

muBrems:   for  mu+    SubType= 3
      dE/dx and range tables from 100 eV  to 100 TeV in 84 bins
      Lambda tables from threshold to 100 TeV, 7 bins per decade, spline: 1
      ===== EM models for the G4Region  DefaultRegionForTheWorld ======
              MuBrem :  Emin=        0 eV    Emax=      100 TeV

muPairProd:   for  mu+    SubType= 4
      dE/dx and range tables from 100 eV  to 100 TeV in 84 bins
      Lambda tables from threshold to 100 TeV, 7 bins per decade, spline: 1
      Sampling table 21x1001; from 1 GeV to 100 TeV 
      ===== EM models for the G4Region  DefaultRegionForTheWorld ======
          muPairProd :  Emin=        0 eV    Emax=      100 TeV

CoulombScat:   for  mu+, integral: 1     SubType= 1  BuildTable= 1
      Lambda table from threshold  to 100 TeV, 7 bins per decade, spline: 1
      ThetaMin(p) < Theta(degree) < 180; pLimit(GeV^1)= 0.139531
      ===== EM models for the G4Region  DefaultRegionForTheWorld ======
  eCoulombScattering :  Emin=        0 eV    Emax=      100 TeV

msc:   for mu-    SubType= 10
      RangeFactor= 0.2, step limit type: 0, lateralDisplacement: 0, polarAngleLimit(deg)= 180
      ===== EM models for the G4Region  DefaultRegionForTheWorld ======
        WentzelVIUni :  Emin=        0 eV    Emax=      100 TeV  Table with 84 bins Emin=    100 eV    Emax=    100 TeV

muIoni:   for  mu-    SubType= 2
      dE/dx and range tables from 100 eV  to 100 TeV in 84 bins
      Lambda tables from threshold to 100 TeV, 7 bins per decade, spline: 1
      finalRange(mm)= 0.1, dRoverRange= 0.2, integral: 1, fluct: 1, linLossLimit= 0.01
      ===== EM models for the G4Region  DefaultRegionForTheWorld ======
            ICRU73QO :  Emin=        0 eV    Emax=      200 keV
          BetheBloch :  Emin=      200 keV   Emax=        1 GeV
        MuBetheBloch :  Emin=        1 GeV   Emax=      100 TeV

muBrems:   for  mu-    SubType= 3
      dE/dx and range tables from 100 eV  to 100 TeV in 84 bins
      Lambda tables from threshold to 100 TeV, 7 bins per decade, spline: 1
      ===== EM models for the G4Region  DefaultRegionForTheWorld ======
              MuBrem :  Emin=        0 eV    Emax=      100 TeV

muPairProd:   for  mu-    SubType= 4
      dE/dx and range tables from 100 eV  to 100 TeV in 84 bins
      Lambda tables from threshold to 100 TeV, 7 bins per decade, spline: 1
      Sampling table 21x1001; from 1 GeV to 100 TeV 
      ===== EM models for the G4Region  DefaultRegionForTheWorld ======
          muPairProd :  Emin=        0 eV    Emax=      100 TeV

CoulombScat:   for  mu-, integral: 1     SubType= 1  BuildTable= 1
      Used Lambda table of mu+
      ThetaMin(p) < Theta(degree) < 180; pLimit(GeV^1)= 0.139531
      ===== EM models for the G4Region  DefaultRegionForTheWorld ======
  eCoulombScattering :  Emin=        0 eV    Emax=      100 TeV
NeutronHP: /Capture file for Z = 8, A = 18 is not found and NeutronHP will use /usr/local/share/Geant4-10.4.1/data/G4NDL4.5/Capture/CrossSection/8_17_Oxygen
NeutronHP: /Elastic file for Z = 8, A = 18 is not found and NeutronHP will use /usr/local/share/Geant4-10.4.1/data/G4NDL4.5/Elastic/CrossSection/8_17_Oxygen
NeutronHP: /Inelastic file for Z = 8, A = 18 is not found and NeutronHP will use /usr/local/share/Geant4-10.4.1/data/G4NDL4.5/Inelastic/CrossSection/8_17_Oxygen
NeutronHP: /Capture file for Z = 6, A = 12 is not found and NeutronHP will use /usr/local/share/Geant4-10.4.1/data/G4NDL4.5/Capture/CrossSection/6_nat_Carbon
NeutronHP: /Elastic file for Z = 6, A = 12 is not found and NeutronHP will use /usr/local/share/Geant4-10.4.1/data/G4NDL4.5/Elastic/CrossSection/6_nat_Carbon
NeutronHP: /Inelastic file for Z = 6, A = 12 is not found and NeutronHP will use /usr/local/share/Geant4-10.4.1/data/G4NDL4.5/Inelastic/CrossSection/6_nat_Carbon
NeutronHP: /Capture file for Z = 6, A = 13 is not found and NeutronHP will use /usr/local/share/Geant4-10.4.1/data/G4NDL4.5/Capture/CrossSection/6_nat_Carbon
NeutronHP: /Elastic file for Z = 6, A = 13 is not found and NeutronHP will use /usr/local/share/Geant4-10.4.1/data/G4NDL4.5/Elastic/CrossSection/6_nat_Carbon
NeutronHP: /Inelastic file for Z = 6, A = 13 is not found and NeutronHP will use /usr/local/share/Geant4-10.4.1/data/G4NDL4.5/Inelastic/CrossSection/6_nat_Carbon
NeutronHP: /Elastic file for Z = 8, A = 18 is not found and NeutronHP will use /usr/local/share/Geant4-10.4.1/data/G4NDL4.5/Elastic/CrossSection/8_17_Oxygen
NeutronHP: /Elastic file for Z = 6, A = 12 is not found and NeutronHP will use /usr/local/share/Geant4-10.4.1/data/G4NDL4.5/Elastic/CrossSection/6_nat_Carbon
NeutronHP: /Elastic file for Z = 6, A = 13 is not found and NeutronHP will use /usr/local/share/Geant4-10.4.1/data/G4NDL4.5/Elastic/CrossSection/6_nat_Carbon
@@@ G4ParticleHPInelastic instantiated for particle neutron data directory variable is G4NEUTRONHPDATA pointing to /usr/local/share/Geant4-10.4.1/data/G4NDL4.5/Inelastic
NeutronHP: /Capture file for Z = 8, A = 18 is not found and NeutronHP will use /usr/local/share/Geant4-10.4.1/data/G4NDL4.5/Capture/CrossSection/8_17_Oxygen
NeutronHP: /Capture file for Z = 6, A = 12 is not found and NeutronHP will use /usr/local/share/Geant4-10.4.1/data/G4NDL4.5/Capture/CrossSection/6_nat_Carbon
NeutronHP: /Capture file for Z = 6, A = 13 is not found and NeutronHP will use /usr/local/share/Geant4-10.4.1/data/G4NDL4.5/Capture/CrossSection/6_nat_Carbon

msc:   for pi+    SubType= 10
      RangeFactor= 0.2, stepLimitType: 0, latDisplacement: 0
      ===== EM models for the G4Region  DefaultRegionForTheWorld ======
        WentzelVIUni :  Emin=        0 eV    Emax=      100 TeV  Table with 84 bins Emin=    100 eV    Emax=    100 TeV

hIoni:   for  pi+    SubType= 2
      dE/dx and range tables from 100 eV  to 100 TeV in 84 bins
      Lambda tables from threshold to 100 TeV, 7 bins per decade, spline: 1
      finalRange(mm)= 0.1, dRoverRange= 0.2, integral: 1, fluct: 1, linLossLimit= 0.01
      ===== EM models for the G4Region  DefaultRegionForTheWorld ======
               Bragg :  Emin=        0 eV    Emax=  297.505 keV
          BetheBloch :  Emin=  297.505 keV   Emax=      100 TeV

hBrems:   for  pi+    SubType= 3
      dE/dx and range tables from 100 eV  to 100 TeV in 84 bins
      Lambda tables from threshold to 100 TeV, 7 bins per decade, spline: 1
      ===== EM models for the G4Region  DefaultRegionForTheWorld ======
               hBrem :  Emin=        0 eV    Emax=      100 TeV

hPairProd:   for  pi+    SubType= 4
      dE/dx and range tables from 100 eV  to 100 TeV in 84 bins
      Lambda tables from threshold to 100 TeV, 7 bins per decade, spline: 1
      Sampling table 20x1001; from 1.11656 GeV to 100 TeV 
      ===== EM models for the G4Region  DefaultRegionForTheWorld ======
           hPairProd :  Emin=        0 eV    Emax=      100 TeV

CoulombScat:   for  pi+, integral: 1     SubType= 1  BuildTable= 1
      Lambda table from threshold  to 100 TeV, 7 bins per decade, spline: 1
      ThetaMin(p) < Theta(degree) < 180; pLimit(GeV^1)= 0.139531
      ===== EM models for the G4Region  DefaultRegionForTheWorld ======
  eCoulombScattering :  Emin=        0 eV    Emax=      100 TeV

msc:   for pi-    SubType= 10
      RangeFactor= 0.2, stepLimitType: 0, latDisplacement: 0
      ===== EM models for the G4Region  DefaultRegionForTheWorld ======
        WentzelVIUni :  Emin=        0 eV    Emax=      100 TeV  Table with 84 bins Emin=    100 eV    Emax=    100 TeV

hIoni:   for  pi-    SubType= 2
      dE/dx and range tables from 100 eV  to 100 TeV in 84 bins
      Lambda tables from threshold to 100 TeV, 7 bins per decade, spline: 1
      finalRange(mm)= 0.1, dRoverRange= 0.2, integral: 1, fluct: 1, linLossLimit= 0.01
      ===== EM models for the G4Region  DefaultRegionForTheWorld ======
            ICRU73QO :  Emin=        0 eV    Emax=  297.505 keV
          BetheBloch :  Emin=  297.505 keV   Emax=      100 TeV

hBrems:   for  pi-    SubType= 3
      dE/dx and range tables from 100 eV  to 100 TeV in 84 bins
      Lambda tables from threshold to 100 TeV, 7 bins per decade, spline: 1
      ===== EM models for the G4Region  DefaultRegionForTheWorld ======
               hBrem :  Emin=        0 eV    Emax=      100 TeV

hPairProd:   for  pi-    SubType= 4
      dE/dx and range tables from 100 eV  to 100 TeV in 84 bins
      Lambda tables from threshold to 100 TeV, 7 bins per decade, spline: 1
      Sampling table 20x1001; from 1.11656 GeV to 100 TeV 
      ===== EM models for the G4Region  DefaultRegionForTheWorld ======
           hPairProd :  Emin=        0 eV    Emax=      100 TeV

CoulombScat:   for  pi-, integral: 1     SubType= 1  BuildTable= 1
      Used Lambda table of pi+
      ThetaMin(p) < Theta(degree) < 180; pLimit(GeV^1)= 0.139531
      ===== EM models for the G4Region  DefaultRegionForTheWorld ======
  eCoulombScattering :  Emin=        0 eV    Emax=      100 TeV

====================================================================
                  HADRONIC PROCESSES SUMMARY (verbose level 1)

---------------------------------------------------
                           Hadronic Processes for GenericIon

  Process: ionInelastic
        Model:  Binary Light Ion Cascade: 0 eV /n ---> 110 MeV/n
        Model:                  QMDModel: 100 MeV/n ---> 10 GeV/n
        Model:                      FTFP: 9.99 GeV/n ---> 1 TeV/n
     Cr_sctns: Glauber-Gribov nucleus nucleus: 0 eV  ---> 2.88022e+295 J  
     Cr_sctns:          GheishaInelastic: 0 eV  ---> 100 TeV

  Process: ionElastic
        Model:          NNDiffuseElastic: 0 eV /n ---> 1 TeV/n
     Cr_sctns: Glauber-Gribov nucleus nucleus: 0 eV  ---> 2.88022e+295 J  
     Cr_sctns:            GheishaElastic: 0 eV  ---> 100 TeV

---------------------------------------------------
                           Hadronic Processes for He3

  Process: hadElastic
        Model:              hElasticLHEP: 0 eV /n ---> 100 TeV/n
     Cr_sctns: Glauber-Gribov nucleus nucleus: 0 eV  ---> 2.88022e+295 J  
     Cr_sctns:            GheishaElastic: 0 eV  ---> 100 TeV

  Process: He3Inelastic
        Model:  Binary Light Ion Cascade: 0 eV /n ---> 110 MeV/n
        Model:                  QMDModel: 100 MeV/n ---> 10 GeV/n
        Model:                      FTFP: 9.99 GeV/n ---> 1 TeV/n
     Cr_sctns: Glauber-Gribov nucleus nucleus: 0 eV  ---> 2.88022e+295 J  
     Cr_sctns:          GheishaInelastic: 0 eV  ---> 100 TeV

---------------------------------------------------
                           Hadronic Processes for alpha

  Process: hadElastic
        Model:              hElasticLHEP: 0 eV /n ---> 100 TeV/n
     Cr_sctns:            GheishaElastic: 0 eV  ---> 100 TeV

  Process: alphaInelastic
        Model:  Binary Light Ion Cascade: 0 eV /n ---> 110 MeV/n
        Model:                  QMDModel: 100 MeV/n ---> 10 GeV/n
        Model:                      FTFP: 9.99 GeV/n ---> 1 TeV/n
     Cr_sctns: Glauber-Gribov nucleus nucleus: 0 eV  ---> 2.88022e+295 J  
     Cr_sctns:          GheishaInelastic: 0 eV  ---> 100 TeV

---------------------------------------------------
                           Hadronic Processes for anti_He3

  Process: hadElastic
        Model:              hElasticLHEP: 0 eV /n ---> 100.1 MeV/n
        Model:              AntiAElastic: 100 MeV/n ---> 100 TeV/n
     Cr_sctns:              AntiAGlauber: 0 eV  ---> 2.88022e+295 J  
     Cr_sctns:            GheishaElastic: 0 eV  ---> 100 TeV

  Process: anti_He3Inelastic
        Model:                      FTFP: 0 eV /n ---> 100 TeV/n
     Cr_sctns:              AntiAGlauber: 0 eV  ---> 2.88022e+295 J  
     Cr_sctns:          GheishaInelastic: 0 eV  ---> 100 TeV

  Process: hFritiofCaptureAtRest

---------------------------------------------------
                           Hadronic Processes for anti_alpha

  Process: hadElastic
        Model:              hElasticLHEP: 0 eV /n ---> 100.1 MeV/n
        Model:              AntiAElastic: 100 MeV/n ---> 100 TeV/n
     Cr_sctns:              AntiAGlauber: 0 eV  ---> 2.88022e+295 J  
     Cr_sctns:            GheishaElastic: 0 eV  ---> 100 TeV

  Process: anti_alphaInelastic
        Model:                      FTFP: 0 eV /n ---> 100 TeV/n
     Cr_sctns:              AntiAGlauber: 0 eV  ---> 2.88022e+295 J  
     Cr_sctns:          GheishaInelastic: 0 eV  ---> 100 TeV

  Process: hFritiofCaptureAtRest

---------------------------------------------------
                           Hadronic Processes for anti_deuteron

  Process: hadElastic
        Model:              hElasticLHEP: 0 eV /n ---> 100.1 MeV/n
        Model:              AntiAElastic: 100 MeV/n ---> 100 TeV/n
     Cr_sctns:              AntiAGlauber: 0 eV  ---> 2.88022e+295 J  
     Cr_sctns:            GheishaElastic: 0 eV  ---> 100 TeV

  Process: anti_deuteronInelastic
        Model:                      FTFP: 0 eV /n ---> 100 TeV/n
     Cr_sctns:              AntiAGlauber: 0 eV  ---> 2.88022e+295 J  
     Cr_sctns:          GheishaInelastic: 0 eV  ---> 100 TeV

  Process: hFritiofCaptureAtRest

---------------------------------------------------
                           Hadronic Processes for anti_neutron

  Process: hadElastic
        Model:              hElasticLHEP: 0 eV  ---> 100 TeV
     Cr_sctns:            GheishaElastic: 0 eV  ---> 100 TeV

  Process: anti_neutronInelastic
        Model:                      FTFP: 0 eV  ---> 100 TeV
     Cr_sctns:              AntiAGlauber: 0 eV  ---> 2.88022e+295 J  
     Cr_sctns:          GheishaInelastic: 0 eV  ---> 100 TeV

---------------------------------------------------
                           Hadronic Processes for anti_proton

  Process: hadElastic
        Model:              hElasticLHEP: 0 eV  ---> 100.1 MeV
        Model:              AntiAElastic: 100 MeV ---> 100 TeV
     Cr_sctns:              AntiAGlauber: 0 eV  ---> 2.88022e+295 J  
     Cr_sctns:            GheishaElastic: 0 eV  ---> 100 TeV

  Process: anti_protonInelastic
        Model:                      FTFP: 0 eV  ---> 100 TeV
     Cr_sctns:              AntiAGlauber: 0 eV  ---> 2.88022e+295 J  
     Cr_sctns:          GheishaInelastic: 0 eV  ---> 100 TeV

  Process: hFritiofCaptureAtRest

---------------------------------------------------
                           Hadronic Processes for anti_triton

  Process: hadElastic
        Model:              hElasticLHEP: 0 eV /n ---> 100.1 MeV/n
        Model:              AntiAElastic: 100 MeV/n ---> 100 TeV/n
     Cr_sctns:              AntiAGlauber: 0 eV  ---> 2.88022e+295 J  
     Cr_sctns:            GheishaElastic: 0 eV  ---> 100 TeV

  Process: anti_tritonInelastic
        Model:                      FTFP: 0 eV /n ---> 100 TeV/n
     Cr_sctns:              AntiAGlauber: 0 eV  ---> 2.88022e+295 J  
     Cr_sctns:          GheishaInelastic: 0 eV  ---> 100 TeV

  Process: hFritiofCaptureAtRest

---------------------------------------------------
                           Hadronic Processes for deuteron

  Process: hadElastic
        Model:              hElasticLHEP: 0 eV /n ---> 100 TeV/n
     Cr_sctns:            GheishaElastic: 0 eV  ---> 100 TeV

  Process: dInelastic
        Model:  Binary Light Ion Cascade: 0 eV /n ---> 110 MeV/n
        Model:                  QMDModel: 100 MeV/n ---> 10 GeV/n
        Model:                      FTFP: 9.99 GeV/n ---> 1 TeV/n
     Cr_sctns: Glauber-Gribov nucleus nucleus: 0 eV  ---> 2.88022e+295 J  
     Cr_sctns:          GheishaInelastic: 0 eV  ---> 100 TeV

---------------------------------------------------
                           Hadronic Processes for e+

  Process: positronNuclear
        Model:   G4ElectroVDNuclearModel: 0 eV  ---> 1 PeV
     Cr_sctns:          ElectroNuclearXS: 0 eV  ---> 100 TeV
     Cr_sctns:          GheishaInelastic: 0 eV  ---> 100 TeV

---------------------------------------------------
                           Hadronic Processes for e-

  Process: electronNuclear
        Model:   G4ElectroVDNuclearModel: 0 eV  ---> 1 PeV
     Cr_sctns:          ElectroNuclearXS: 0 eV  ---> 100 TeV
     Cr_sctns:          GheishaInelastic: 0 eV  ---> 100 TeV

---------------------------------------------------
                           Hadronic Processes for gamma

  Process: photonNuclear
        Model:            BertiniCascade: 0 eV  ---> 3.5 GeV
        Model:           TheoFSGenerator: 3 GeV ---> 100 TeV
     Cr_sctns:            PhotoNuclearXS: 0 eV  ---> 100 TeV
     Cr_sctns:          GheishaInelastic: 0 eV  ---> 100 TeV

---------------------------------------------------
                           Hadronic Processes for kaon+

  Process: hadElastic
        Model:              hElasticLHEP: 0 eV  ---> 100 TeV
     Cr_sctns:            Glauber-Gribov: 0 eV  ---> 2.88022e+295 J  
     Cr_sctns:            GheishaElastic: 0 eV  ---> 100 TeV

  Process: kaon+Inelastic
        Model:                      FTFP: 4 GeV ---> 100 TeV
        Model:            BertiniCascade: 0 eV  ---> 5 GeV
     Cr_sctns:            Glauber-Gribov: 0 eV  ---> 2.88022e+295 J  
     Cr_sctns:          GheishaInelastic: 0 eV  ---> 100 TeV

---------------------------------------------------
                           Hadronic Processes for kaon-

  Process: hadElastic
        Model:              hElasticLHEP: 0 eV  ---> 100 TeV
     Cr_sctns:            Glauber-Gribov: 0 eV  ---> 2.88022e+295 J  
     Cr_sctns:            GheishaElastic: 0 eV  ---> 100 TeV

  Process: kaon-Inelastic
        Model:                      FTFP: 4 GeV ---> 100 TeV
        Model:            BertiniCascade: 0 eV  ---> 5 GeV
     Cr_sctns:            Glauber-Gribov: 0 eV  ---> 2.88022e+295 J  
     Cr_sctns:          GheishaInelastic: 0 eV  ---> 100 TeV

  Process: hBertiniCaptureAtRest

---------------------------------------------------
                           Hadronic Processes for lambda

  Process: hadElastic
        Model:              hElasticLHEP: 0 eV  ---> 100 TeV
     Cr_sctns:            GheishaElastic: 0 eV  ---> 100 TeV

  Process: lambdaInelastic
        Model:            BertiniCascade: 0 eV  ---> 6 GeV
        Model:                      FTFP: 2 GeV ---> 100 TeV
     Cr_sctns:   ChipsHyperonInelasticXS: 0 eV  ---> 100 TeV
     Cr_sctns:          GheishaInelastic: 0 eV  ---> 100 TeV

---------------------------------------------------
                           Hadronic Processes for mu+

  Process: muonNuclear
        Model:      G4MuonVDNuclearModel: 0 eV  ---> 1 PeV
     Cr_sctns:     KokoulinMuonNuclearXS: 0 eV  ---> 100 TeV

---------------------------------------------------
                           Hadronic Processes for mu-

  Process: muonNuclear
        Model:      G4MuonVDNuclearModel: 0 eV  ---> 1 PeV
     Cr_sctns:     KokoulinMuonNuclearXS: 0 eV  ---> 100 TeV

  Process: muMinusCaptureAtRest

---------------------------------------------------
                           Hadronic Processes for neutron

  Process: hadElastic
        Model:             hElasticCHIPS: 19.5 MeV ---> 100 TeV
        Model:          NeutronHPElastic: 0 eV  ---> 20 MeV
     Cr_sctns:        NeutronHPElasticXS: 0 eV  ---> 20 MeV
     Cr_sctns:        G4NeutronElasticXS: 0 eV  ---> 100 TeV
     Cr_sctns:            GheishaElastic: 0 eV  ---> 100 TeV

  Process: neutronInelastic
        Model:                      FTFP: 4 GeV ---> 100 TeV
        Model:            BertiniCascade: 19.9 MeV ---> 5 GeV
        Model:        NeutronHPInelastic: 0 eV  ---> 20 MeV
     Cr_sctns:      NeutronHPInelasticXS: 0 eV  ---> 20 MeV
     Cr_sctns: JENDLHEInelasticCrossSection: 0 eV  ---> 100 TeV
     Cr_sctns:       Barashenkov-Glauber: 0 eV  ---> 100 TeV
     Cr_sctns:          GheishaInelastic: 0 eV  ---> 100 TeV

  Process: nCapture
        Model:          NeutronHPCapture: 0 eV  ---> 20 MeV
        Model:               nRadCapture: 19.9 MeV ---> 100 TeV
     Cr_sctns:        NeutronHPCaptureXS: 0 eV  ---> 20 MeV
     Cr_sctns:        G4NeutronCaptureXS: 0 eV  ---> 100 TeV
     Cr_sctns:          GheishaCaptureXS: 0 eV  ---> 100 TeV

  Process: nFission
        Model:          NeutronHPFission: 0 eV  ---> 20 MeV
        Model:                G4LFission: 19.9 MeV ---> 2.88022e+295 J  
     Cr_sctns:        NeutronHPFissionXS: 0 eV  ---> 20 MeV
     Cr_sctns:          GheishaFissionXS: 0 eV  ---> 100 TeV

---------------------------------------------------
                           Hadronic Processes for pi+

  Process: hadElastic
        Model:              hElasticLHEP: 0 eV  ---> 1.0001 GeV
        Model:           hElasticGlauber: 1 GeV ---> 100 TeV
     Cr_sctns:       Barashenkov-Glauber: 0 eV  ---> 100 TeV
     Cr_sctns:            GheishaElastic: 0 eV  ---> 100 TeV

  Process: pi+Inelastic
        Model:                      FTFP: 4 GeV ---> 100 TeV
        Model:            BertiniCascade: 0 eV  ---> 5 GeV
     Cr_sctns:      G4CrossSectionPairGG: 0 eV  ---> 100 TeV
                         G4CrossSectionPairGG: G4PiNuclearCrossSection cross sections 
                           below 91 GeV, Glauber-Gribov above 
     Cr_sctns:          GheishaInelastic: 0 eV  ---> 100 TeV

---------------------------------------------------
                           Hadronic Processes for pi-

  Process: hadElastic
        Model:              hElasticLHEP: 0 eV  ---> 1.0001 GeV
        Model:           hElasticGlauber: 1 GeV ---> 100 TeV
     Cr_sctns:       Barashenkov-Glauber: 0 eV  ---> 100 TeV
     Cr_sctns:            GheishaElastic: 0 eV  ---> 100 TeV

  Process: pi-Inelastic
        Model:                      FTFP: 4 GeV ---> 100 TeV
        Model:            BertiniCascade: 0 eV  ---> 5 GeV
     Cr_sctns:      G4CrossSectionPairGG: 0 eV  ---> 100 TeV
                         G4CrossSectionPairGG: G4PiNuclearCrossSection cross sections 
                           below 91 GeV, Glauber-Gribov above 
     Cr_sctns:          GheishaInelastic: 0 eV  ---> 100 TeV

  Process: hBertiniCaptureAtRest

---------------------------------------------------
                           Hadronic Processes for proton

  Process: hadElastic
        Model:             hElasticCHIPS: 0 eV  ---> 100 TeV
     Cr_sctns:      ChipsProtonElasticXS: 0 eV  ---> 100 TeV
     Cr_sctns:            GheishaElastic: 0 eV  ---> 100 TeV

  Process: protonInelastic
        Model:                      FTFP: 4 GeV ---> 100 TeV
        Model:            BertiniCascade: 0 eV  ---> 5 GeV
     Cr_sctns:       Barashenkov-Glauber: 0 eV  ---> 100 TeV
     Cr_sctns:          GheishaInelastic: 0 eV  ---> 100 TeV

---------------------------------------------------
                           Hadronic Processes for triton

  Process: hadElastic
        Model:              hElasticLHEP: 0 eV /n ---> 100 TeV/n
     Cr_sctns:            GheishaElastic: 0 eV  ---> 100 TeV

  Process: tInelastic
        Model:  Binary Light Ion Cascade: 0 eV /n ---> 110 MeV/n
        Model:                  QMDModel: 100 MeV/n ---> 10 GeV/n
        Model:                      FTFP: 9.99 GeV/n ---> 1 TeV/n
     Cr_sctns: Glauber-Gribov nucleus nucleus: 0 eV  ---> 2.88022e+295 J  
     Cr_sctns:          GheishaInelastic: 0 eV  ---> 100 TeV

================================================================
=========================================
ACT: Beginning Run : 0
ANL: Setting up G4Manager
FLX: Registering ShuklaPrimaryFluxProcessor NTuples shukla
=======================================================================
======       Pre-compound/De-excitation Physics Parameters     ========
=======================================================================
Type of pre-compound inverse x-section              3
Pre-compound model active                           1
Pre-compound low energy (MeV)                       0.1
Type of de-excitation inverse x-section             3
Type of de-excitation factory                       Evaporation
Number of de-excitation channels                    8
Min excitation energy (keV)                         0.01
Min energy per nucleon for multifragmentation (MeV) 1e+05
Level density (1/MeV)                               0.1
Time limit for long lived isomeres (ns)             1442.7
Internal e- conversion flag                         1
Store e- internal conversion data                   1
Electron internal conversion ID                     0
Correlated gamma emission flag                      0
Max 2J for sampling of angular correlations         10
=======================================================================
... open Root analysis file : shaft_air_100k_fill0m_tgt180cm_o1200cm.0.0.root - done
RUN: --> Processing Event : 0/100000
RUN: --> Triggers: 0, Exposure : 0.000559763 s
RUN: --> Trigger Rate: 0 +/- 0 s^-1
RUN: --> Processing Event : 1000/100000
RUN: --> Triggers: 1, Exposure : 0.968426 s
RUN: --> Trigger Rate: 1.0326 +/- 1.0326 s^-1
RUN: --> Processing Event : 2000/100000
RUN: --> Triggers: 4, Exposure : 1.93409 s
RUN: --> Trigger Rate: 2.06815 +/- 1.03408 s^-1
RUN: --> Processing Event : 3000/100000
RUN: --> Triggers: 5, Exposure : 2.85912 s
RUN: --> Trigger Rate: 1.74879 +/- 0.782083 s^-1
RUN: --> Processing Event : 4000/100000
RUN: --> Triggers: 7, Exposure : 3.86033 s
RUN: --> Trigger Rate: 1.81331 +/- 0.685368 s^-1
RUN: --> Processing Event : 5000/100000
RUN: --> Triggers: 8, Exposure : 4.87558 s
RUN: --> Trigger Rate: 1.64083 +/- 0.580121 s^-1
RUN: --> Processing Event : 6000/100000
RUN: --> Triggers: 12, Exposure : 5.86761 s
RUN: --> Trigger Rate: 2.04513 +/- 0.590377 s^-1
RUN: --> Processing Event : 7000/100000
RUN: --> Triggers: 13, Exposure : 6.80455 s
RUN: --> Trigger Rate: 1.91049 +/- 0.529874 s^-1
RUN: --> Processing Event : 8000/100000
RUN: --> Triggers: 16, Exposure : 7.78122 s
RUN: --> Trigger Rate: 2.05623 +/- 0.514058 s^-1
RUN: --> Processing Event : 9000/100000
RUN: --> Triggers: 17, Exposure : 8.79653 s
RUN: --> Trigger Rate: 1.93258 +/- 0.468719 s^-1
RUN: --> Processing Event : 10000/100000
RUN: --> Triggers: 18, Exposure : 9.75769 s
RUN: --> Trigger Rate: 1.8447 +/- 0.4348 s^-1
RUN: --> Processing Event : 11000/100000
RUN: --> Triggers: 18, Exposure : 10.7362 s
RUN: --> Trigger Rate: 1.67657 +/- 0.39517 s^-1
RUN: --> Processing Event : 12000/100000
RUN: --> Triggers: 20, Exposure : 11.7093 s
RUN: --> Trigger Rate: 1.70804 +/- 0.381929 s^-1
RUN: --> Processing Event : 13000/100000
RUN: --> Triggers: 22, Exposure : 12.6138 s
RUN: --> Trigger Rate: 1.74412 +/- 0.371848 s^-1
RUN: --> Processing Event : 14000/100000
RUN: --> Triggers: 22, Exposure : 13.5789 s
RUN: --> Trigger Rate: 1.62016 +/- 0.345419 s^-1
RUN: --> Processing Event : 15000/100000
RUN: --> Triggers: 24, Exposure : 14.5557 s
RUN: --> Trigger Rate: 1.64884 +/- 0.336568 s^-1
RUN: --> Processing Event : 16000/100000
RUN: --> Triggers: 24, Exposure : 15.5168 s
RUN: --> Trigger Rate: 1.54671 +/- 0.31572 s^-1
RUN: --> Processing Event : 17000/100000
RUN: --> Triggers: 25, Exposure : 16.4677 s
RUN: --> Trigger Rate: 1.51812 +/- 0.303625 s^-1
RUN: --> Processing Event : 18000/100000
RUN: --> Triggers: 28, Exposure : 17.4338 s
RUN: --> Trigger Rate: 1.60608 +/- 0.303521 s^-1
RUN: --> Processing Event : 19000/100000
RUN: --> Triggers: 28, Exposure : 18.389 s
RUN: --> Trigger Rate: 1.52265 +/- 0.287754 s^-1
RUN: --> Processing Event : 20000/100000
RUN: --> Triggers: 30, Exposure : 19.3432 s
RUN: --> Trigger Rate: 1.55093 +/- 0.28316 s^-1
RUN: --> Processing Event : 21000/100000
RUN: --> Triggers: 30, Exposure : 20.2624 s
RUN: --> Trigger Rate: 1.48057 +/- 0.270315 s^-1
RUN: --> Processing Event : 22000/100000
RUN: --> Triggers: 31, Exposure : 21.2804 s
RUN: --> Trigger Rate: 1.45674 +/- 0.261639 s^-1
RUN: --> Processing Event : 23000/100000
RUN: --> Triggers: 33, Exposure : 22.3043 s
RUN: --> Trigger Rate: 1.47953 +/- 0.257554 s^-1
RUN: --> Processing Event : 24000/100000
RUN: --> Triggers: 34, Exposure : 23.2541 s
RUN: --> Trigger Rate: 1.46211 +/- 0.250749 s^-1
RUN: --> Processing Event : 25000/100000
RUN: --> Triggers: 35, Exposure : 24.2166 s
RUN: --> Trigger Rate: 1.44529 +/- 0.244298 s^-1
RUN: --> Processing Event : 26000/100000
RUN: --> Triggers: 36, Exposure : 25.1935 s
RUN: --> Trigger Rate: 1.42894 +/- 0.238156 s^-1
RUN: --> Processing Event : 27000/100000
RUN: --> Triggers: 37, Exposure : 26.1503 s
RUN: --> Trigger Rate: 1.4149 +/- 0.232608 s^-1
RUN: --> Processing Event : 28000/100000
RUN: --> Triggers: 38, Exposure : 27.1368 s
RUN: --> Trigger Rate: 1.40031 +/- 0.227161 s^-1
RUN: --> Processing Event : 29000/100000
RUN: --> Triggers: 39, Exposure : 28.1466 s
RUN: --> Trigger Rate: 1.3856 +/- 0.221874 s^-1
RUN: --> Processing Event : 30000/100000
RUN: --> Triggers: 42, Exposure : 29.1092 s
RUN: --> Trigger Rate: 1.44284 +/- 0.222635 s^-1
RUN: --> Processing Event : 31000/100000
RUN: --> Triggers: 42, Exposure : 30.1411 s
RUN: --> Trigger Rate: 1.39345 +/- 0.215013 s^-1
RUN: --> Processing Event : 32000/100000
RUN: --> Triggers: 42, Exposure : 31.1561 s
RUN: --> Trigger Rate: 1.34805 +/- 0.208009 s^-1
RUN: --> Processing Event : 33000/100000
RUN: --> Triggers: 42, Exposure : 32.1376 s
RUN: --> Trigger Rate: 1.30688 +/- 0.201656 s^-1
RUN: --> Processing Event : 34000/100000
RUN: --> Triggers: 43, Exposure : 33.1453 s
RUN: --> Trigger Rate: 1.29732 +/- 0.197839 s^-1
RUN: --> Processing Event : 35000/100000
RUN: --> Triggers: 44, Exposure : 34.1362 s
RUN: --> Trigger Rate: 1.28896 +/- 0.194317 s^-1
RUN: --> Processing Event : 36000/100000
RUN: --> Triggers: 47, Exposure : 35.1333 s
RUN: --> Trigger Rate: 1.33776 +/- 0.195132 s^-1
RUN: --> Processing Event : 37000/100000
RUN: --> Triggers: 49, Exposure : 36.1643 s
RUN: --> Trigger Rate: 1.35493 +/- 0.193561 s^-1
RUN: --> Processing Event : 38000/100000
RUN: --> Triggers: 50, Exposure : 37.1014 s
RUN: --> Trigger Rate: 1.34766 +/- 0.190588 s^-1
RUN: --> Processing Event : 39000/100000
RUN: --> Triggers: 50, Exposure : 38.0603 s
RUN: --> Trigger Rate: 1.3137 +/- 0.185786 s^-1
RUN: --> Processing Event : 40000/100000
RUN: --> Triggers: 53, Exposure : 39.0146 s
RUN: --> Trigger Rate: 1.35847 +/- 0.1866 s^-1
RUN: --> Processing Event : 41000/100000
RUN: --> Triggers: 53, Exposure : 39.9715 s
RUN: --> Trigger Rate: 1.32595 +/- 0.182133 s^-1
RUN: --> Processing Event : 42000/100000
RUN: --> Triggers: 53, Exposure : 40.8963 s
RUN: --> Trigger Rate: 1.29596 +/- 0.178014 s^-1
RUN: --> Processing Event : 43000/100000
RUN: --> Triggers: 53, Exposure : 41.8559 s
RUN: --> Trigger Rate: 1.26625 +/- 0.173933 s^-1
RUN: --> Processing Event : 44000/100000
RUN: --> Triggers: 53, Exposure : 42.8279 s
RUN: --> Trigger Rate: 1.23751 +/- 0.169985 s^-1
RUN: --> Processing Event : 45000/100000
RUN: --> Triggers: 54, Exposure : 43.8272 s
RUN: --> Trigger Rate: 1.23211 +/- 0.167669 s^-1
RUN: --> Processing Event : 46000/100000
RUN: --> Triggers: 55, Exposure : 44.7979 s
RUN: --> Trigger Rate: 1.22774 +/- 0.165548 s^-1
RUN: --> Processing Event : 47000/100000
RUN: --> Triggers: 58, Exposure : 45.7865 s
RUN: --> Trigger Rate: 1.26675 +/- 0.166332 s^-1
RUN: --> Processing Event : 48000/100000
RUN: --> Triggers: 59, Exposure : 46.7227 s
RUN: --> Trigger Rate: 1.26277 +/- 0.164399 s^-1
RUN: --> Processing Event : 49000/100000
RUN: --> Triggers: 63, Exposure : 47.6663 s
RUN: --> Trigger Rate: 1.32169 +/- 0.166517 s^-1
RUN: --> Processing Event : 50000/100000
RUN: --> Triggers: 63, Exposure : 48.6225 s
RUN: --> Trigger Rate: 1.2957 +/- 0.163242 s^-1
RUN: --> Processing Event : 51000/100000
RUN: --> Triggers: 64, Exposure : 49.5517 s
RUN: --> Trigger Rate: 1.29158 +/- 0.161448 s^-1
RUN: --> Processing Event : 52000/100000
RUN: --> Triggers: 66, Exposure : 50.524 s
RUN: --> Trigger Rate: 1.30631 +/- 0.160795 s^-1
RUN: --> Processing Event : 53000/100000
RUN: --> Triggers: 68, Exposure : 51.5313 s
RUN: --> Trigger Rate: 1.31959 +/- 0.160023 s^-1
RUN: --> Processing Event : 54000/100000
RUN: --> Triggers: 69, Exposure : 52.4884 s
RUN: --> Trigger Rate: 1.31458 +/- 0.158256 s^-1
RUN: --> Processing Event : 55000/100000
RUN: --> Triggers: 70, Exposure : 53.4404 s
RUN: --> Trigger Rate: 1.30987 +/- 0.156559 s^-1
RUN: --> Processing Event : 56000/100000
RUN: --> Triggers: 70, Exposure : 54.3815 s
RUN: --> Trigger Rate: 1.2872 +/- 0.15385 s^-1
RUN: --> Processing Event : 57000/100000
RUN: --> Triggers: 72, Exposure : 55.3618 s
RUN: --> Trigger Rate: 1.30054 +/- 0.15327 s^-1
RUN: --> Processing Event : 58000/100000
RUN: --> Triggers: 73, Exposure : 56.3171 s
RUN: --> Trigger Rate: 1.29623 +/- 0.151712 s^-1
RUN: --> Processing Event : 59000/100000
RUN: --> Triggers: 74, Exposure : 57.2626 s
RUN: --> Trigger Rate: 1.29229 +/- 0.150226 s^-1
RUN: --> Processing Event : 60000/100000
RUN: --> Triggers: 74, Exposure : 58.2526 s
RUN: --> Trigger Rate: 1.27033 +/- 0.147673 s^-1
RUN: --> Processing Event : 61000/100000
RUN: --> Triggers: 77, Exposure : 59.164 s
RUN: --> Trigger Rate: 1.30147 +/- 0.148316 s^-1
RUN: --> Processing Event : 62000/100000
RUN: --> Triggers: 79, Exposure : 60.1512 s
RUN: --> Trigger Rate: 1.31336 +/- 0.147764 s^-1
RUN: --> Processing Event : 63000/100000
RUN: --> Triggers: 79, Exposure : 61.0992 s
RUN: --> Trigger Rate: 1.29298 +/- 0.145471 s^-1
RUN: --> Processing Event : 64000/100000
RUN: --> Triggers: 81, Exposure : 62.0674 s
RUN: --> Trigger Rate: 1.30503 +/- 0.145004 s^-1
RUN: --> Processing Event : 65000/100000
RUN: --> Triggers: 82, Exposure : 62.9965 s
RUN: --> Trigger Rate: 1.30166 +/- 0.143744 s^-1
RUN: --> Processing Event : 66000/100000
RUN: --> Triggers: 82, Exposure : 63.8998 s
RUN: --> Trigger Rate: 1.28326 +/- 0.141712 s^-1
RUN: --> Processing Event : 67000/100000
RUN: --> Triggers: 83, Exposure : 64.8763 s
RUN: --> Trigger Rate: 1.27936 +/- 0.140428 s^-1
RUN: --> Processing Event : 68000/100000
RUN: --> Triggers: 87, Exposure : 65.8537 s
RUN: --> Trigger Rate: 1.32111 +/- 0.141638 s^-1
RUN: --> Processing Event : 69000/100000
RUN: --> Triggers: 88, Exposure : 66.8334 s
RUN: --> Trigger Rate: 1.31671 +/- 0.140361 s^-1
RUN: --> Processing Event : 70000/100000
RUN: --> Triggers: 90, Exposure : 67.7758 s
RUN: --> Trigger Rate: 1.32791 +/- 0.139974 s^-1
RUN: --> Processing Event : 71000/100000
RUN: --> Triggers: 92, Exposure : 68.6788 s
RUN: --> Trigger Rate: 1.33957 +/- 0.13966 s^-1
RUN: --> Processing Event : 72000/100000
RUN: --> Triggers: 92, Exposure : 69.6696 s
RUN: --> Trigger Rate: 1.32052 +/- 0.137674 s^-1
RUN: --> Processing Event : 73000/100000
RUN: --> Triggers: 92, Exposure : 70.6034 s
RUN: --> Trigger Rate: 1.30305 +/- 0.135853 s^-1
RUN: --> Processing Event : 74000/100000
RUN: --> Triggers: 94, Exposure : 71.5648 s
RUN: --> Trigger Rate: 1.3135 +/- 0.135477 s^-1
RUN: --> Processing Event : 75000/100000
RUN: --> Triggers: 96, Exposure : 72.5329 s
RUN: --> Trigger Rate: 1.32354 +/- 0.135083 s^-1
RUN: --> Processing Event : 76000/100000
RUN: --> Triggers: 98, Exposure : 73.5113 s
RUN: --> Trigger Rate: 1.33313 +/- 0.134666 s^-1
RUN: --> Processing Event : 77000/100000
RUN: --> Triggers: 99, Exposure : 74.4294 s
RUN: --> Trigger Rate: 1.33012 +/- 0.133682 s^-1
RUN: --> Processing Event : 78000/100000
RUN: --> Triggers: 100, Exposure : 75.3757 s
RUN: --> Trigger Rate: 1.32669 +/- 0.132669 s^-1
RUN: --> Processing Event : 79000/100000
RUN: --> Triggers: 100, Exposure : 76.3343 s
RUN: --> Trigger Rate: 1.31003 +/- 0.131003 s^-1
RUN: --> Processing Event : 80000/100000
RUN: --> Triggers: 101, Exposure : 77.2706 s
RUN: --> Trigger Rate: 1.30709 +/- 0.130061 s^-1
RUN: --> Processing Event : 81000/100000
RUN: --> Triggers: 101, Exposure : 78.191 s
RUN: --> Trigger Rate: 1.29171 +/- 0.12853 s^-1
RUN: --> Processing Event : 82000/100000
RUN: --> Triggers: 101, Exposure : 79.1445 s
RUN: --> Trigger Rate: 1.27615 +/- 0.126981 s^-1
RUN: --> Processing Event : 83000/100000
RUN: --> Triggers: 103, Exposure : 80.0652 s
RUN: --> Trigger Rate: 1.28645 +/- 0.126758 s^-1
RUN: --> Processing Event : 84000/100000
RUN: --> Triggers: 104, Exposure : 81.0528 s
RUN: --> Trigger Rate: 1.28311 +/- 0.12582 s^-1
RUN: --> Processing Event : 85000/100000
RUN: --> Triggers: 105, Exposure : 81.993 s
RUN: --> Trigger Rate: 1.2806 +/- 0.124974 s^-1
RUN: --> Processing Event : 86000/100000
RUN: --> Triggers: 105, Exposure : 82.9599 s
RUN: --> Trigger Rate: 1.26567 +/- 0.123517 s^-1
RUN: --> Processing Event : 87000/100000
RUN: --> Triggers: 106, Exposure : 83.9023 s
RUN: --> Trigger Rate: 1.26337 +/- 0.12271 s^-1
RUN: --> Processing Event : 88000/100000
RUN: --> Triggers: 107, Exposure : 84.8898 s
RUN: --> Trigger Rate: 1.26046 +/- 0.121853 s^-1
RUN: --> Processing Event : 89000/100000
RUN: --> Triggers: 107, Exposure : 85.8616 s
RUN: --> Trigger Rate: 1.24619 +/- 0.120474 s^-1
RUN: --> Processing Event : 90000/100000
RUN: --> Triggers: 108, Exposure : 86.8588 s
RUN: --> Trigger Rate: 1.2434 +/- 0.119646 s^-1
RUN: --> Processing Event : 91000/100000
RUN: --> Triggers: 108, Exposure : 87.7889 s
RUN: --> Trigger Rate: 1.23022 +/- 0.118378 s^-1
RUN: --> Processing Event : 92000/100000
RUN: --> Triggers: 108, Exposure : 88.7498 s
RUN: --> Trigger Rate: 1.2169 +/- 0.117097 s^-1
RUN: --> Processing Event : 93000/100000
RUN: --> Triggers: 110, Exposure : 89.7148 s
RUN: --> Trigger Rate: 1.22611 +/- 0.116905 s^-1
RUN: --> Processing Event : 94000/100000
RUN: --> Triggers: 110, Exposure : 90.7471 s
RUN: --> Trigger Rate: 1.21216 +/- 0.115575 s^-1
RUN: --> Processing Event : 95000/100000
RUN: --> Triggers: 111, Exposure : 91.698 s
RUN: --> Trigger Rate: 1.2105 +/- 0.114895 s^-1
RUN: --> Processing Event : 96000/100000
RUN: --> Triggers: 111, Exposure : 92.7035 s
RUN: --> Trigger Rate: 1.19737 +/- 0.113649 s^-1
RUN: --> Processing Event : 97000/100000
RUN: --> Triggers: 113, Exposure : 93.6812 s
RUN: --> Trigger Rate: 1.20622 +/- 0.113472 s^-1
RUN: --> Processing Event : 98000/100000
RUN: --> Triggers: 114, Exposure : 94.7079 s
RUN: --> Trigger Rate: 1.2037 +/- 0.112737 s^-1
RUN: --> Processing Event : 99000/100000
RUN: --> Triggers: 118, Exposure : 95.7526 s
RUN: --> Trigger Rate: 1.23234 +/- 0.113446 s^-1
Writing
... write Root file : shaft_air_100k_fill0m_tgt180cm_o1200cm.0.0.root - done
... close Root file : shaft_air_100k_fill0m_tgt180cm_o1200cm.0.0.root - done
ACT: Finished Run. Events : 100000, Triggered : 119, Exposure : 96.7545 s
ACT: --> Final Trigger Rate: 1.22992 +/- 0.112746 s^-1
ACT: --> Final Trigger Counts: 0 	 0.134361 +/- 0.0372649 s^-1
ACT: --> Final Trigger Counts: 1 	 0.0723481 +/- 0.027345 s^-1
ACT: --> Final Trigger Counts: 2 	 0.0310063 +/- 0.0179015 s^-1
ACT: --> Final Trigger Counts: 3 	 0.144696 +/- 0.0386717 s^-1
ACT: --> Final Trigger Counts: 4 	 0.0826835 +/- 0.029233 s^-1
ACT: --> Final Trigger Counts: 5 	 0.0620126 +/- 0.0253165 s^-1
ACT: --> Final Trigger Counts: 6 	 0.0930189 +/- 0.0310063 s^-1
ACT: --> Final Trigger Counts: 7 	 0.0826835 +/- 0.029233 s^-1
ACT: --> Final Trigger Counts: 8 	 0.0310063 +/- 0.0179015 s^-1
ACT: --> Final Trigger Counts: 9 	 0.0723481 +/- 0.027345 s^-1
ACT: --> Final Trigger Counts: 10 	 0.0826835 +/- 0.029233 s^-1
ACT: --> Final Trigger Counts: 11 	 0.0723481 +/- 0.027345 s^-1
ACT: --> Final Trigger Counts: 12 	 0.0413417 +/- 0.0206709 s^-1
ACT: --> Final Trigger Counts: 13 	 0.0413417 +/- 0.0206709 s^-1
ACT: --> Final Trigger Counts: 14 	 0.0930189 +/- 0.0310063 s^-1
ACT: --> Final Trigger Counts: 15 	 0.0310063 +/- 0.0179015 s^-1
ACT: --> Final Trigger Counts: 16 	 0.0413417 +/- 0.0206709 s^-1
ACT: --> Final Trigger Counts: 17 	 0.165367 +/- 0.0413417 s^-1
========================================= 
APP: Cleaning Up!
========================================= 
