=========================================

 COSMIC RAY SIM : Cosmic Rays Simulation Code


 Authors: Patrick Stowell, Lee Thompson
 contact : p.stowell@sheffield.ac.uk

=========================================
========================================= 
APP: Getting User Inputs
========================================= 
APP: Getting Seed Info 
APP: --> Getting seed from time+pid.
APP: --> pid : 5982
APP: --> time : 1532350946
APP: --> seed : 1532356929
========================================= 
APP: Loading Default Database 
DB : --> Creating Database : default
DB : --> Selecting Database : default
DB : Loading all DB files from /home/chris/Code/geant4_simulations/cosmicraysim/data//*
DB : Loading all DB files from /home/chris/Code/geant4_simulations/cosmicraysim/data//awe/*
DB : Loading all DB files from /home/chris/Code/geant4_simulations/cosmicraysim/data//cry/*
DB : Loading all DB files from /home/chris/Code/geant4_simulations/cosmicraysim/data//detectors/*
DB : --> Loading '/home/chris/Code/geant4_simulations/cosmicraysim/data//detectors/default.db'' ...  --> Complete. (Loaded 1 Tables)
DB : Loading all DB files from /home/chris/Code/geant4_simulations/cosmicraysim/data//dsc/*
DB : Loading all DB files from /home/chris/Code/geant4_simulations/cosmicraysim/data//fluxes/*
DB : --> Loading '/home/chris/Code/geant4_simulations/cosmicraysim/data//fluxes/cry.db'' ...  --> Complete. (Loaded 1 Tables)
DB : --> Loading '/home/chris/Code/geant4_simulations/cosmicraysim/data//fluxes/shukla.db'' ...  --> Complete. (Loaded 1 Tables)
DB : --> Loading '/home/chris/Code/geant4_simulations/cosmicraysim/data//global.db'' ...  --> Complete. (Loaded 1 Tables)
DB : Loading all DB files from /home/chris/Code/geant4_simulations/cosmicraysim/data//materials/*
DB : --> Loading '/home/chris/Code/geant4_simulations/cosmicraysim/data//materials/material_list.db'' ...  --> Complete. (Loaded 8 Tables)
DB : --> Loading '/home/chris/Code/geant4_simulations/cosmicraysim/data//materials/soil_materials.db'' ...  --> Complete. (Loaded 31 Tables)
DB : --> Loading '../macros/ca/shukla/ca_variables_vent_shafts.geo'' ...  --> Complete. (Loaded 1 Tables)
DB : --> Loading '../macros/ca/shukla/ca_world_rock.geo'' ...  --> Complete. (Loaded 1 Tables)
DB : --> Loading '../macros/ca/shukla/ca_linear_detector_system_vent_shafts.geo'' ...  --> Complete. (Loaded 30 Tables)
DB : --> Loading '../macros/ca/shukla/ca_source_flux_vent_shafts.geo'' ...  --> Complete. (Loaded 4 Tables)
DB : --> Loading '../macros/ca/shukla/ca_vent_shafts.geo'' ...  --> Complete. (Loaded 2 Tables)
========================================= 
APP: Setting up Geant4 Run Manager 

**************************************************************
 Geant4 version Name: geant4-10-04-patch-01 [MT]   (28-February-2018)
                       Copyright : Geant4 Collaboration
                      References : NIM A 506 (2003), 250-303
                                 : IEEE-TNS 53 (2006), 270-278
                                 : NIM A 835 (2016), 186-225
                             WWW : http://geant4.org/
**************************************************************

========================================= 
APP: Setting User Initialization
<<< Geant4 Physics List simulation engine: Shielding 2.1

PHY: Setting Shielding Physics List
FLX: Loading Primary Generator : shukla
FLX: Building Shukla Generator
FLX: --> Using default Nottingham parset.
FLX: --> Min Energy : 0.1 GeV
FLX: --> Max Energy : 5000 GeV
FLX: --> I0         : 88.5 m-2 s-1 sr -1
FLX: --> n          : 3
FLX: --> E0         : 4.28 GeV
FLX: --> epsilon    : 854 GeV
FLX: --> radius     : 6371 km
FLX: --> distance   : 36.61 km
FLX: --> R/d        : 174.023
FLX: --> Setting up PDFs.
FLX: --> fSpeedUp        : 1
FLX: --> VerticalFlux : 88.5 m-2 s-1 sr-1
FLX: --> Integrated Flux : 187.37 m-2 s-1
FLX: --> Integrated Flux : 1.12422 cm-2 min-1
FLX: --> Creating Particle Gun.
FLX: --> Creating Source box
FLX: --> Creating Target boxes
FLX: --> Complete.
===============================
GEO: Building Geometry 
GEO: Constructing box : world
Material Density : 1.654e+19
MAT: Creating : Standard_Rock
MAT: Adding Element : O
MAT: Adding Element : C
MAT: Adding Element : Ca
MAT: Adding Element : Mg
MAT: Material Density : 2.65 g/cm3
GEO: Constructing eliptunnel : tunnel
Making Elliptical Tunnel
GEO: Constructing box : detector
GEO: Constructing box : bar0
Creating new scintillator detector : bar0_scint
GEO: Constructing box : bar1
Creating new scintillator detector : bar1_scint
GEO: Constructing box : bar2
Creating new scintillator detector : bar2_scint
GEO: Constructing box : bar3
Creating new scintillator detector : bar3_scint
GEO: Constructing box : bar4
Creating new scintillator detector : bar4_scint
GEO: Constructing box : bar5
Creating new scintillator detector : bar5_scint
GEO: Constructing box : target_det0
Creating new scintillator detector : target_det0_scint
GEO: Constructing box : target_det1
Creating new scintillator detector : target_det1_scint
GEO: Constructing box : target_det2
Creating new scintillator detector : target_det2_scint
GEO: Constructing cons : vent_shaft0
GEO: Constructing cons : vent_shaft_fill
===============================
TRG: Building Triggers 
TRG: Loading Coincidence Trigger : trigger06
 --> Processor Input 0 : bar0_scint
 --> Processor Input 1 : target_det0_scint
TRG: Setting Energy Threshold : 0
TRG: Setting Coincident Detectors : 2
TRG: Setting Efficiency : 0.834662
TRG: Loading Coincidence Trigger : trigger07
 --> Processor Input 0 : bar0_scint
 --> Processor Input 1 : target_det1_scint
TRG: Setting Energy Threshold : 0
TRG: Setting Coincident Detectors : 2
TRG: Setting Efficiency : 0.834913
TRG: Loading Coincidence Trigger : trigger08
 --> Processor Input 0 : bar0_scint
 --> Processor Input 1 : target_det2_scint
TRG: Setting Energy Threshold : 0
TRG: Setting Coincident Detectors : 2
TRG: Setting Efficiency : 0.815852
TRG: Loading Coincidence Trigger : trigger16
 --> Processor Input 0 : bar1_scint
 --> Processor Input 1 : target_det0_scint
TRG: Setting Energy Threshold : 0
TRG: Setting Coincident Detectors : 2
TRG: Setting Efficiency : 0.95447
TRG: Loading Coincidence Trigger : trigger17
 --> Processor Input 0 : bar1_scint
 --> Processor Input 1 : target_det1_scint
TRG: Setting Energy Threshold : 0
TRG: Setting Coincident Detectors : 2
TRG: Setting Efficiency : 0.954757
TRG: Loading Coincidence Trigger : trigger18
 --> Processor Input 0 : bar1_scint
 --> Processor Input 1 : target_det2_scint
TRG: Setting Energy Threshold : 0
TRG: Setting Coincident Detectors : 2
TRG: Setting Efficiency : 0.93296
TRG: Loading Coincidence Trigger : trigger26
 --> Processor Input 0 : bar2_scint
 --> Processor Input 1 : target_det0_scint
TRG: Setting Energy Threshold : 0
TRG: Setting Coincident Detectors : 2
TRG: Setting Efficiency : 0.982426
TRG: Loading Coincidence Trigger : trigger27
 --> Processor Input 0 : bar2_scint
 --> Processor Input 1 : target_det1_scint
TRG: Setting Energy Threshold : 0
TRG: Setting Coincident Detectors : 2
TRG: Setting Efficiency : 0.982721
TRG: Loading Coincidence Trigger : trigger28
 --> Processor Input 0 : bar2_scint
 --> Processor Input 1 : target_det2_scint
TRG: Setting Energy Threshold : 0
TRG: Setting Coincident Detectors : 2
TRG: Setting Efficiency : 0.960286
TRG: Loading Coincidence Trigger : trigger36
 --> Processor Input 0 : bar3_scint
 --> Processor Input 1 : target_det0_scint
TRG: Setting Energy Threshold : 0
TRG: Setting Coincident Detectors : 2
TRG: Setting Efficiency : 0.95447
TRG: Loading Coincidence Trigger : trigger37
 --> Processor Input 0 : bar3_scint
 --> Processor Input 1 : target_det1_scint
TRG: Setting Energy Threshold : 0
TRG: Setting Coincident Detectors : 2
TRG: Setting Efficiency : 0.954757
TRG: Loading Coincidence Trigger : trigger38
 --> Processor Input 0 : bar3_scint
 --> Processor Input 1 : target_det2_scint
TRG: Setting Energy Threshold : 0
TRG: Setting Coincident Detectors : 2
TRG: Setting Efficiency : 0.93296
TRG: Loading Coincidence Trigger : trigger46
 --> Processor Input 0 : bar4_scint
 --> Processor Input 1 : target_det0_scint
TRG: Setting Energy Threshold : 0
TRG: Setting Coincident Detectors : 2
TRG: Setting Efficiency : 0.802714
TRG: Loading Coincidence Trigger : trigger47
 --> Processor Input 0 : bar4_scint
 --> Processor Input 1 : target_det1_scint
TRG: Setting Energy Threshold : 0
TRG: Setting Coincident Detectors : 2
TRG: Setting Efficiency : 0.802955
TRG: Loading Coincidence Trigger : trigger48
 --> Processor Input 0 : bar4_scint
 --> Processor Input 1 : target_det2_scint
TRG: Setting Energy Threshold : 0
TRG: Setting Coincident Detectors : 2
TRG: Setting Efficiency : 0.784624
TRG: Loading Coincidence Trigger : trigger56
 --> Processor Input 0 : bar5_scint
 --> Processor Input 1 : target_det0_scint
TRG: Setting Energy Threshold : 0
TRG: Setting Coincident Detectors : 2
TRG: Setting Efficiency : 0.911539
TRG: Loading Coincidence Trigger : trigger57
 --> Processor Input 0 : bar5_scint
 --> Processor Input 1 : target_det1_scint
TRG: Setting Energy Threshold : 0
TRG: Setting Coincident Detectors : 2
TRG: Setting Efficiency : 0.911813
TRG: Loading Coincidence Trigger : trigger58
 --> Processor Input 0 : bar5_scint
 --> Processor Input 1 : target_det2_scint
TRG: Setting Energy Threshold : 0
TRG: Setting Coincident Detectors : 2
TRG: Setting Efficiency : 0.890997
===============================
PRC: Building PROCESSORS 
/usr/local/share/Geant4-10.4.1/data/G4NDL4.5
@@@ G4ParticleHPInelastic instantiated for particle neutron data directory variable is G4NEUTRONHPDATA pointing to /usr/local/share/Geant4-10.4.1/data/G4NDL4.5/Inelastic
@@@ G4ParticleHPInelasticData instantiated for particle neutron data directory variable is G4NEUTRONHPDATA pointing to /usr/local/share/Geant4-10.4.1/data/G4NDL4.5
NeutronHP: /Capture file for Z = 8, A = 18 is not found and NeutronHP will use /usr/local/share/Geant4-10.4.1/data/G4NDL4.5/Capture/CrossSection/8_17_Oxygen
NeutronHP: /Elastic file for Z = 8, A = 18 is not found and NeutronHP will use /usr/local/share/Geant4-10.4.1/data/G4NDL4.5/Elastic/CrossSection/8_17_Oxygen
NeutronHP: /Inelastic file for Z = 8, A = 18 is not found and NeutronHP will use /usr/local/share/Geant4-10.4.1/data/G4NDL4.5/Inelastic/CrossSection/8_17_Oxygen
NeutronHP: /Capture file for Z = 6, A = 12 is not found and NeutronHP will use /usr/local/share/Geant4-10.4.1/data/G4NDL4.5/Capture/CrossSection/6_nat_Carbon
NeutronHP: /Elastic file for Z = 6, A = 12 is not found and NeutronHP will use /usr/local/share/Geant4-10.4.1/data/G4NDL4.5/Elastic/CrossSection/6_nat_Carbon
NeutronHP: /Inelastic file for Z = 6, A = 12 is not found and NeutronHP will use /usr/local/share/Geant4-10.4.1/data/G4NDL4.5/Inelastic/CrossSection/6_nat_Carbon
NeutronHP: /Capture file for Z = 6, A = 13 is not found and NeutronHP will use /usr/local/share/Geant4-10.4.1/data/G4NDL4.5/Capture/CrossSection/6_nat_Carbon
NeutronHP: /Elastic file for Z = 6, A = 13 is not found and NeutronHP will use /usr/local/share/Geant4-10.4.1/data/G4NDL4.5/Elastic/CrossSection/6_nat_Carbon
NeutronHP: /Inelastic file for Z = 6, A = 13 is not found and NeutronHP will use /usr/local/share/Geant4-10.4.1/data/G4NDL4.5/Inelastic/CrossSection/6_nat_Carbon
Number of de-excitation channels is changed to      68
========================================= 
APP: Assigning Output Information
APP: --> Output Tag       : shaft_air_100k_fill0m_tgt180cm_o0cm
APP: --> Output Run ID    : 0
APP: --> Sub Run Start ID : 0
========================================= 
APP: Running Batch Mode
========================================= 
APP: Running Generator
APP: --> NEvents : 100000

APP: Starting Run : 100000

### ===  Deexcitation model UAtomDeexcitation is activated for 1 region:
          DefaultRegionForTheWorld  1  1  0
### ===  Auger cascade flag: 1
### ===  Ignore cuts flag:   0

phot:   for  gamma    SubType= 12  BuildTable= 0
      LambdaPrime table from 200 keV to 100 TeV in 61 bins 
      ===== EM models for the G4Region  DefaultRegionForTheWorld ======
 LivermorePhElectric :  Emin=        0 eV    Emax=      100 TeV   AngularGenSauterGavrila  FluoActive

compt:   for  gamma    SubType= 13  BuildTable= 1
      Lambda table from 100 eV  to 1 MeV, 7 bins per decade, spline: 1
      LambdaPrime table from 1 MeV to 100 TeV in 56 bins 
      ===== EM models for the G4Region  DefaultRegionForTheWorld ======
       Klein-Nishina :  Emin=        0 eV    Emax=      100 TeV

conv:   for  gamma    SubType= 14  BuildTable= 1
      Lambda table from 1.022 MeV to 100 TeV, 18 bins per decade, spline: 1
      ===== EM models for the G4Region  DefaultRegionForTheWorld ======
        BetheHeitler :  Emin=        0 eV    Emax=       80 GeV
     BetheHeitlerLPM :  Emin=       80 GeV   Emax=      100 TeV

Rayl:   for  gamma    SubType= 11  BuildTable= 1
      Lambda table from 100 eV  to 100 keV, 7 bins per decade, spline: 0
      LambdaPrime table from 100 keV to 100 TeV in 63 bins 
      ===== EM models for the G4Region  DefaultRegionForTheWorld ======
   LivermoreRayleigh :  Emin=        0 eV    Emax=      100 TeV   CullenGenerator

msc:   for e-    SubType= 10
      RangeFactor= 0.04, stepLimitType: 1, latDisplacement: 1
      ===== EM models for the G4Region  DefaultRegionForTheWorld ======
            UrbanMsc :  Emin=        0 eV    Emax=      100 MeV  Table with 42 bins Emin=    100 eV    Emax=    100 MeV
        WentzelVIUni :  Emin=      100 MeV   Emax=      100 TeV  Table with 42 bins Emin=    100 MeV   Emax=    100 TeV

eIoni:   for  e-    SubType= 2
      dE/dx and range tables from 100 eV  to 100 TeV in 84 bins
      Lambda tables from threshold to 100 TeV, 7 bins per decade, spline: 1
      finalRange(mm)= 1, dRoverRange= 0.2, integral: 1, fluct: 1, linLossLimit= 0.01
      ===== EM models for the G4Region  DefaultRegionForTheWorld ======
        MollerBhabha :  Emin=        0 eV    Emax=      100 TeV

eBrem:   for  e-    SubType= 3
      dE/dx and range tables from 100 eV  to 100 TeV in 84 bins
      Lambda tables from threshold to 100 TeV, 7 bins per decade, spline: 1
      LPM flag: 1 for E > 1 GeV,  VertexHighEnergyTh(GeV)= 100000
      ===== EM models for the G4Region  DefaultRegionForTheWorld ======
             eBremSB :  Emin=        0 eV    Emax=        1 GeV   DipBustGen
            eBremLPM :  Emin=        1 GeV   Emax=      100 TeV   DipBustGen

CoulombScat:   for  e-, integral: 1     SubType= 1  BuildTable= 1
      Lambda table from 100 MeV to 100 TeV, 7 bins per decade, spline: 1
      ThetaMin(p) < Theta(degree) < 180; pLimit(GeV^1)= 0.139531
      ===== EM models for the G4Region  DefaultRegionForTheWorld ======
  eCoulombScattering :  Emin=      100 MeV   Emax=      100 TeV

msc:   for e+    SubType= 10
      RangeFactor= 0.04, stepLimitType: 1, latDisplacement: 1
      ===== EM models for the G4Region  DefaultRegionForTheWorld ======
            UrbanMsc :  Emin=        0 eV    Emax=      100 MeV  Table with 42 bins Emin=    100 eV    Emax=    100 MeV
        WentzelVIUni :  Emin=      100 MeV   Emax=      100 TeV  Table with 42 bins Emin=    100 MeV   Emax=    100 TeV

eIoni:   for  e+    SubType= 2
      dE/dx and range tables from 100 eV  to 100 TeV in 84 bins
      Lambda tables from threshold to 100 TeV, 7 bins per decade, spline: 1
      finalRange(mm)= 1, dRoverRange= 0.2, integral: 1, fluct: 1, linLossLimit= 0.01
      ===== EM models for the G4Region  DefaultRegionForTheWorld ======
        MollerBhabha :  Emin=        0 eV    Emax=      100 TeV

eBrem:   for  e+    SubType= 3
      dE/dx and range tables from 100 eV  to 100 TeV in 84 bins
      Lambda tables from threshold to 100 TeV, 7 bins per decade, spline: 1
      LPM flag: 1 for E > 1 GeV,  VertexHighEnergyTh(GeV)= 100000
      ===== EM models for the G4Region  DefaultRegionForTheWorld ======
             eBremSB :  Emin=        0 eV    Emax=        1 GeV   DipBustGen
            eBremLPM :  Emin=        1 GeV   Emax=      100 TeV   DipBustGen

annihil:   for  e+, integral: 1     SubType= 5  BuildTable= 0
      ===== EM models for the G4Region  DefaultRegionForTheWorld ======
            eplus2gg :  Emin=        0 eV    Emax=      100 TeV

CoulombScat:   for  e+, integral: 1     SubType= 1  BuildTable= 1
      Lambda table from 100 MeV to 100 TeV, 7 bins per decade, spline: 1
      ThetaMin(p) < Theta(degree) < 180; pLimit(GeV^1)= 0.139531
      ===== EM models for the G4Region  DefaultRegionForTheWorld ======
  eCoulombScattering :  Emin=      100 MeV   Emax=      100 TeV

msc:   for proton    SubType= 10
      RangeFactor= 0.2, stepLimitType: 0, latDisplacement: 0
      ===== EM models for the G4Region  DefaultRegionForTheWorld ======
        WentzelVIUni :  Emin=        0 eV    Emax=      100 TeV  Table with 84 bins Emin=    100 eV    Emax=    100 TeV

hIoni:   for  proton    SubType= 2
      dE/dx and range tables from 100 eV  to 100 TeV in 84 bins
      Lambda tables from threshold to 100 TeV, 7 bins per decade, spline: 1
      finalRange(mm)= 0.1, dRoverRange= 0.2, integral: 1, fluct: 1, linLossLimit= 0.01
      ===== EM models for the G4Region  DefaultRegionForTheWorld ======
               Bragg :  Emin=        0 eV    Emax=        2 MeV
          BetheBloch :  Emin=        2 MeV   Emax=      100 TeV

hBrems:   for  proton    SubType= 3
      dE/dx and range tables from 100 eV  to 100 TeV in 84 bins
      Lambda tables from threshold to 100 TeV, 7 bins per decade, spline: 1
      ===== EM models for the G4Region  DefaultRegionForTheWorld ======
               hBrem :  Emin=        0 eV    Emax=      100 TeV

hPairProd:   for  proton    SubType= 4
      dE/dx and range tables from 100 eV  to 100 TeV in 84 bins
      Lambda tables from threshold to 100 TeV, 7 bins per decade, spline: 1
      Sampling table 17x1001; from 7.50618 GeV to 100 TeV 
      ===== EM models for the G4Region  DefaultRegionForTheWorld ======
           hPairProd :  Emin=        0 eV    Emax=      100 TeV

CoulombScat:   for  proton, integral: 1     SubType= 1  BuildTable= 1
      Lambda table from threshold  to 100 TeV, 7 bins per decade, spline: 1
      ThetaMin(p) < Theta(degree) < 180; pLimit(GeV^1)= 0.139531
      ===== EM models for the G4Region  DefaultRegionForTheWorld ======
  eCoulombScattering :  Emin=        0 eV    Emax=      100 TeV

msc:   for GenericIon    SubType= 10
      RangeFactor= 0.2, stepLimitType: 0, latDisplacement: 0
      ===== EM models for the G4Region  DefaultRegionForTheWorld ======
            UrbanMsc :  Emin=        0 eV    Emax=      100 TeV

ionIoni:   for  GenericIon    SubType= 2
      dE/dx and range tables from 100 eV  to 100 TeV in 84 bins
      Lambda tables from threshold to 100 TeV, 7 bins per decade, spline: 1
      finalRange(mm)= 0.1, dRoverRange= 0.2, integral: 1, fluct: 1, linLossLimit= 0.02
      Stopping Power data for 17 ion/material pairs 
      ===== EM models for the G4Region  DefaultRegionForTheWorld ======
            BraggIon :  Emin=        0 eV    Emax=        2 MeV
          BetheBloch :  Emin=        2 MeV   Emax=      100 TeV
=======================================================================
======       Radioactive Decay Physics Parameters              ========
=======================================================================
Max life time                                     1.4427e+06 ps
Internal e- conversion flag                       1
Stored internal conversion coefficients           1
Enable correlated gamma emission                  0
Max 2J for sampling of angular correlations       10
Atomic de-excitation enabled                      1
Auger electron emission enabled                   1
Auger cascade enabled                             1
Check EM cuts disabled for atomic de-excitation   0
Use Bearden atomic level energies                 0
=======================================================================

msc:   for alpha    SubType= 10
      RangeFactor= 0.2, stepLimitType: 0, latDisplacement: 0
      ===== EM models for the G4Region  DefaultRegionForTheWorld ======
            UrbanMsc :  Emin=        0 eV    Emax=      100 TeV  Table with 84 bins Emin=    100 eV    Emax=    100 TeV

ionIoni:   for  alpha    SubType= 2
      dE/dx and range tables from 100 eV  to 100 TeV in 84 bins
      Lambda tables from threshold to 100 TeV, 7 bins per decade, spline: 1
      finalRange(mm)= 0.1, dRoverRange= 0.2, integral: 1, fluct: 1, linLossLimit= 0.02
      ===== EM models for the G4Region  DefaultRegionForTheWorld ======
            BraggIon :  Emin=        0 eV    Emax=   7.9452 MeV
          BetheBloch :  Emin=   7.9452 MeV   Emax=      100 TeV

msc:   for anti_proton    SubType= 10
      RangeFactor= 0.2, stepLimitType: 0, latDisplacement: 0
      ===== EM models for the G4Region  DefaultRegionForTheWorld ======
        WentzelVIUni :  Emin=        0 eV    Emax=      100 TeV  Table with 84 bins Emin=    100 eV    Emax=    100 TeV

hIoni:   for  anti_proton    SubType= 2
      dE/dx and range tables from 100 eV  to 100 TeV in 84 bins
      Lambda tables from threshold to 100 TeV, 7 bins per decade, spline: 1
      finalRange(mm)= 0.1, dRoverRange= 0.2, integral: 1, fluct: 1, linLossLimit= 0.01
      ===== EM models for the G4Region  DefaultRegionForTheWorld ======
            ICRU73QO :  Emin=        0 eV    Emax=        2 MeV
          BetheBloch :  Emin=        2 MeV   Emax=      100 TeV

hBrems:   for  anti_proton    SubType= 3
      dE/dx and range tables from 100 eV  to 100 TeV in 84 bins
      Lambda tables from threshold to 100 TeV, 7 bins per decade, spline: 1
      ===== EM models for the G4Region  DefaultRegionForTheWorld ======
               hBrem :  Emin=        0 eV    Emax=      100 TeV

hPairProd:   for  anti_proton    SubType= 4
      dE/dx and range tables from 100 eV  to 100 TeV in 84 bins
      Lambda tables from threshold to 100 TeV, 7 bins per decade, spline: 1
      Sampling table 17x1001; from 7.50618 GeV to 100 TeV 
      ===== EM models for the G4Region  DefaultRegionForTheWorld ======
           hPairProd :  Emin=        0 eV    Emax=      100 TeV

CoulombScat:   for  anti_proton, integral: 1     SubType= 1  BuildTable= 1
      Lambda table from threshold  to 100 TeV, 7 bins per decade, spline: 1
      ThetaMin(p) < Theta(degree) < 180; pLimit(GeV^1)= 0.139531
      ===== EM models for the G4Region  DefaultRegionForTheWorld ======
  eCoulombScattering :  Emin=        0 eV    Emax=      100 TeV

msc:   for kaon+    SubType= 10
      RangeFactor= 0.2, stepLimitType: 0, latDisplacement: 0
      ===== EM models for the G4Region  DefaultRegionForTheWorld ======
        WentzelVIUni :  Emin=        0 eV    Emax=      100 TeV  Table with 84 bins Emin=    100 eV    Emax=    100 TeV

hIoni:   for  kaon+    SubType= 2
      dE/dx and range tables from 100 eV  to 100 TeV in 84 bins
      Lambda tables from threshold to 100 TeV, 7 bins per decade, spline: 1
      finalRange(mm)= 0.1, dRoverRange= 0.2, integral: 1, fluct: 1, linLossLimit= 0.01
      ===== EM models for the G4Region  DefaultRegionForTheWorld ======
               Bragg :  Emin=        0 eV    Emax=  1.05231 MeV
          BetheBloch :  Emin=  1.05231 MeV   Emax=      100 TeV

hBrems:   for  kaon+    SubType= 3
      dE/dx and range tables from 100 eV  to 100 TeV in 84 bins
      Lambda tables from threshold to 100 TeV, 7 bins per decade, spline: 1
      ===== EM models for the G4Region  DefaultRegionForTheWorld ======
               hBrem :  Emin=        0 eV    Emax=      100 TeV

hPairProd:   for  kaon+    SubType= 4
      dE/dx and range tables from 100 eV  to 100 TeV in 84 bins
      Lambda tables from threshold to 100 TeV, 7 bins per decade, spline: 1
      Sampling table 18x1001; from 3.94942 GeV to 100 TeV 
      ===== EM models for the G4Region  DefaultRegionForTheWorld ======
           hPairProd :  Emin=        0 eV    Emax=      100 TeV

CoulombScat:   for  kaon+, integral: 1     SubType= 1  BuildTable= 1
      Lambda table from threshold  to 100 TeV, 7 bins per decade, spline: 1
      ThetaMin(p) < Theta(degree) < 180; pLimit(GeV^1)= 0.139531
      ===== EM models for the G4Region  DefaultRegionForTheWorld ======
  eCoulombScattering :  Emin=        0 eV    Emax=      100 TeV

msc:   for kaon-    SubType= 10
      RangeFactor= 0.2, stepLimitType: 0, latDisplacement: 0
      ===== EM models for the G4Region  DefaultRegionForTheWorld ======
        WentzelVIUni :  Emin=        0 eV    Emax=      100 TeV  Table with 84 bins Emin=    100 eV    Emax=    100 TeV

hIoni:   for  kaon-    SubType= 2
      dE/dx and range tables from 100 eV  to 100 TeV in 84 bins
      Lambda tables from threshold to 100 TeV, 7 bins per decade, spline: 1
      finalRange(mm)= 0.1, dRoverRange= 0.2, integral: 1, fluct: 1, linLossLimit= 0.01
      ===== EM models for the G4Region  DefaultRegionForTheWorld ======
            ICRU73QO :  Emin=        0 eV    Emax=  1.05231 MeV
          BetheBloch :  Emin=  1.05231 MeV   Emax=      100 TeV

hBrems:   for  kaon-    SubType= 3
      dE/dx and range tables from 100 eV  to 100 TeV in 84 bins
      Lambda tables from threshold to 100 TeV, 7 bins per decade, spline: 1
      ===== EM models for the G4Region  DefaultRegionForTheWorld ======
               hBrem :  Emin=        0 eV    Emax=      100 TeV

hPairProd:   for  kaon-    SubType= 4
      dE/dx and range tables from 100 eV  to 100 TeV in 84 bins
      Lambda tables from threshold to 100 TeV, 7 bins per decade, spline: 1
      Sampling table 18x1001; from 3.94942 GeV to 100 TeV 
      ===== EM models for the G4Region  DefaultRegionForTheWorld ======
           hPairProd :  Emin=        0 eV    Emax=      100 TeV

CoulombScat:   for  kaon-, integral: 1     SubType= 1  BuildTable= 1
      Used Lambda table of kaon+
      ThetaMin(p) < Theta(degree) < 180; pLimit(GeV^1)= 0.139531
      ===== EM models for the G4Region  DefaultRegionForTheWorld ======
  eCoulombScattering :  Emin=        0 eV    Emax=      100 TeV

msc:   for mu+    SubType= 10
      RangeFactor= 0.2, step limit type: 0, lateralDisplacement: 0, polarAngleLimit(deg)= 180
      ===== EM models for the G4Region  DefaultRegionForTheWorld ======
        WentzelVIUni :  Emin=        0 eV    Emax=      100 TeV  Table with 84 bins Emin=    100 eV    Emax=    100 TeV

muIoni:   for  mu+    SubType= 2
      dE/dx and range tables from 100 eV  to 100 TeV in 84 bins
      Lambda tables from threshold to 100 TeV, 7 bins per decade, spline: 1
      finalRange(mm)= 0.1, dRoverRange= 0.2, integral: 1, fluct: 1, linLossLimit= 0.01
      ===== EM models for the G4Region  DefaultRegionForTheWorld ======
               Bragg :  Emin=        0 eV    Emax=      200 keV
          BetheBloch :  Emin=      200 keV   Emax=        1 GeV
        MuBetheBloch :  Emin=        1 GeV   Emax=      100 TeV

muBrems:   for  mu+    SubType= 3
      dE/dx and range tables from 100 eV  to 100 TeV in 84 bins
      Lambda tables from threshold to 100 TeV, 7 bins per decade, spline: 1
      ===== EM models for the G4Region  DefaultRegionForTheWorld ======
              MuBrem :  Emin=        0 eV    Emax=      100 TeV

muPairProd:   for  mu+    SubType= 4
      dE/dx and range tables from 100 eV  to 100 TeV in 84 bins
      Lambda tables from threshold to 100 TeV, 7 bins per decade, spline: 1
      Sampling table 21x1001; from 1 GeV to 100 TeV 
      ===== EM models for the G4Region  DefaultRegionForTheWorld ======
          muPairProd :  Emin=        0 eV    Emax=      100 TeV

CoulombScat:   for  mu+, integral: 1     SubType= 1  BuildTable= 1
      Lambda table from threshold  to 100 TeV, 7 bins per decade, spline: 1
      ThetaMin(p) < Theta(degree) < 180; pLimit(GeV^1)= 0.139531
      ===== EM models for the G4Region  DefaultRegionForTheWorld ======
  eCoulombScattering :  Emin=        0 eV    Emax=      100 TeV

msc:   for mu-    SubType= 10
      RangeFactor= 0.2, step limit type: 0, lateralDisplacement: 0, polarAngleLimit(deg)= 180
      ===== EM models for the G4Region  DefaultRegionForTheWorld ======
        WentzelVIUni :  Emin=        0 eV    Emax=      100 TeV  Table with 84 bins Emin=    100 eV    Emax=    100 TeV

muIoni:   for  mu-    SubType= 2
      dE/dx and range tables from 100 eV  to 100 TeV in 84 bins
      Lambda tables from threshold to 100 TeV, 7 bins per decade, spline: 1
      finalRange(mm)= 0.1, dRoverRange= 0.2, integral: 1, fluct: 1, linLossLimit= 0.01
      ===== EM models for the G4Region  DefaultRegionForTheWorld ======
            ICRU73QO :  Emin=        0 eV    Emax=      200 keV
          BetheBloch :  Emin=      200 keV   Emax=        1 GeV
        MuBetheBloch :  Emin=        1 GeV   Emax=      100 TeV

muBrems:   for  mu-    SubType= 3
      dE/dx and range tables from 100 eV  to 100 TeV in 84 bins
      Lambda tables from threshold to 100 TeV, 7 bins per decade, spline: 1
      ===== EM models for the G4Region  DefaultRegionForTheWorld ======
              MuBrem :  Emin=        0 eV    Emax=      100 TeV

muPairProd:   for  mu-    SubType= 4
      dE/dx and range tables from 100 eV  to 100 TeV in 84 bins
      Lambda tables from threshold to 100 TeV, 7 bins per decade, spline: 1
      Sampling table 21x1001; from 1 GeV to 100 TeV 
      ===== EM models for the G4Region  DefaultRegionForTheWorld ======
          muPairProd :  Emin=        0 eV    Emax=      100 TeV

CoulombScat:   for  mu-, integral: 1     SubType= 1  BuildTable= 1
      Used Lambda table of mu+
      ThetaMin(p) < Theta(degree) < 180; pLimit(GeV^1)= 0.139531
      ===== EM models for the G4Region  DefaultRegionForTheWorld ======
  eCoulombScattering :  Emin=        0 eV    Emax=      100 TeV
NeutronHP: /Capture file for Z = 8, A = 18 is not found and NeutronHP will use /usr/local/share/Geant4-10.4.1/data/G4NDL4.5/Capture/CrossSection/8_17_Oxygen
NeutronHP: /Elastic file for Z = 8, A = 18 is not found and NeutronHP will use /usr/local/share/Geant4-10.4.1/data/G4NDL4.5/Elastic/CrossSection/8_17_Oxygen
NeutronHP: /Inelastic file for Z = 8, A = 18 is not found and NeutronHP will use /usr/local/share/Geant4-10.4.1/data/G4NDL4.5/Inelastic/CrossSection/8_17_Oxygen
NeutronHP: /Capture file for Z = 6, A = 12 is not found and NeutronHP will use /usr/local/share/Geant4-10.4.1/data/G4NDL4.5/Capture/CrossSection/6_nat_Carbon
NeutronHP: /Elastic file for Z = 6, A = 12 is not found and NeutronHP will use /usr/local/share/Geant4-10.4.1/data/G4NDL4.5/Elastic/CrossSection/6_nat_Carbon
NeutronHP: /Inelastic file for Z = 6, A = 12 is not found and NeutronHP will use /usr/local/share/Geant4-10.4.1/data/G4NDL4.5/Inelastic/CrossSection/6_nat_Carbon
NeutronHP: /Capture file for Z = 6, A = 13 is not found and NeutronHP will use /usr/local/share/Geant4-10.4.1/data/G4NDL4.5/Capture/CrossSection/6_nat_Carbon
NeutronHP: /Elastic file for Z = 6, A = 13 is not found and NeutronHP will use /usr/local/share/Geant4-10.4.1/data/G4NDL4.5/Elastic/CrossSection/6_nat_Carbon
NeutronHP: /Inelastic file for Z = 6, A = 13 is not found and NeutronHP will use /usr/local/share/Geant4-10.4.1/data/G4NDL4.5/Inelastic/CrossSection/6_nat_Carbon
NeutronHP: /Elastic file for Z = 8, A = 18 is not found and NeutronHP will use /usr/local/share/Geant4-10.4.1/data/G4NDL4.5/Elastic/CrossSection/8_17_Oxygen
NeutronHP: /Elastic file for Z = 6, A = 12 is not found and NeutronHP will use /usr/local/share/Geant4-10.4.1/data/G4NDL4.5/Elastic/CrossSection/6_nat_Carbon
NeutronHP: /Elastic file for Z = 6, A = 13 is not found and NeutronHP will use /usr/local/share/Geant4-10.4.1/data/G4NDL4.5/Elastic/CrossSection/6_nat_Carbon
@@@ G4ParticleHPInelastic instantiated for particle neutron data directory variable is G4NEUTRONHPDATA pointing to /usr/local/share/Geant4-10.4.1/data/G4NDL4.5/Inelastic
NeutronHP: /Capture file for Z = 8, A = 18 is not found and NeutronHP will use /usr/local/share/Geant4-10.4.1/data/G4NDL4.5/Capture/CrossSection/8_17_Oxygen
NeutronHP: /Capture file for Z = 6, A = 12 is not found and NeutronHP will use /usr/local/share/Geant4-10.4.1/data/G4NDL4.5/Capture/CrossSection/6_nat_Carbon
NeutronHP: /Capture file for Z = 6, A = 13 is not found and NeutronHP will use /usr/local/share/Geant4-10.4.1/data/G4NDL4.5/Capture/CrossSection/6_nat_Carbon

msc:   for pi+    SubType= 10
      RangeFactor= 0.2, stepLimitType: 0, latDisplacement: 0
      ===== EM models for the G4Region  DefaultRegionForTheWorld ======
        WentzelVIUni :  Emin=        0 eV    Emax=      100 TeV  Table with 84 bins Emin=    100 eV    Emax=    100 TeV

hIoni:   for  pi+    SubType= 2
      dE/dx and range tables from 100 eV  to 100 TeV in 84 bins
      Lambda tables from threshold to 100 TeV, 7 bins per decade, spline: 1
      finalRange(mm)= 0.1, dRoverRange= 0.2, integral: 1, fluct: 1, linLossLimit= 0.01
      ===== EM models for the G4Region  DefaultRegionForTheWorld ======
               Bragg :  Emin=        0 eV    Emax=  297.505 keV
          BetheBloch :  Emin=  297.505 keV   Emax=      100 TeV

hBrems:   for  pi+    SubType= 3
      dE/dx and range tables from 100 eV  to 100 TeV in 84 bins
      Lambda tables from threshold to 100 TeV, 7 bins per decade, spline: 1
      ===== EM models for the G4Region  DefaultRegionForTheWorld ======
               hBrem :  Emin=        0 eV    Emax=      100 TeV

hPairProd:   for  pi+    SubType= 4
      dE/dx and range tables from 100 eV  to 100 TeV in 84 bins
      Lambda tables from threshold to 100 TeV, 7 bins per decade, spline: 1
      Sampling table 20x1001; from 1.11656 GeV to 100 TeV 
      ===== EM models for the G4Region  DefaultRegionForTheWorld ======
           hPairProd :  Emin=        0 eV    Emax=      100 TeV

CoulombScat:   for  pi+, integral: 1     SubType= 1  BuildTable= 1
      Lambda table from threshold  to 100 TeV, 7 bins per decade, spline: 1
      ThetaMin(p) < Theta(degree) < 180; pLimit(GeV^1)= 0.139531
      ===== EM models for the G4Region  DefaultRegionForTheWorld ======
  eCoulombScattering :  Emin=        0 eV    Emax=      100 TeV

msc:   for pi-    SubType= 10
      RangeFactor= 0.2, stepLimitType: 0, latDisplacement: 0
      ===== EM models for the G4Region  DefaultRegionForTheWorld ======
        WentzelVIUni :  Emin=        0 eV    Emax=      100 TeV  Table with 84 bins Emin=    100 eV    Emax=    100 TeV

hIoni:   for  pi-    SubType= 2
      dE/dx and range tables from 100 eV  to 100 TeV in 84 bins
      Lambda tables from threshold to 100 TeV, 7 bins per decade, spline: 1
      finalRange(mm)= 0.1, dRoverRange= 0.2, integral: 1, fluct: 1, linLossLimit= 0.01
      ===== EM models for the G4Region  DefaultRegionForTheWorld ======
            ICRU73QO :  Emin=        0 eV    Emax=  297.505 keV
          BetheBloch :  Emin=  297.505 keV   Emax=      100 TeV

hBrems:   for  pi-    SubType= 3
      dE/dx and range tables from 100 eV  to 100 TeV in 84 bins
      Lambda tables from threshold to 100 TeV, 7 bins per decade, spline: 1
      ===== EM models for the G4Region  DefaultRegionForTheWorld ======
               hBrem :  Emin=        0 eV    Emax=      100 TeV

hPairProd:   for  pi-    SubType= 4
      dE/dx and range tables from 100 eV  to 100 TeV in 84 bins
      Lambda tables from threshold to 100 TeV, 7 bins per decade, spline: 1
      Sampling table 20x1001; from 1.11656 GeV to 100 TeV 
      ===== EM models for the G4Region  DefaultRegionForTheWorld ======
           hPairProd :  Emin=        0 eV    Emax=      100 TeV

CoulombScat:   for  pi-, integral: 1     SubType= 1  BuildTable= 1
      Used Lambda table of pi+
      ThetaMin(p) < Theta(degree) < 180; pLimit(GeV^1)= 0.139531
      ===== EM models for the G4Region  DefaultRegionForTheWorld ======
  eCoulombScattering :  Emin=        0 eV    Emax=      100 TeV

====================================================================
                  HADRONIC PROCESSES SUMMARY (verbose level 1)

---------------------------------------------------
                           Hadronic Processes for GenericIon

  Process: ionInelastic
        Model:  Binary Light Ion Cascade: 0 eV /n ---> 110 MeV/n
        Model:                  QMDModel: 100 MeV/n ---> 10 GeV/n
        Model:                      FTFP: 9.99 GeV/n ---> 1 TeV/n
     Cr_sctns: Glauber-Gribov nucleus nucleus: 0 eV  ---> 2.88022e+295 J  
     Cr_sctns:          GheishaInelastic: 0 eV  ---> 100 TeV

  Process: ionElastic
        Model:          NNDiffuseElastic: 0 eV /n ---> 1 TeV/n
     Cr_sctns: Glauber-Gribov nucleus nucleus: 0 eV  ---> 2.88022e+295 J  
     Cr_sctns:            GheishaElastic: 0 eV  ---> 100 TeV

---------------------------------------------------
                           Hadronic Processes for He3

  Process: hadElastic
        Model:              hElasticLHEP: 0 eV /n ---> 100 TeV/n
     Cr_sctns: Glauber-Gribov nucleus nucleus: 0 eV  ---> 2.88022e+295 J  
     Cr_sctns:            GheishaElastic: 0 eV  ---> 100 TeV

  Process: He3Inelastic
        Model:  Binary Light Ion Cascade: 0 eV /n ---> 110 MeV/n
        Model:                  QMDModel: 100 MeV/n ---> 10 GeV/n
        Model:                      FTFP: 9.99 GeV/n ---> 1 TeV/n
     Cr_sctns: Glauber-Gribov nucleus nucleus: 0 eV  ---> 2.88022e+295 J  
     Cr_sctns:          GheishaInelastic: 0 eV  ---> 100 TeV

---------------------------------------------------
                           Hadronic Processes for alpha

  Process: hadElastic
        Model:              hElasticLHEP: 0 eV /n ---> 100 TeV/n
     Cr_sctns:            GheishaElastic: 0 eV  ---> 100 TeV

  Process: alphaInelastic
        Model:  Binary Light Ion Cascade: 0 eV /n ---> 110 MeV/n
        Model:                  QMDModel: 100 MeV/n ---> 10 GeV/n
        Model:                      FTFP: 9.99 GeV/n ---> 1 TeV/n
     Cr_sctns: Glauber-Gribov nucleus nucleus: 0 eV  ---> 2.88022e+295 J  
     Cr_sctns:          GheishaInelastic: 0 eV  ---> 100 TeV

---------------------------------------------------
                           Hadronic Processes for anti_He3

  Process: hadElastic
        Model:              hElasticLHEP: 0 eV /n ---> 100.1 MeV/n
        Model:              AntiAElastic: 100 MeV/n ---> 100 TeV/n
     Cr_sctns:              AntiAGlauber: 0 eV  ---> 2.88022e+295 J  
     Cr_sctns:            GheishaElastic: 0 eV  ---> 100 TeV

  Process: anti_He3Inelastic
        Model:                      FTFP: 0 eV /n ---> 100 TeV/n
     Cr_sctns:              AntiAGlauber: 0 eV  ---> 2.88022e+295 J  
     Cr_sctns:          GheishaInelastic: 0 eV  ---> 100 TeV

  Process: hFritiofCaptureAtRest

---------------------------------------------------
                           Hadronic Processes for anti_alpha

  Process: hadElastic
        Model:              hElasticLHEP: 0 eV /n ---> 100.1 MeV/n
        Model:              AntiAElastic: 100 MeV/n ---> 100 TeV/n
     Cr_sctns:              AntiAGlauber: 0 eV  ---> 2.88022e+295 J  
     Cr_sctns:            GheishaElastic: 0 eV  ---> 100 TeV

  Process: anti_alphaInelastic
        Model:                      FTFP: 0 eV /n ---> 100 TeV/n
     Cr_sctns:              AntiAGlauber: 0 eV  ---> 2.88022e+295 J  
     Cr_sctns:          GheishaInelastic: 0 eV  ---> 100 TeV

  Process: hFritiofCaptureAtRest

---------------------------------------------------
                           Hadronic Processes for anti_deuteron

  Process: hadElastic
        Model:              hElasticLHEP: 0 eV /n ---> 100.1 MeV/n
        Model:              AntiAElastic: 100 MeV/n ---> 100 TeV/n
     Cr_sctns:              AntiAGlauber: 0 eV  ---> 2.88022e+295 J  
     Cr_sctns:            GheishaElastic: 0 eV  ---> 100 TeV

  Process: anti_deuteronInelastic
        Model:                      FTFP: 0 eV /n ---> 100 TeV/n
     Cr_sctns:              AntiAGlauber: 0 eV  ---> 2.88022e+295 J  
     Cr_sctns:          GheishaInelastic: 0 eV  ---> 100 TeV

  Process: hFritiofCaptureAtRest

---------------------------------------------------
                           Hadronic Processes for anti_neutron

  Process: hadElastic
        Model:              hElasticLHEP: 0 eV  ---> 100 TeV
     Cr_sctns:            GheishaElastic: 0 eV  ---> 100 TeV

  Process: anti_neutronInelastic
        Model:                      FTFP: 0 eV  ---> 100 TeV
     Cr_sctns:              AntiAGlauber: 0 eV  ---> 2.88022e+295 J  
     Cr_sctns:          GheishaInelastic: 0 eV  ---> 100 TeV

---------------------------------------------------
                           Hadronic Processes for anti_proton

  Process: hadElastic
        Model:              hElasticLHEP: 0 eV  ---> 100.1 MeV
        Model:              AntiAElastic: 100 MeV ---> 100 TeV
     Cr_sctns:              AntiAGlauber: 0 eV  ---> 2.88022e+295 J  
     Cr_sctns:            GheishaElastic: 0 eV  ---> 100 TeV

  Process: anti_protonInelastic
        Model:                      FTFP: 0 eV  ---> 100 TeV
     Cr_sctns:              AntiAGlauber: 0 eV  ---> 2.88022e+295 J  
     Cr_sctns:          GheishaInelastic: 0 eV  ---> 100 TeV

  Process: hFritiofCaptureAtRest

---------------------------------------------------
                           Hadronic Processes for anti_triton

  Process: hadElastic
        Model:              hElasticLHEP: 0 eV /n ---> 100.1 MeV/n
        Model:              AntiAElastic: 100 MeV/n ---> 100 TeV/n
     Cr_sctns:              AntiAGlauber: 0 eV  ---> 2.88022e+295 J  
     Cr_sctns:            GheishaElastic: 0 eV  ---> 100 TeV

  Process: anti_tritonInelastic
        Model:                      FTFP: 0 eV /n ---> 100 TeV/n
     Cr_sctns:              AntiAGlauber: 0 eV  ---> 2.88022e+295 J  
     Cr_sctns:          GheishaInelastic: 0 eV  ---> 100 TeV

  Process: hFritiofCaptureAtRest

---------------------------------------------------
                           Hadronic Processes for deuteron

  Process: hadElastic
        Model:              hElasticLHEP: 0 eV /n ---> 100 TeV/n
     Cr_sctns:            GheishaElastic: 0 eV  ---> 100 TeV

  Process: dInelastic
        Model:  Binary Light Ion Cascade: 0 eV /n ---> 110 MeV/n
        Model:                  QMDModel: 100 MeV/n ---> 10 GeV/n
        Model:                      FTFP: 9.99 GeV/n ---> 1 TeV/n
     Cr_sctns: Glauber-Gribov nucleus nucleus: 0 eV  ---> 2.88022e+295 J  
     Cr_sctns:          GheishaInelastic: 0 eV  ---> 100 TeV

---------------------------------------------------
                           Hadronic Processes for e+

  Process: positronNuclear
        Model:   G4ElectroVDNuclearModel: 0 eV  ---> 1 PeV
     Cr_sctns:          ElectroNuclearXS: 0 eV  ---> 100 TeV
     Cr_sctns:          GheishaInelastic: 0 eV  ---> 100 TeV

---------------------------------------------------
                           Hadronic Processes for e-

  Process: electronNuclear
        Model:   G4ElectroVDNuclearModel: 0 eV  ---> 1 PeV
     Cr_sctns:          ElectroNuclearXS: 0 eV  ---> 100 TeV
     Cr_sctns:          GheishaInelastic: 0 eV  ---> 100 TeV

---------------------------------------------------
                           Hadronic Processes for gamma

  Process: photonNuclear
        Model:            BertiniCascade: 0 eV  ---> 3.5 GeV
        Model:           TheoFSGenerator: 3 GeV ---> 100 TeV
     Cr_sctns:            PhotoNuclearXS: 0 eV  ---> 100 TeV
     Cr_sctns:          GheishaInelastic: 0 eV  ---> 100 TeV

---------------------------------------------------
                           Hadronic Processes for kaon+

  Process: hadElastic
        Model:              hElasticLHEP: 0 eV  ---> 100 TeV
     Cr_sctns:            Glauber-Gribov: 0 eV  ---> 2.88022e+295 J  
     Cr_sctns:            GheishaElastic: 0 eV  ---> 100 TeV

  Process: kaon+Inelastic
        Model:                      FTFP: 4 GeV ---> 100 TeV
        Model:            BertiniCascade: 0 eV  ---> 5 GeV
     Cr_sctns:            Glauber-Gribov: 0 eV  ---> 2.88022e+295 J  
     Cr_sctns:          GheishaInelastic: 0 eV  ---> 100 TeV

---------------------------------------------------
                           Hadronic Processes for kaon-

  Process: hadElastic
        Model:              hElasticLHEP: 0 eV  ---> 100 TeV
     Cr_sctns:            Glauber-Gribov: 0 eV  ---> 2.88022e+295 J  
     Cr_sctns:            GheishaElastic: 0 eV  ---> 100 TeV

  Process: kaon-Inelastic
        Model:                      FTFP: 4 GeV ---> 100 TeV
        Model:            BertiniCascade: 0 eV  ---> 5 GeV
     Cr_sctns:            Glauber-Gribov: 0 eV  ---> 2.88022e+295 J  
     Cr_sctns:          GheishaInelastic: 0 eV  ---> 100 TeV

  Process: hBertiniCaptureAtRest

---------------------------------------------------
                           Hadronic Processes for lambda

  Process: hadElastic
        Model:              hElasticLHEP: 0 eV  ---> 100 TeV
     Cr_sctns:            GheishaElastic: 0 eV  ---> 100 TeV

  Process: lambdaInelastic
        Model:            BertiniCascade: 0 eV  ---> 6 GeV
        Model:                      FTFP: 2 GeV ---> 100 TeV
     Cr_sctns:   ChipsHyperonInelasticXS: 0 eV  ---> 100 TeV
     Cr_sctns:          GheishaInelastic: 0 eV  ---> 100 TeV

---------------------------------------------------
                           Hadronic Processes for mu+

  Process: muonNuclear
        Model:      G4MuonVDNuclearModel: 0 eV  ---> 1 PeV
     Cr_sctns:     KokoulinMuonNuclearXS: 0 eV  ---> 100 TeV

---------------------------------------------------
                           Hadronic Processes for mu-

  Process: muonNuclear
        Model:      G4MuonVDNuclearModel: 0 eV  ---> 1 PeV
     Cr_sctns:     KokoulinMuonNuclearXS: 0 eV  ---> 100 TeV

  Process: muMinusCaptureAtRest

---------------------------------------------------
                           Hadronic Processes for neutron

  Process: hadElastic
        Model:             hElasticCHIPS: 19.5 MeV ---> 100 TeV
        Model:          NeutronHPElastic: 0 eV  ---> 20 MeV
     Cr_sctns:        NeutronHPElasticXS: 0 eV  ---> 20 MeV
     Cr_sctns:        G4NeutronElasticXS: 0 eV  ---> 100 TeV
     Cr_sctns:            GheishaElastic: 0 eV  ---> 100 TeV

  Process: neutronInelastic
        Model:                      FTFP: 4 GeV ---> 100 TeV
        Model:            BertiniCascade: 19.9 MeV ---> 5 GeV
        Model:        NeutronHPInelastic: 0 eV  ---> 20 MeV
     Cr_sctns:      NeutronHPInelasticXS: 0 eV  ---> 20 MeV
     Cr_sctns: JENDLHEInelasticCrossSection: 0 eV  ---> 100 TeV
     Cr_sctns:       Barashenkov-Glauber: 0 eV  ---> 100 TeV
     Cr_sctns:          GheishaInelastic: 0 eV  ---> 100 TeV

  Process: nCapture
        Model:          NeutronHPCapture: 0 eV  ---> 20 MeV
        Model:               nRadCapture: 19.9 MeV ---> 100 TeV
     Cr_sctns:        NeutronHPCaptureXS: 0 eV  ---> 20 MeV
     Cr_sctns:        G4NeutronCaptureXS: 0 eV  ---> 100 TeV
     Cr_sctns:          GheishaCaptureXS: 0 eV  ---> 100 TeV

  Process: nFission
        Model:          NeutronHPFission: 0 eV  ---> 20 MeV
        Model:                G4LFission: 19.9 MeV ---> 2.88022e+295 J  
     Cr_sctns:        NeutronHPFissionXS: 0 eV  ---> 20 MeV
     Cr_sctns:          GheishaFissionXS: 0 eV  ---> 100 TeV

---------------------------------------------------
                           Hadronic Processes for pi+

  Process: hadElastic
        Model:              hElasticLHEP: 0 eV  ---> 1.0001 GeV
        Model:           hElasticGlauber: 1 GeV ---> 100 TeV
     Cr_sctns:       Barashenkov-Glauber: 0 eV  ---> 100 TeV
     Cr_sctns:            GheishaElastic: 0 eV  ---> 100 TeV

  Process: pi+Inelastic
        Model:                      FTFP: 4 GeV ---> 100 TeV
        Model:            BertiniCascade: 0 eV  ---> 5 GeV
     Cr_sctns:      G4CrossSectionPairGG: 0 eV  ---> 100 TeV
                         G4CrossSectionPairGG: G4PiNuclearCrossSection cross sections 
                           below 91 GeV, Glauber-Gribov above 
     Cr_sctns:          GheishaInelastic: 0 eV  ---> 100 TeV

---------------------------------------------------
                           Hadronic Processes for pi-

  Process: hadElastic
        Model:              hElasticLHEP: 0 eV  ---> 1.0001 GeV
        Model:           hElasticGlauber: 1 GeV ---> 100 TeV
     Cr_sctns:       Barashenkov-Glauber: 0 eV  ---> 100 TeV
     Cr_sctns:            GheishaElastic: 0 eV  ---> 100 TeV

  Process: pi-Inelastic
        Model:                      FTFP: 4 GeV ---> 100 TeV
        Model:            BertiniCascade: 0 eV  ---> 5 GeV
     Cr_sctns:      G4CrossSectionPairGG: 0 eV  ---> 100 TeV
                         G4CrossSectionPairGG: G4PiNuclearCrossSection cross sections 
                           below 91 GeV, Glauber-Gribov above 
     Cr_sctns:          GheishaInelastic: 0 eV  ---> 100 TeV

  Process: hBertiniCaptureAtRest

---------------------------------------------------
                           Hadronic Processes for proton

  Process: hadElastic
        Model:             hElasticCHIPS: 0 eV  ---> 100 TeV
     Cr_sctns:      ChipsProtonElasticXS: 0 eV  ---> 100 TeV
     Cr_sctns:            GheishaElastic: 0 eV  ---> 100 TeV

  Process: protonInelastic
        Model:                      FTFP: 4 GeV ---> 100 TeV
        Model:            BertiniCascade: 0 eV  ---> 5 GeV
     Cr_sctns:       Barashenkov-Glauber: 0 eV  ---> 100 TeV
     Cr_sctns:          GheishaInelastic: 0 eV  ---> 100 TeV

---------------------------------------------------
                           Hadronic Processes for triton

  Process: hadElastic
        Model:              hElasticLHEP: 0 eV /n ---> 100 TeV/n
     Cr_sctns:            GheishaElastic: 0 eV  ---> 100 TeV

  Process: tInelastic
        Model:  Binary Light Ion Cascade: 0 eV /n ---> 110 MeV/n
        Model:                  QMDModel: 100 MeV/n ---> 10 GeV/n
        Model:                      FTFP: 9.99 GeV/n ---> 1 TeV/n
     Cr_sctns: Glauber-Gribov nucleus nucleus: 0 eV  ---> 2.88022e+295 J  
     Cr_sctns:          GheishaInelastic: 0 eV  ---> 100 TeV

================================================================
=========================================
ACT: Beginning Run : 0
ANL: Setting up G4Manager
FLX: Registering ShuklaPrimaryFluxProcessor NTuples shukla
=======================================================================
======       Pre-compound/De-excitation Physics Parameters     ========
=======================================================================
Type of pre-compound inverse x-section              3
Pre-compound model active                           1
Pre-compound low energy (MeV)                       0.1
Type of de-excitation inverse x-section             3
Type of de-excitation factory                       Evaporation
Number of de-excitation channels                    8
Min excitation energy (keV)                         0.01
Min energy per nucleon for multifragmentation (MeV) 1e+05
Level density (1/MeV)                               0.1
Time limit for long lived isomeres (ns)             1442.7
Internal e- conversion flag                         1
Store e- internal conversion data                   1
Electron internal conversion ID                     0
Correlated gamma emission flag                      0
Max 2J for sampling of angular correlations         10
=======================================================================
... open Root analysis file : shaft_air_100k_fill0m_tgt180cm_o0cm.0.0.root - done
RUN: --> Processing Event : 0/100000
RUN: --> Triggers: 0, Exposure : 0.00209335 s
RUN: --> Trigger Rate: 0 +/- 0 s^-1
RUN: --> Processing Event : 1000/100000
RUN: --> Triggers: 2, Exposure : 1.02596 s
RUN: --> Trigger Rate: 1.94939 +/- 1.37843 s^-1
RUN: --> Processing Event : 2000/100000
RUN: --> Triggers: 3, Exposure : 2.01729 s
RUN: --> Trigger Rate: 1.48714 +/- 0.858601 s^-1
RUN: --> Processing Event : 3000/100000
RUN: --> Triggers: 3, Exposure : 3.03023 s
RUN: --> Trigger Rate: 0.990023 +/- 0.57159 s^-1
RUN: --> Processing Event : 4000/100000
RUN: --> Triggers: 4, Exposure : 4.07108 s
RUN: --> Trigger Rate: 0.98254 +/- 0.49127 s^-1
RUN: --> Processing Event : 5000/100000
RUN: --> Triggers: 5, Exposure : 5.10329 s
RUN: --> Trigger Rate: 0.979761 +/- 0.438162 s^-1
RUN: --> Processing Event : 6000/100000
RUN: --> Triggers: 5, Exposure : 6.03651 s
RUN: --> Trigger Rate: 0.828293 +/- 0.370424 s^-1
RUN: --> Processing Event : 7000/100000
RUN: --> Triggers: 5, Exposure : 7.0178 s
RUN: --> Trigger Rate: 0.712474 +/- 0.318628 s^-1
RUN: --> Processing Event : 8000/100000
RUN: --> Triggers: 5, Exposure : 7.99961 s
RUN: --> Trigger Rate: 0.625031 +/- 0.279522 s^-1
RUN: --> Processing Event : 9000/100000
RUN: --> Triggers: 7, Exposure : 9.07895 s
RUN: --> Trigger Rate: 0.771014 +/- 0.291416 s^-1
RUN: --> Processing Event : 10000/100000
RUN: --> Triggers: 9, Exposure : 10.038 s
RUN: --> Trigger Rate: 0.896596 +/- 0.298865 s^-1
RUN: --> Processing Event : 11000/100000
RUN: --> Triggers: 10, Exposure : 11.0278 s
RUN: --> Trigger Rate: 0.906795 +/- 0.286754 s^-1
RUN: --> Processing Event : 12000/100000
RUN: --> Triggers: 11, Exposure : 11.9467 s
RUN: --> Trigger Rate: 0.920755 +/- 0.277618 s^-1
RUN: --> Processing Event : 13000/100000
RUN: --> Triggers: 12, Exposure : 12.9349 s
RUN: --> Trigger Rate: 0.927722 +/- 0.26781 s^-1
RUN: --> Processing Event : 14000/100000
RUN: --> Triggers: 12, Exposure : 13.934 s
RUN: --> Trigger Rate: 0.861202 +/- 0.248608 s^-1
RUN: --> Processing Event : 15000/100000
RUN: --> Triggers: 12, Exposure : 14.9044 s
RUN: --> Trigger Rate: 0.805133 +/- 0.232422 s^-1
RUN: --> Processing Event : 16000/100000
RUN: --> Triggers: 14, Exposure : 15.907 s
RUN: --> Trigger Rate: 0.880116 +/- 0.235221 s^-1
RUN: --> Processing Event : 17000/100000
RUN: --> Triggers: 14, Exposure : 16.8822 s
RUN: --> Trigger Rate: 0.829277 +/- 0.221634 s^-1
RUN: --> Processing Event : 18000/100000
RUN: --> Triggers: 15, Exposure : 17.9587 s
RUN: --> Trigger Rate: 0.835249 +/- 0.21566 s^-1
RUN: --> Processing Event : 19000/100000
RUN: --> Triggers: 15, Exposure : 18.9735 s
RUN: --> Trigger Rate: 0.790577 +/- 0.204126 s^-1
RUN: --> Processing Event : 20000/100000
RUN: --> Triggers: 16, Exposure : 19.9343 s
RUN: --> Trigger Rate: 0.802637 +/- 0.200659 s^-1
RUN: --> Processing Event : 21000/100000
RUN: --> Triggers: 16, Exposure : 20.912 s
RUN: --> Trigger Rate: 0.765112 +/- 0.191278 s^-1
RUN: --> Processing Event : 22000/100000
RUN: --> Triggers: 16, Exposure : 21.9362 s
RUN: --> Trigger Rate: 0.729387 +/- 0.182347 s^-1
RUN: --> Processing Event : 23000/100000
RUN: --> Triggers: 17, Exposure : 22.9316 s
RUN: --> Trigger Rate: 0.741334 +/- 0.1798 s^-1
RUN: --> Processing Event : 24000/100000
RUN: --> Triggers: 17, Exposure : 23.9563 s
RUN: --> Trigger Rate: 0.709625 +/- 0.172109 s^-1
RUN: --> Processing Event : 25000/100000
RUN: --> Triggers: 17, Exposure : 24.8926 s
RUN: --> Trigger Rate: 0.682934 +/- 0.165636 s^-1
RUN: --> Processing Event : 26000/100000
RUN: --> Triggers: 17, Exposure : 25.9071 s
RUN: --> Trigger Rate: 0.65619 +/- 0.159149 s^-1
RUN: --> Processing Event : 27000/100000
RUN: --> Triggers: 18, Exposure : 26.9197 s
RUN: --> Trigger Rate: 0.668654 +/- 0.157603 s^-1
RUN: --> Processing Event : 28000/100000
RUN: --> Triggers: 18, Exposure : 27.914 s
RUN: --> Trigger Rate: 0.644839 +/- 0.15199 s^-1
RUN: --> Processing Event : 29000/100000
RUN: --> Triggers: 18, Exposure : 28.937 s
RUN: --> Trigger Rate: 0.622041 +/- 0.146616 s^-1
RUN: --> Processing Event : 30000/100000
RUN: --> Triggers: 18, Exposure : 29.912 s
RUN: --> Trigger Rate: 0.601766 +/- 0.141837 s^-1
RUN: --> Processing Event : 31000/100000
RUN: --> Triggers: 18, Exposure : 30.9027 s
RUN: --> Trigger Rate: 0.582474 +/- 0.137291 s^-1
RUN: --> Processing Event : 32000/100000
RUN: --> Triggers: 19, Exposure : 31.8459 s
RUN: --> Trigger Rate: 0.596624 +/- 0.136875 s^-1
RUN: --> Processing Event : 33000/100000
RUN: --> Triggers: 19, Exposure : 32.8632 s
RUN: --> Trigger Rate: 0.578155 +/- 0.132638 s^-1
RUN: --> Processing Event : 34000/100000
RUN: --> Triggers: 20, Exposure : 33.8229 s
RUN: --> Trigger Rate: 0.591315 +/- 0.132222 s^-1
RUN: --> Processing Event : 35000/100000
RUN: --> Triggers: 20, Exposure : 34.8362 s
RUN: --> Trigger Rate: 0.574116 +/- 0.128376 s^-1
RUN: --> Processing Event : 36000/100000
RUN: --> Triggers: 20, Exposure : 35.8756 s
RUN: --> Trigger Rate: 0.557482 +/- 0.124657 s^-1
RUN: --> Processing Event : 37000/100000
RUN: --> Triggers: 21, Exposure : 36.8927 s
RUN: --> Trigger Rate: 0.569218 +/- 0.124214 s^-1
RUN: --> Processing Event : 38000/100000
RUN: --> Triggers: 21, Exposure : 37.8208 s
RUN: --> Trigger Rate: 0.55525 +/- 0.121165 s^-1
RUN: --> Processing Event : 39000/100000
RUN: --> Triggers: 22, Exposure : 38.8985 s
RUN: --> Trigger Rate: 0.565575 +/- 0.120581 s^-1
RUN: --> Processing Event : 40000/100000
RUN: --> Triggers: 23, Exposure : 39.8651 s
RUN: --> Trigger Rate: 0.576946 +/- 0.120302 s^-1
RUN: --> Processing Event : 41000/100000
RUN: --> Triggers: 23, Exposure : 40.8661 s
RUN: --> Trigger Rate: 0.562813 +/- 0.117355 s^-1
RUN: --> Processing Event : 42000/100000
RUN: --> Triggers: 24, Exposure : 41.8445 s
RUN: --> Trigger Rate: 0.573552 +/- 0.117076 s^-1
RUN: --> Processing Event : 43000/100000
RUN: --> Triggers: 24, Exposure : 42.8132 s
RUN: --> Trigger Rate: 0.560575 +/- 0.114427 s^-1
RUN: --> Processing Event : 44000/100000
RUN: --> Triggers: 24, Exposure : 43.8124 s
RUN: --> Trigger Rate: 0.547791 +/- 0.111817 s^-1
RUN: --> Processing Event : 45000/100000
RUN: --> Triggers: 25, Exposure : 44.8308 s
RUN: --> Trigger Rate: 0.557653 +/- 0.111531 s^-1
RUN: --> Processing Event : 46000/100000
RUN: --> Triggers: 27, Exposure : 45.7976 s
RUN: --> Trigger Rate: 0.589551 +/- 0.113459 s^-1
RUN: --> Processing Event : 47000/100000
RUN: --> Triggers: 27, Exposure : 46.7615 s
RUN: --> Trigger Rate: 0.577398 +/- 0.11112 s^-1
RUN: --> Processing Event : 48000/100000
RUN: --> Triggers: 29, Exposure : 47.8228 s
RUN: --> Trigger Rate: 0.606406 +/- 0.112607 s^-1
RUN: --> Processing Event : 49000/100000
RUN: --> Triggers: 30, Exposure : 48.8145 s
RUN: --> Trigger Rate: 0.614572 +/- 0.112205 s^-1
RUN: --> Processing Event : 50000/100000
RUN: --> Triggers: 34, Exposure : 49.8381 s
RUN: --> Trigger Rate: 0.682209 +/- 0.116998 s^-1
RUN: --> Processing Event : 51000/100000
RUN: --> Triggers: 34, Exposure : 50.8824 s
RUN: --> Trigger Rate: 0.668207 +/- 0.114597 s^-1
RUN: --> Processing Event : 52000/100000
RUN: --> Triggers: 34, Exposure : 51.8782 s
RUN: --> Trigger Rate: 0.655381 +/- 0.112397 s^-1
RUN: --> Processing Event : 53000/100000
RUN: --> Triggers: 36, Exposure : 52.9036 s
RUN: --> Trigger Rate: 0.680483 +/- 0.113414 s^-1
RUN: --> Processing Event : 54000/100000
RUN: --> Triggers: 38, Exposure : 53.9025 s
RUN: --> Trigger Rate: 0.704977 +/- 0.114362 s^-1
RUN: --> Processing Event : 55000/100000
RUN: --> Triggers: 39, Exposure : 54.9369 s
RUN: --> Trigger Rate: 0.709905 +/- 0.113676 s^-1
RUN: --> Processing Event : 56000/100000
RUN: --> Triggers: 40, Exposure : 55.8897 s
RUN: --> Trigger Rate: 0.715696 +/- 0.113161 s^-1
RUN: --> Processing Event : 57000/100000
RUN: --> Triggers: 40, Exposure : 56.839 s
RUN: --> Trigger Rate: 0.703742 +/- 0.111271 s^-1
RUN: --> Processing Event : 58000/100000
RUN: --> Triggers: 40, Exposure : 57.8138 s
RUN: --> Trigger Rate: 0.691876 +/- 0.109395 s^-1
RUN: --> Processing Event : 59000/100000
RUN: --> Triggers: 40, Exposure : 58.8047 s
RUN: --> Trigger Rate: 0.680218 +/- 0.107552 s^-1
RUN: --> Processing Event : 60000/100000
RUN: --> Triggers: 42, Exposure : 59.8266 s
RUN: --> Trigger Rate: 0.702029 +/- 0.108325 s^-1
RUN: --> Processing Event : 61000/100000
RUN: --> Triggers: 44, Exposure : 60.8148 s
RUN: --> Trigger Rate: 0.723509 +/- 0.109073 s^-1
RUN: --> Processing Event : 62000/100000
RUN: --> Triggers: 45, Exposure : 61.8232 s
RUN: --> Trigger Rate: 0.727883 +/- 0.108506 s^-1
RUN: --> Processing Event : 63000/100000
RUN: --> Triggers: 47, Exposure : 62.8056 s
RUN: --> Trigger Rate: 0.748341 +/- 0.109157 s^-1
RUN: --> Processing Event : 64000/100000
RUN: --> Triggers: 49, Exposure : 63.8271 s
RUN: --> Trigger Rate: 0.7677 +/- 0.109671 s^-1
RUN: --> Processing Event : 65000/100000
RUN: --> Triggers: 49, Exposure : 64.8512 s
RUN: --> Trigger Rate: 0.755576 +/- 0.107939 s^-1
RUN: --> Processing Event : 66000/100000
RUN: --> Triggers: 49, Exposure : 65.8747 s
RUN: --> Trigger Rate: 0.743837 +/- 0.106262 s^-1
RUN: --> Processing Event : 67000/100000
RUN: --> Triggers: 50, Exposure : 66.8361 s
RUN: --> Trigger Rate: 0.748099 +/- 0.105797 s^-1
RUN: --> Processing Event : 68000/100000
RUN: --> Triggers: 51, Exposure : 67.7743 s
RUN: --> Trigger Rate: 0.752498 +/- 0.105371 s^-1
RUN: --> Processing Event : 69000/100000
RUN: --> Triggers: 53, Exposure : 68.6942 s
RUN: --> Trigger Rate: 0.771535 +/- 0.105979 s^-1
RUN: --> Processing Event : 70000/100000
RUN: --> Triggers: 53, Exposure : 69.7086 s
RUN: --> Trigger Rate: 0.760308 +/- 0.104436 s^-1
RUN: --> Processing Event : 71000/100000
RUN: --> Triggers: 53, Exposure : 70.7413 s
RUN: --> Trigger Rate: 0.749208 +/- 0.102912 s^-1
RUN: --> Processing Event : 72000/100000
RUN: --> Triggers: 53, Exposure : 71.7628 s
RUN: --> Trigger Rate: 0.738544 +/- 0.101447 s^-1
RUN: --> Processing Event : 73000/100000
RUN: --> Triggers: 53, Exposure : 72.74 s
RUN: --> Trigger Rate: 0.728622 +/- 0.100084 s^-1
RUN: --> Processing Event : 74000/100000
RUN: --> Triggers: 54, Exposure : 73.7563 s
RUN: --> Trigger Rate: 0.732141 +/- 0.0996317 s^-1
RUN: --> Processing Event : 75000/100000
RUN: --> Triggers: 54, Exposure : 74.7562 s
RUN: --> Trigger Rate: 0.722348 +/- 0.0982992 s^-1
RUN: --> Processing Event : 76000/100000
RUN: --> Triggers: 55, Exposure : 75.7499 s
RUN: --> Trigger Rate: 0.726074 +/- 0.0979038 s^-1
RUN: --> Processing Event : 77000/100000
RUN: --> Triggers: 55, Exposure : 76.7807 s
RUN: --> Trigger Rate: 0.716325 +/- 0.0965893 s^-1
RUN: --> Processing Event : 78000/100000
RUN: --> Triggers: 57, Exposure : 77.8322 s
RUN: --> Trigger Rate: 0.732344 +/- 0.0970014 s^-1
RUN: --> Processing Event : 79000/100000
RUN: --> Triggers: 59, Exposure : 78.817 s
RUN: --> Trigger Rate: 0.748569 +/- 0.0974554 s^-1
RUN: --> Processing Event : 80000/100000
RUN: --> Triggers: 61, Exposure : 79.876 s
RUN: --> Trigger Rate: 0.763684 +/- 0.0977797 s^-1
RUN: --> Processing Event : 81000/100000
RUN: --> Triggers: 62, Exposure : 80.8966 s
RUN: --> Trigger Rate: 0.76641 +/- 0.0973342 s^-1
RUN: --> Processing Event : 82000/100000
RUN: --> Triggers: 62, Exposure : 81.9114 s
RUN: --> Trigger Rate: 0.756915 +/- 0.0961283 s^-1
RUN: --> Processing Event : 83000/100000
RUN: --> Triggers: 63, Exposure : 82.905 s
RUN: --> Trigger Rate: 0.759906 +/- 0.0957392 s^-1
RUN: --> Processing Event : 84000/100000
RUN: --> Triggers: 64, Exposure : 83.87 s
RUN: --> Trigger Rate: 0.763086 +/- 0.0953858 s^-1
RUN: --> Processing Event : 85000/100000
RUN: --> Triggers: 67, Exposure : 84.9253 s
RUN: --> Trigger Rate: 0.788929 +/- 0.096383 s^-1
RUN: --> Processing Event : 86000/100000
RUN: --> Triggers: 68, Exposure : 85.9046 s
RUN: --> Trigger Rate: 0.791576 +/- 0.0959927 s^-1
RUN: --> Processing Event : 87000/100000
RUN: --> Triggers: 68, Exposure : 86.8889 s
RUN: --> Trigger Rate: 0.782608 +/- 0.0949052 s^-1
RUN: --> Processing Event : 88000/100000
RUN: --> Triggers: 71, Exposure : 87.8922 s
RUN: --> Trigger Rate: 0.807808 +/- 0.0958692 s^-1
RUN: --> Processing Event : 89000/100000
RUN: --> Triggers: 73, Exposure : 88.8377 s
RUN: --> Trigger Rate: 0.821723 +/- 0.0961754 s^-1
RUN: --> Processing Event : 90000/100000
RUN: --> Triggers: 76, Exposure : 89.8221 s
RUN: --> Trigger Rate: 0.846117 +/- 0.0970562 s^-1
RUN: --> Processing Event : 91000/100000
RUN: --> Triggers: 76, Exposure : 90.7742 s
RUN: --> Trigger Rate: 0.837242 +/- 0.0960382 s^-1
RUN: --> Processing Event : 92000/100000
RUN: --> Triggers: 78, Exposure : 91.7467 s
RUN: --> Trigger Rate: 0.850167 +/- 0.0962625 s^-1
RUN: --> Processing Event : 93000/100000
RUN: --> Triggers: 80, Exposure : 92.7386 s
RUN: --> Trigger Rate: 0.86264 +/- 0.0964461 s^-1
RUN: --> Processing Event : 94000/100000
RUN: --> Triggers: 81, Exposure : 93.6951 s
RUN: --> Trigger Rate: 0.864506 +/- 0.0960563 s^-1
RUN: --> Processing Event : 95000/100000
RUN: --> Triggers: 82, Exposure : 94.6869 s
RUN: --> Trigger Rate: 0.866012 +/- 0.095635 s^-1
RUN: --> Processing Event : 96000/100000
RUN: --> Triggers: 83, Exposure : 95.6823 s
RUN: --> Trigger Rate: 0.867454 +/- 0.0952154 s^-1
RUN: --> Processing Event : 97000/100000
RUN: --> Triggers: 85, Exposure : 96.6465 s
RUN: --> Trigger Rate: 0.879494 +/- 0.0953945 s^-1
RUN: --> Processing Event : 98000/100000
RUN: --> Triggers: 85, Exposure : 97.6586 s
RUN: --> Trigger Rate: 0.870379 +/- 0.0944059 s^-1
RUN: --> Processing Event : 99000/100000
RUN: --> Triggers: 87, Exposure : 98.6427 s
RUN: --> Trigger Rate: 0.881971 +/- 0.0945572 s^-1
Writing
... write Root file : shaft_air_100k_fill0m_tgt180cm_o0cm.0.0.root - done
... close Root file : shaft_air_100k_fill0m_tgt180cm_o0cm.0.0.root - done
ACT: Finished Run. Events : 100000, Triggered : 87, Exposure : 99.6758 s
ACT: --> Final Trigger Rate: 0.87283 +/- 0.0935772 s^-1
ACT: --> Final Trigger Counts: 0 	 0.100325 +/- 0.0317256 s^-1
ACT: --> Final Trigger Counts: 1 	 0.0300976 +/- 0.0173768 s^-1
ACT: --> Final Trigger Counts: 2 	 0.0100325 +/- 0.0100325 s^-1
ACT: --> Final Trigger Counts: 3 	 0.0902927 +/- 0.0300976 s^-1
ACT: --> Final Trigger Counts: 4 	 0.0601952 +/- 0.0245746 s^-1
ACT: --> Final Trigger Counts: 5 	 0.0401301 +/- 0.0200651 s^-1
ACT: --> Final Trigger Counts: 6 	 0.0702277 +/- 0.0265436 s^-1
ACT: --> Final Trigger Counts: 7 	 0.0300976 +/- 0.0173768 s^-1
ACT: --> Final Trigger Counts: 8 	 0.0501626 +/- 0.0224334 s^-1
ACT: --> Final Trigger Counts: 9 	 0.0401301 +/- 0.0200651 s^-1
ACT: --> Final Trigger Counts: 10 	 0.0401301 +/- 0.0200651 s^-1
ACT: --> Final Trigger Counts: 11 	 0.0601952 +/- 0.0245746 s^-1
ACT: --> Final Trigger Counts: 12 	 0.0100325 +/- 0.0100325 s^-1
ACT: --> Final Trigger Counts: 13 	 0.100325 +/- 0.0317256 s^-1
ACT: --> Final Trigger Counts: 14 	 0.0401301 +/- 0.0200651 s^-1
ACT: --> Final Trigger Counts: 15 	 0.0100325 +/- 0.0100325 s^-1
ACT: --> Final Trigger Counts: 16 	 0.0501626 +/- 0.0224334 s^-1
ACT: --> Final Trigger Counts: 17 	 0.130423 +/- 0.0361728 s^-1
========================================= 
APP: Cleaning Up!
========================================= 
