=========================================

 COSMIC RAY SIM : Cosmic Rays Simulation Code


 Authors: Patrick Stowell, Lee Thompson
 contact : p.stowell@sheffield.ac.uk

=========================================
========================================= 
APP: Getting User Inputs
========================================= 
APP: Getting Seed Info 
APP: --> Getting seed from time+pid.
APP: --> pid : 8461
APP: --> time : 1532356410
APP: --> seed : 1532364872
========================================= 
APP: Loading Default Database 
DB : --> Creating Database : default
DB : --> Selecting Database : default
DB : Loading all DB files from /home/chris/Code/geant4_simulations/cosmicraysim/data//*
DB : Loading all DB files from /home/chris/Code/geant4_simulations/cosmicraysim/data//awe/*
DB : Loading all DB files from /home/chris/Code/geant4_simulations/cosmicraysim/data//cry/*
DB : Loading all DB files from /home/chris/Code/geant4_simulations/cosmicraysim/data//detectors/*
DB : --> Loading '/home/chris/Code/geant4_simulations/cosmicraysim/data//detectors/default.db'' ...  --> Complete. (Loaded 1 Tables)
DB : Loading all DB files from /home/chris/Code/geant4_simulations/cosmicraysim/data//dsc/*
DB : Loading all DB files from /home/chris/Code/geant4_simulations/cosmicraysim/data//fluxes/*
DB : --> Loading '/home/chris/Code/geant4_simulations/cosmicraysim/data//fluxes/cry.db'' ...  --> Complete. (Loaded 1 Tables)
DB : --> Loading '/home/chris/Code/geant4_simulations/cosmicraysim/data//fluxes/shukla.db'' ...  --> Complete. (Loaded 1 Tables)
DB : --> Loading '/home/chris/Code/geant4_simulations/cosmicraysim/data//global.db'' ...  --> Complete. (Loaded 1 Tables)
DB : Loading all DB files from /home/chris/Code/geant4_simulations/cosmicraysim/data//materials/*
DB : --> Loading '/home/chris/Code/geant4_simulations/cosmicraysim/data//materials/material_list.db'' ...  --> Complete. (Loaded 8 Tables)
DB : --> Loading '/home/chris/Code/geant4_simulations/cosmicraysim/data//materials/soil_materials.db'' ...  --> Complete. (Loaded 31 Tables)
DB : --> Loading '../macros/ca/shukla/ca_variables_vent_shafts.geo'' ...  --> Complete. (Loaded 1 Tables)
DB : --> Loading '../macros/ca/shukla/ca_world_rock.geo'' ...  --> Complete. (Loaded 1 Tables)
DB : --> Loading '../macros/ca/shukla/ca_linear_detector_system_vent_shafts.geo'' ...  --> Complete. (Loaded 30 Tables)
DB : --> Loading '../macros/ca/shukla/ca_source_flux_vent_shafts.geo'' ...  --> Complete. (Loaded 4 Tables)
DB : --> Loading '../macros/ca/shukla/ca_vent_shafts.geo'' ...  --> Complete. (Loaded 2 Tables)
========================================= 
APP: Setting up Geant4 Run Manager 

**************************************************************
 Geant4 version Name: geant4-10-04-patch-01 [MT]   (28-February-2018)
                       Copyright : Geant4 Collaboration
                      References : NIM A 506 (2003), 250-303
                                 : IEEE-TNS 53 (2006), 270-278
                                 : NIM A 835 (2016), 186-225
                             WWW : http://geant4.org/
**************************************************************

========================================= 
APP: Setting User Initialization
<<< Geant4 Physics List simulation engine: Shielding 2.1

PHY: Setting Shielding Physics List
FLX: Loading Primary Generator : shukla
FLX: Building Shukla Generator
FLX: --> Using default Nottingham parset.
FLX: --> Min Energy : 0.1 GeV
FLX: --> Max Energy : 5000 GeV
FLX: --> I0         : 88.5 m-2 s-1 sr -1
FLX: --> n          : 3
FLX: --> E0         : 4.28 GeV
FLX: --> epsilon    : 854 GeV
FLX: --> radius     : 6371 km
FLX: --> distance   : 36.61 km
FLX: --> R/d        : 174.023
FLX: --> Setting up PDFs.
FLX: --> fSpeedUp        : 1
FLX: --> VerticalFlux : 88.5 m-2 s-1 sr-1
FLX: --> Integrated Flux : 187.37 m-2 s-1
FLX: --> Integrated Flux : 1.12422 cm-2 min-1
FLX: --> Creating Particle Gun.
FLX: --> Creating Source box
FLX: --> Creating Target boxes
FLX: --> Complete.
===============================
GEO: Building Geometry 
GEO: Constructing box : world
Material Density : 1.654e+19
MAT: Creating : Standard_Rock
MAT: Adding Element : O
MAT: Adding Element : C
MAT: Adding Element : Ca
MAT: Adding Element : Mg
MAT: Material Density : 2.65 g/cm3
GEO: Constructing eliptunnel : tunnel
Making Elliptical Tunnel
GEO: Constructing box : detector
GEO: Constructing box : bar0
Creating new scintillator detector : bar0_scint
GEO: Constructing box : bar1
Creating new scintillator detector : bar1_scint
GEO: Constructing box : bar2
Creating new scintillator detector : bar2_scint
GEO: Constructing box : bar3
Creating new scintillator detector : bar3_scint
GEO: Constructing box : bar4
Creating new scintillator detector : bar4_scint
GEO: Constructing box : bar5
Creating new scintillator detector : bar5_scint
GEO: Constructing box : target_det0
Creating new scintillator detector : target_det0_scint
GEO: Constructing box : target_det1
Creating new scintillator detector : target_det1_scint
GEO: Constructing box : target_det2
Creating new scintillator detector : target_det2_scint
GEO: Constructing cons : vent_shaft0
GEO: Constructing cons : vent_shaft_fill
===============================
TRG: Building Triggers 
TRG: Loading Coincidence Trigger : trigger06
 --> Processor Input 0 : bar0_scint
 --> Processor Input 1 : target_det0_scint
TRG: Setting Energy Threshold : 0
TRG: Setting Coincident Detectors : 2
TRG: Setting Efficiency : 0.834662
TRG: Loading Coincidence Trigger : trigger07
 --> Processor Input 0 : bar0_scint
 --> Processor Input 1 : target_det1_scint
TRG: Setting Energy Threshold : 0
TRG: Setting Coincident Detectors : 2
TRG: Setting Efficiency : 0.834913
TRG: Loading Coincidence Trigger : trigger08
 --> Processor Input 0 : bar0_scint
 --> Processor Input 1 : target_det2_scint
TRG: Setting Energy Threshold : 0
TRG: Setting Coincident Detectors : 2
TRG: Setting Efficiency : 0.815852
TRG: Loading Coincidence Trigger : trigger16
 --> Processor Input 0 : bar1_scint
 --> Processor Input 1 : target_det0_scint
TRG: Setting Energy Threshold : 0
TRG: Setting Coincident Detectors : 2
TRG: Setting Efficiency : 0.95447
TRG: Loading Coincidence Trigger : trigger17
 --> Processor Input 0 : bar1_scint
 --> Processor Input 1 : target_det1_scint
TRG: Setting Energy Threshold : 0
TRG: Setting Coincident Detectors : 2
TRG: Setting Efficiency : 0.954757
TRG: Loading Coincidence Trigger : trigger18
 --> Processor Input 0 : bar1_scint
 --> Processor Input 1 : target_det2_scint
TRG: Setting Energy Threshold : 0
TRG: Setting Coincident Detectors : 2
TRG: Setting Efficiency : 0.93296
TRG: Loading Coincidence Trigger : trigger26
 --> Processor Input 0 : bar2_scint
 --> Processor Input 1 : target_det0_scint
TRG: Setting Energy Threshold : 0
TRG: Setting Coincident Detectors : 2
TRG: Setting Efficiency : 0.982426
TRG: Loading Coincidence Trigger : trigger27
 --> Processor Input 0 : bar2_scint
 --> Processor Input 1 : target_det1_scint
TRG: Setting Energy Threshold : 0
TRG: Setting Coincident Detectors : 2
TRG: Setting Efficiency : 0.982721
TRG: Loading Coincidence Trigger : trigger28
 --> Processor Input 0 : bar2_scint
 --> Processor Input 1 : target_det2_scint
TRG: Setting Energy Threshold : 0
TRG: Setting Coincident Detectors : 2
TRG: Setting Efficiency : 0.960286
TRG: Loading Coincidence Trigger : trigger36
 --> Processor Input 0 : bar3_scint
 --> Processor Input 1 : target_det0_scint
TRG: Setting Energy Threshold : 0
TRG: Setting Coincident Detectors : 2
TRG: Setting Efficiency : 0.95447
TRG: Loading Coincidence Trigger : trigger37
 --> Processor Input 0 : bar3_scint
 --> Processor Input 1 : target_det1_scint
TRG: Setting Energy Threshold : 0
TRG: Setting Coincident Detectors : 2
TRG: Setting Efficiency : 0.954757
TRG: Loading Coincidence Trigger : trigger38
 --> Processor Input 0 : bar3_scint
 --> Processor Input 1 : target_det2_scint
TRG: Setting Energy Threshold : 0
TRG: Setting Coincident Detectors : 2
TRG: Setting Efficiency : 0.93296
TRG: Loading Coincidence Trigger : trigger46
 --> Processor Input 0 : bar4_scint
 --> Processor Input 1 : target_det0_scint
TRG: Setting Energy Threshold : 0
TRG: Setting Coincident Detectors : 2
TRG: Setting Efficiency : 0.802714
TRG: Loading Coincidence Trigger : trigger47
 --> Processor Input 0 : bar4_scint
 --> Processor Input 1 : target_det1_scint
TRG: Setting Energy Threshold : 0
TRG: Setting Coincident Detectors : 2
TRG: Setting Efficiency : 0.802955
TRG: Loading Coincidence Trigger : trigger48
 --> Processor Input 0 : bar4_scint
 --> Processor Input 1 : target_det2_scint
TRG: Setting Energy Threshold : 0
TRG: Setting Coincident Detectors : 2
TRG: Setting Efficiency : 0.784624
TRG: Loading Coincidence Trigger : trigger56
 --> Processor Input 0 : bar5_scint
 --> Processor Input 1 : target_det0_scint
TRG: Setting Energy Threshold : 0
TRG: Setting Coincident Detectors : 2
TRG: Setting Efficiency : 0.911539
TRG: Loading Coincidence Trigger : trigger57
 --> Processor Input 0 : bar5_scint
 --> Processor Input 1 : target_det1_scint
TRG: Setting Energy Threshold : 0
TRG: Setting Coincident Detectors : 2
TRG: Setting Efficiency : 0.911813
TRG: Loading Coincidence Trigger : trigger58
 --> Processor Input 0 : bar5_scint
 --> Processor Input 1 : target_det2_scint
TRG: Setting Energy Threshold : 0
TRG: Setting Coincident Detectors : 2
TRG: Setting Efficiency : 0.890997
===============================
PRC: Building PROCESSORS 
/usr/local/share/Geant4-10.4.1/data/G4NDL4.5
@@@ G4ParticleHPInelastic instantiated for particle neutron data directory variable is G4NEUTRONHPDATA pointing to /usr/local/share/Geant4-10.4.1/data/G4NDL4.5/Inelastic
@@@ G4ParticleHPInelasticData instantiated for particle neutron data directory variable is G4NEUTRONHPDATA pointing to /usr/local/share/Geant4-10.4.1/data/G4NDL4.5
NeutronHP: /Capture file for Z = 8, A = 18 is not found and NeutronHP will use /usr/local/share/Geant4-10.4.1/data/G4NDL4.5/Capture/CrossSection/8_17_Oxygen
NeutronHP: /Elastic file for Z = 8, A = 18 is not found and NeutronHP will use /usr/local/share/Geant4-10.4.1/data/G4NDL4.5/Elastic/CrossSection/8_17_Oxygen
NeutronHP: /Inelastic file for Z = 8, A = 18 is not found and NeutronHP will use /usr/local/share/Geant4-10.4.1/data/G4NDL4.5/Inelastic/CrossSection/8_17_Oxygen
NeutronHP: /Capture file for Z = 6, A = 12 is not found and NeutronHP will use /usr/local/share/Geant4-10.4.1/data/G4NDL4.5/Capture/CrossSection/6_nat_Carbon
NeutronHP: /Elastic file for Z = 6, A = 12 is not found and NeutronHP will use /usr/local/share/Geant4-10.4.1/data/G4NDL4.5/Elastic/CrossSection/6_nat_Carbon
NeutronHP: /Inelastic file for Z = 6, A = 12 is not found and NeutronHP will use /usr/local/share/Geant4-10.4.1/data/G4NDL4.5/Inelastic/CrossSection/6_nat_Carbon
NeutronHP: /Capture file for Z = 6, A = 13 is not found and NeutronHP will use /usr/local/share/Geant4-10.4.1/data/G4NDL4.5/Capture/CrossSection/6_nat_Carbon
NeutronHP: /Elastic file for Z = 6, A = 13 is not found and NeutronHP will use /usr/local/share/Geant4-10.4.1/data/G4NDL4.5/Elastic/CrossSection/6_nat_Carbon
NeutronHP: /Inelastic file for Z = 6, A = 13 is not found and NeutronHP will use /usr/local/share/Geant4-10.4.1/data/G4NDL4.5/Inelastic/CrossSection/6_nat_Carbon
Number of de-excitation channels is changed to      68
========================================= 
APP: Assigning Output Information
APP: --> Output Tag       : shaft_air_100k_fill0m_tgt50cm_o0cm
APP: --> Output Run ID    : 0
APP: --> Sub Run Start ID : 0
========================================= 
APP: Running Batch Mode
========================================= 
APP: Running Generator
APP: --> NEvents : 100000

APP: Starting Run : 100000

### ===  Deexcitation model UAtomDeexcitation is activated for 1 region:
          DefaultRegionForTheWorld  1  1  0
### ===  Auger cascade flag: 1
### ===  Ignore cuts flag:   0

phot:   for  gamma    SubType= 12  BuildTable= 0
      LambdaPrime table from 200 keV to 100 TeV in 61 bins 
      ===== EM models for the G4Region  DefaultRegionForTheWorld ======
 LivermorePhElectric :  Emin=        0 eV    Emax=      100 TeV   AngularGenSauterGavrila  FluoActive

compt:   for  gamma    SubType= 13  BuildTable= 1
      Lambda table from 100 eV  to 1 MeV, 7 bins per decade, spline: 1
      LambdaPrime table from 1 MeV to 100 TeV in 56 bins 
      ===== EM models for the G4Region  DefaultRegionForTheWorld ======
       Klein-Nishina :  Emin=        0 eV    Emax=      100 TeV

conv:   for  gamma    SubType= 14  BuildTable= 1
      Lambda table from 1.022 MeV to 100 TeV, 18 bins per decade, spline: 1
      ===== EM models for the G4Region  DefaultRegionForTheWorld ======
        BetheHeitler :  Emin=        0 eV    Emax=       80 GeV
     BetheHeitlerLPM :  Emin=       80 GeV   Emax=      100 TeV

Rayl:   for  gamma    SubType= 11  BuildTable= 1
      Lambda table from 100 eV  to 100 keV, 7 bins per decade, spline: 0
      LambdaPrime table from 100 keV to 100 TeV in 63 bins 
      ===== EM models for the G4Region  DefaultRegionForTheWorld ======
   LivermoreRayleigh :  Emin=        0 eV    Emax=      100 TeV   CullenGenerator

msc:   for e-    SubType= 10
      RangeFactor= 0.04, stepLimitType: 1, latDisplacement: 1
      ===== EM models for the G4Region  DefaultRegionForTheWorld ======
            UrbanMsc :  Emin=        0 eV    Emax=      100 MeV  Table with 42 bins Emin=    100 eV    Emax=    100 MeV
        WentzelVIUni :  Emin=      100 MeV   Emax=      100 TeV  Table with 42 bins Emin=    100 MeV   Emax=    100 TeV

eIoni:   for  e-    SubType= 2
      dE/dx and range tables from 100 eV  to 100 TeV in 84 bins
      Lambda tables from threshold to 100 TeV, 7 bins per decade, spline: 1
      finalRange(mm)= 1, dRoverRange= 0.2, integral: 1, fluct: 1, linLossLimit= 0.01
      ===== EM models for the G4Region  DefaultRegionForTheWorld ======
        MollerBhabha :  Emin=        0 eV    Emax=      100 TeV

eBrem:   for  e-    SubType= 3
      dE/dx and range tables from 100 eV  to 100 TeV in 84 bins
      Lambda tables from threshold to 100 TeV, 7 bins per decade, spline: 1
      LPM flag: 1 for E > 1 GeV,  VertexHighEnergyTh(GeV)= 100000
      ===== EM models for the G4Region  DefaultRegionForTheWorld ======
             eBremSB :  Emin=        0 eV    Emax=        1 GeV   DipBustGen
            eBremLPM :  Emin=        1 GeV   Emax=      100 TeV   DipBustGen

CoulombScat:   for  e-, integral: 1     SubType= 1  BuildTable= 1
      Lambda table from 100 MeV to 100 TeV, 7 bins per decade, spline: 1
      ThetaMin(p) < Theta(degree) < 180; pLimit(GeV^1)= 0.139531
      ===== EM models for the G4Region  DefaultRegionForTheWorld ======
  eCoulombScattering :  Emin=      100 MeV   Emax=      100 TeV

msc:   for e+    SubType= 10
      RangeFactor= 0.04, stepLimitType: 1, latDisplacement: 1
      ===== EM models for the G4Region  DefaultRegionForTheWorld ======
            UrbanMsc :  Emin=        0 eV    Emax=      100 MeV  Table with 42 bins Emin=    100 eV    Emax=    100 MeV
        WentzelVIUni :  Emin=      100 MeV   Emax=      100 TeV  Table with 42 bins Emin=    100 MeV   Emax=    100 TeV

eIoni:   for  e+    SubType= 2
      dE/dx and range tables from 100 eV  to 100 TeV in 84 bins
      Lambda tables from threshold to 100 TeV, 7 bins per decade, spline: 1
      finalRange(mm)= 1, dRoverRange= 0.2, integral: 1, fluct: 1, linLossLimit= 0.01
      ===== EM models for the G4Region  DefaultRegionForTheWorld ======
        MollerBhabha :  Emin=        0 eV    Emax=      100 TeV

eBrem:   for  e+    SubType= 3
      dE/dx and range tables from 100 eV  to 100 TeV in 84 bins
      Lambda tables from threshold to 100 TeV, 7 bins per decade, spline: 1
      LPM flag: 1 for E > 1 GeV,  VertexHighEnergyTh(GeV)= 100000
      ===== EM models for the G4Region  DefaultRegionForTheWorld ======
             eBremSB :  Emin=        0 eV    Emax=        1 GeV   DipBustGen
            eBremLPM :  Emin=        1 GeV   Emax=      100 TeV   DipBustGen

annihil:   for  e+, integral: 1     SubType= 5  BuildTable= 0
      ===== EM models for the G4Region  DefaultRegionForTheWorld ======
            eplus2gg :  Emin=        0 eV    Emax=      100 TeV

CoulombScat:   for  e+, integral: 1     SubType= 1  BuildTable= 1
      Lambda table from 100 MeV to 100 TeV, 7 bins per decade, spline: 1
      ThetaMin(p) < Theta(degree) < 180; pLimit(GeV^1)= 0.139531
      ===== EM models for the G4Region  DefaultRegionForTheWorld ======
  eCoulombScattering :  Emin=      100 MeV   Emax=      100 TeV

msc:   for proton    SubType= 10
      RangeFactor= 0.2, stepLimitType: 0, latDisplacement: 0
      ===== EM models for the G4Region  DefaultRegionForTheWorld ======
        WentzelVIUni :  Emin=        0 eV    Emax=      100 TeV  Table with 84 bins Emin=    100 eV    Emax=    100 TeV

hIoni:   for  proton    SubType= 2
      dE/dx and range tables from 100 eV  to 100 TeV in 84 bins
      Lambda tables from threshold to 100 TeV, 7 bins per decade, spline: 1
      finalRange(mm)= 0.1, dRoverRange= 0.2, integral: 1, fluct: 1, linLossLimit= 0.01
      ===== EM models for the G4Region  DefaultRegionForTheWorld ======
               Bragg :  Emin=        0 eV    Emax=        2 MeV
          BetheBloch :  Emin=        2 MeV   Emax=      100 TeV

hBrems:   for  proton    SubType= 3
      dE/dx and range tables from 100 eV  to 100 TeV in 84 bins
      Lambda tables from threshold to 100 TeV, 7 bins per decade, spline: 1
      ===== EM models for the G4Region  DefaultRegionForTheWorld ======
               hBrem :  Emin=        0 eV    Emax=      100 TeV

hPairProd:   for  proton    SubType= 4
      dE/dx and range tables from 100 eV  to 100 TeV in 84 bins
      Lambda tables from threshold to 100 TeV, 7 bins per decade, spline: 1
      Sampling table 17x1001; from 7.50618 GeV to 100 TeV 
      ===== EM models for the G4Region  DefaultRegionForTheWorld ======
           hPairProd :  Emin=        0 eV    Emax=      100 TeV

CoulombScat:   for  proton, integral: 1     SubType= 1  BuildTable= 1
      Lambda table from threshold  to 100 TeV, 7 bins per decade, spline: 1
      ThetaMin(p) < Theta(degree) < 180; pLimit(GeV^1)= 0.139531
      ===== EM models for the G4Region  DefaultRegionForTheWorld ======
  eCoulombScattering :  Emin=        0 eV    Emax=      100 TeV

msc:   for GenericIon    SubType= 10
      RangeFactor= 0.2, stepLimitType: 0, latDisplacement: 0
      ===== EM models for the G4Region  DefaultRegionForTheWorld ======
            UrbanMsc :  Emin=        0 eV    Emax=      100 TeV

ionIoni:   for  GenericIon    SubType= 2
      dE/dx and range tables from 100 eV  to 100 TeV in 84 bins
      Lambda tables from threshold to 100 TeV, 7 bins per decade, spline: 1
      finalRange(mm)= 0.1, dRoverRange= 0.2, integral: 1, fluct: 1, linLossLimit= 0.02
      Stopping Power data for 17 ion/material pairs 
      ===== EM models for the G4Region  DefaultRegionForTheWorld ======
            BraggIon :  Emin=        0 eV    Emax=        2 MeV
          BetheBloch :  Emin=        2 MeV   Emax=      100 TeV
=======================================================================
======       Radioactive Decay Physics Parameters              ========
=======================================================================
Max life time                                     1.4427e+06 ps
Internal e- conversion flag                       1
Stored internal conversion coefficients           1
Enable correlated gamma emission                  0
Max 2J for sampling of angular correlations       10
Atomic de-excitation enabled                      1
Auger electron emission enabled                   1
Auger cascade enabled                             1
Check EM cuts disabled for atomic de-excitation   0
Use Bearden atomic level energies                 0
=======================================================================

msc:   for alpha    SubType= 10
      RangeFactor= 0.2, stepLimitType: 0, latDisplacement: 0
      ===== EM models for the G4Region  DefaultRegionForTheWorld ======
            UrbanMsc :  Emin=        0 eV    Emax=      100 TeV  Table with 84 bins Emin=    100 eV    Emax=    100 TeV

ionIoni:   for  alpha    SubType= 2
      dE/dx and range tables from 100 eV  to 100 TeV in 84 bins
      Lambda tables from threshold to 100 TeV, 7 bins per decade, spline: 1
      finalRange(mm)= 0.1, dRoverRange= 0.2, integral: 1, fluct: 1, linLossLimit= 0.02
      ===== EM models for the G4Region  DefaultRegionForTheWorld ======
            BraggIon :  Emin=        0 eV    Emax=   7.9452 MeV
          BetheBloch :  Emin=   7.9452 MeV   Emax=      100 TeV

msc:   for anti_proton    SubType= 10
      RangeFactor= 0.2, stepLimitType: 0, latDisplacement: 0
      ===== EM models for the G4Region  DefaultRegionForTheWorld ======
        WentzelVIUni :  Emin=        0 eV    Emax=      100 TeV  Table with 84 bins Emin=    100 eV    Emax=    100 TeV

hIoni:   for  anti_proton    SubType= 2
      dE/dx and range tables from 100 eV  to 100 TeV in 84 bins
      Lambda tables from threshold to 100 TeV, 7 bins per decade, spline: 1
      finalRange(mm)= 0.1, dRoverRange= 0.2, integral: 1, fluct: 1, linLossLimit= 0.01
      ===== EM models for the G4Region  DefaultRegionForTheWorld ======
            ICRU73QO :  Emin=        0 eV    Emax=        2 MeV
          BetheBloch :  Emin=        2 MeV   Emax=      100 TeV

hBrems:   for  anti_proton    SubType= 3
      dE/dx and range tables from 100 eV  to 100 TeV in 84 bins
      Lambda tables from threshold to 100 TeV, 7 bins per decade, spline: 1
      ===== EM models for the G4Region  DefaultRegionForTheWorld ======
               hBrem :  Emin=        0 eV    Emax=      100 TeV

hPairProd:   for  anti_proton    SubType= 4
      dE/dx and range tables from 100 eV  to 100 TeV in 84 bins
      Lambda tables from threshold to 100 TeV, 7 bins per decade, spline: 1
      Sampling table 17x1001; from 7.50618 GeV to 100 TeV 
      ===== EM models for the G4Region  DefaultRegionForTheWorld ======
           hPairProd :  Emin=        0 eV    Emax=      100 TeV

CoulombScat:   for  anti_proton, integral: 1     SubType= 1  BuildTable= 1
      Lambda table from threshold  to 100 TeV, 7 bins per decade, spline: 1
      ThetaMin(p) < Theta(degree) < 180; pLimit(GeV^1)= 0.139531
      ===== EM models for the G4Region  DefaultRegionForTheWorld ======
  eCoulombScattering :  Emin=        0 eV    Emax=      100 TeV

msc:   for kaon+    SubType= 10
      RangeFactor= 0.2, stepLimitType: 0, latDisplacement: 0
      ===== EM models for the G4Region  DefaultRegionForTheWorld ======
        WentzelVIUni :  Emin=        0 eV    Emax=      100 TeV  Table with 84 bins Emin=    100 eV    Emax=    100 TeV

hIoni:   for  kaon+    SubType= 2
      dE/dx and range tables from 100 eV  to 100 TeV in 84 bins
      Lambda tables from threshold to 100 TeV, 7 bins per decade, spline: 1
      finalRange(mm)= 0.1, dRoverRange= 0.2, integral: 1, fluct: 1, linLossLimit= 0.01
      ===== EM models for the G4Region  DefaultRegionForTheWorld ======
               Bragg :  Emin=        0 eV    Emax=  1.05231 MeV
          BetheBloch :  Emin=  1.05231 MeV   Emax=      100 TeV

hBrems:   for  kaon+    SubType= 3
      dE/dx and range tables from 100 eV  to 100 TeV in 84 bins
      Lambda tables from threshold to 100 TeV, 7 bins per decade, spline: 1
      ===== EM models for the G4Region  DefaultRegionForTheWorld ======
               hBrem :  Emin=        0 eV    Emax=      100 TeV

hPairProd:   for  kaon+    SubType= 4
      dE/dx and range tables from 100 eV  to 100 TeV in 84 bins
      Lambda tables from threshold to 100 TeV, 7 bins per decade, spline: 1
      Sampling table 18x1001; from 3.94942 GeV to 100 TeV 
      ===== EM models for the G4Region  DefaultRegionForTheWorld ======
           hPairProd :  Emin=        0 eV    Emax=      100 TeV

CoulombScat:   for  kaon+, integral: 1     SubType= 1  BuildTable= 1
      Lambda table from threshold  to 100 TeV, 7 bins per decade, spline: 1
      ThetaMin(p) < Theta(degree) < 180; pLimit(GeV^1)= 0.139531
      ===== EM models for the G4Region  DefaultRegionForTheWorld ======
  eCoulombScattering :  Emin=        0 eV    Emax=      100 TeV

msc:   for kaon-    SubType= 10
      RangeFactor= 0.2, stepLimitType: 0, latDisplacement: 0
      ===== EM models for the G4Region  DefaultRegionForTheWorld ======
        WentzelVIUni :  Emin=        0 eV    Emax=      100 TeV  Table with 84 bins Emin=    100 eV    Emax=    100 TeV

hIoni:   for  kaon-    SubType= 2
      dE/dx and range tables from 100 eV  to 100 TeV in 84 bins
      Lambda tables from threshold to 100 TeV, 7 bins per decade, spline: 1
      finalRange(mm)= 0.1, dRoverRange= 0.2, integral: 1, fluct: 1, linLossLimit= 0.01
      ===== EM models for the G4Region  DefaultRegionForTheWorld ======
            ICRU73QO :  Emin=        0 eV    Emax=  1.05231 MeV
          BetheBloch :  Emin=  1.05231 MeV   Emax=      100 TeV

hBrems:   for  kaon-    SubType= 3
      dE/dx and range tables from 100 eV  to 100 TeV in 84 bins
      Lambda tables from threshold to 100 TeV, 7 bins per decade, spline: 1
      ===== EM models for the G4Region  DefaultRegionForTheWorld ======
               hBrem :  Emin=        0 eV    Emax=      100 TeV

hPairProd:   for  kaon-    SubType= 4
      dE/dx and range tables from 100 eV  to 100 TeV in 84 bins
      Lambda tables from threshold to 100 TeV, 7 bins per decade, spline: 1
      Sampling table 18x1001; from 3.94942 GeV to 100 TeV 
      ===== EM models for the G4Region  DefaultRegionForTheWorld ======
           hPairProd :  Emin=        0 eV    Emax=      100 TeV

CoulombScat:   for  kaon-, integral: 1     SubType= 1  BuildTable= 1
      Used Lambda table of kaon+
      ThetaMin(p) < Theta(degree) < 180; pLimit(GeV^1)= 0.139531
      ===== EM models for the G4Region  DefaultRegionForTheWorld ======
  eCoulombScattering :  Emin=        0 eV    Emax=      100 TeV

msc:   for mu+    SubType= 10
      RangeFactor= 0.2, step limit type: 0, lateralDisplacement: 0, polarAngleLimit(deg)= 180
      ===== EM models for the G4Region  DefaultRegionForTheWorld ======
        WentzelVIUni :  Emin=        0 eV    Emax=      100 TeV  Table with 84 bins Emin=    100 eV    Emax=    100 TeV

muIoni:   for  mu+    SubType= 2
      dE/dx and range tables from 100 eV  to 100 TeV in 84 bins
      Lambda tables from threshold to 100 TeV, 7 bins per decade, spline: 1
      finalRange(mm)= 0.1, dRoverRange= 0.2, integral: 1, fluct: 1, linLossLimit= 0.01
      ===== EM models for the G4Region  DefaultRegionForTheWorld ======
               Bragg :  Emin=        0 eV    Emax=      200 keV
          BetheBloch :  Emin=      200 keV   Emax=        1 GeV
        MuBetheBloch :  Emin=        1 GeV   Emax=      100 TeV

muBrems:   for  mu+    SubType= 3
      dE/dx and range tables from 100 eV  to 100 TeV in 84 bins
      Lambda tables from threshold to 100 TeV, 7 bins per decade, spline: 1
      ===== EM models for the G4Region  DefaultRegionForTheWorld ======
              MuBrem :  Emin=        0 eV    Emax=      100 TeV

muPairProd:   for  mu+    SubType= 4
      dE/dx and range tables from 100 eV  to 100 TeV in 84 bins
      Lambda tables from threshold to 100 TeV, 7 bins per decade, spline: 1
      Sampling table 21x1001; from 1 GeV to 100 TeV 
      ===== EM models for the G4Region  DefaultRegionForTheWorld ======
          muPairProd :  Emin=        0 eV    Emax=      100 TeV

CoulombScat:   for  mu+, integral: 1     SubType= 1  BuildTable= 1
      Lambda table from threshold  to 100 TeV, 7 bins per decade, spline: 1
      ThetaMin(p) < Theta(degree) < 180; pLimit(GeV^1)= 0.139531
      ===== EM models for the G4Region  DefaultRegionForTheWorld ======
  eCoulombScattering :  Emin=        0 eV    Emax=      100 TeV

msc:   for mu-    SubType= 10
      RangeFactor= 0.2, step limit type: 0, lateralDisplacement: 0, polarAngleLimit(deg)= 180
      ===== EM models for the G4Region  DefaultRegionForTheWorld ======
        WentzelVIUni :  Emin=        0 eV    Emax=      100 TeV  Table with 84 bins Emin=    100 eV    Emax=    100 TeV

muIoni:   for  mu-    SubType= 2
      dE/dx and range tables from 100 eV  to 100 TeV in 84 bins
      Lambda tables from threshold to 100 TeV, 7 bins per decade, spline: 1
      finalRange(mm)= 0.1, dRoverRange= 0.2, integral: 1, fluct: 1, linLossLimit= 0.01
      ===== EM models for the G4Region  DefaultRegionForTheWorld ======
            ICRU73QO :  Emin=        0 eV    Emax=      200 keV
          BetheBloch :  Emin=      200 keV   Emax=        1 GeV
        MuBetheBloch :  Emin=        1 GeV   Emax=      100 TeV

muBrems:   for  mu-    SubType= 3
      dE/dx and range tables from 100 eV  to 100 TeV in 84 bins
      Lambda tables from threshold to 100 TeV, 7 bins per decade, spline: 1
      ===== EM models for the G4Region  DefaultRegionForTheWorld ======
              MuBrem :  Emin=        0 eV    Emax=      100 TeV

muPairProd:   for  mu-    SubType= 4
      dE/dx and range tables from 100 eV  to 100 TeV in 84 bins
      Lambda tables from threshold to 100 TeV, 7 bins per decade, spline: 1
      Sampling table 21x1001; from 1 GeV to 100 TeV 
      ===== EM models for the G4Region  DefaultRegionForTheWorld ======
          muPairProd :  Emin=        0 eV    Emax=      100 TeV

CoulombScat:   for  mu-, integral: 1     SubType= 1  BuildTable= 1
      Used Lambda table of mu+
      ThetaMin(p) < Theta(degree) < 180; pLimit(GeV^1)= 0.139531
      ===== EM models for the G4Region  DefaultRegionForTheWorld ======
  eCoulombScattering :  Emin=        0 eV    Emax=      100 TeV
NeutronHP: /Capture file for Z = 8, A = 18 is not found and NeutronHP will use /usr/local/share/Geant4-10.4.1/data/G4NDL4.5/Capture/CrossSection/8_17_Oxygen
NeutronHP: /Elastic file for Z = 8, A = 18 is not found and NeutronHP will use /usr/local/share/Geant4-10.4.1/data/G4NDL4.5/Elastic/CrossSection/8_17_Oxygen
NeutronHP: /Inelastic file for Z = 8, A = 18 is not found and NeutronHP will use /usr/local/share/Geant4-10.4.1/data/G4NDL4.5/Inelastic/CrossSection/8_17_Oxygen
NeutronHP: /Capture file for Z = 6, A = 12 is not found and NeutronHP will use /usr/local/share/Geant4-10.4.1/data/G4NDL4.5/Capture/CrossSection/6_nat_Carbon
NeutronHP: /Elastic file for Z = 6, A = 12 is not found and NeutronHP will use /usr/local/share/Geant4-10.4.1/data/G4NDL4.5/Elastic/CrossSection/6_nat_Carbon
NeutronHP: /Inelastic file for Z = 6, A = 12 is not found and NeutronHP will use /usr/local/share/Geant4-10.4.1/data/G4NDL4.5/Inelastic/CrossSection/6_nat_Carbon
NeutronHP: /Capture file for Z = 6, A = 13 is not found and NeutronHP will use /usr/local/share/Geant4-10.4.1/data/G4NDL4.5/Capture/CrossSection/6_nat_Carbon
NeutronHP: /Elastic file for Z = 6, A = 13 is not found and NeutronHP will use /usr/local/share/Geant4-10.4.1/data/G4NDL4.5/Elastic/CrossSection/6_nat_Carbon
NeutronHP: /Inelastic file for Z = 6, A = 13 is not found and NeutronHP will use /usr/local/share/Geant4-10.4.1/data/G4NDL4.5/Inelastic/CrossSection/6_nat_Carbon
NeutronHP: /Elastic file for Z = 8, A = 18 is not found and NeutronHP will use /usr/local/share/Geant4-10.4.1/data/G4NDL4.5/Elastic/CrossSection/8_17_Oxygen
NeutronHP: /Elastic file for Z = 6, A = 12 is not found and NeutronHP will use /usr/local/share/Geant4-10.4.1/data/G4NDL4.5/Elastic/CrossSection/6_nat_Carbon
NeutronHP: /Elastic file for Z = 6, A = 13 is not found and NeutronHP will use /usr/local/share/Geant4-10.4.1/data/G4NDL4.5/Elastic/CrossSection/6_nat_Carbon
@@@ G4ParticleHPInelastic instantiated for particle neutron data directory variable is G4NEUTRONHPDATA pointing to /usr/local/share/Geant4-10.4.1/data/G4NDL4.5/Inelastic
NeutronHP: /Capture file for Z = 8, A = 18 is not found and NeutronHP will use /usr/local/share/Geant4-10.4.1/data/G4NDL4.5/Capture/CrossSection/8_17_Oxygen
NeutronHP: /Capture file for Z = 6, A = 12 is not found and NeutronHP will use /usr/local/share/Geant4-10.4.1/data/G4NDL4.5/Capture/CrossSection/6_nat_Carbon
NeutronHP: /Capture file for Z = 6, A = 13 is not found and NeutronHP will use /usr/local/share/Geant4-10.4.1/data/G4NDL4.5/Capture/CrossSection/6_nat_Carbon

msc:   for pi+    SubType= 10
      RangeFactor= 0.2, stepLimitType: 0, latDisplacement: 0
      ===== EM models for the G4Region  DefaultRegionForTheWorld ======
        WentzelVIUni :  Emin=        0 eV    Emax=      100 TeV  Table with 84 bins Emin=    100 eV    Emax=    100 TeV

hIoni:   for  pi+    SubType= 2
      dE/dx and range tables from 100 eV  to 100 TeV in 84 bins
      Lambda tables from threshold to 100 TeV, 7 bins per decade, spline: 1
      finalRange(mm)= 0.1, dRoverRange= 0.2, integral: 1, fluct: 1, linLossLimit= 0.01
      ===== EM models for the G4Region  DefaultRegionForTheWorld ======
               Bragg :  Emin=        0 eV    Emax=  297.505 keV
          BetheBloch :  Emin=  297.505 keV   Emax=      100 TeV

hBrems:   for  pi+    SubType= 3
      dE/dx and range tables from 100 eV  to 100 TeV in 84 bins
      Lambda tables from threshold to 100 TeV, 7 bins per decade, spline: 1
      ===== EM models for the G4Region  DefaultRegionForTheWorld ======
               hBrem :  Emin=        0 eV    Emax=      100 TeV

hPairProd:   for  pi+    SubType= 4
      dE/dx and range tables from 100 eV  to 100 TeV in 84 bins
      Lambda tables from threshold to 100 TeV, 7 bins per decade, spline: 1
      Sampling table 20x1001; from 1.11656 GeV to 100 TeV 
      ===== EM models for the G4Region  DefaultRegionForTheWorld ======
           hPairProd :  Emin=        0 eV    Emax=      100 TeV

CoulombScat:   for  pi+, integral: 1     SubType= 1  BuildTable= 1
      Lambda table from threshold  to 100 TeV, 7 bins per decade, spline: 1
      ThetaMin(p) < Theta(degree) < 180; pLimit(GeV^1)= 0.139531
      ===== EM models for the G4Region  DefaultRegionForTheWorld ======
  eCoulombScattering :  Emin=        0 eV    Emax=      100 TeV

msc:   for pi-    SubType= 10
      RangeFactor= 0.2, stepLimitType: 0, latDisplacement: 0
      ===== EM models for the G4Region  DefaultRegionForTheWorld ======
        WentzelVIUni :  Emin=        0 eV    Emax=      100 TeV  Table with 84 bins Emin=    100 eV    Emax=    100 TeV

hIoni:   for  pi-    SubType= 2
      dE/dx and range tables from 100 eV  to 100 TeV in 84 bins
      Lambda tables from threshold to 100 TeV, 7 bins per decade, spline: 1
      finalRange(mm)= 0.1, dRoverRange= 0.2, integral: 1, fluct: 1, linLossLimit= 0.01
      ===== EM models for the G4Region  DefaultRegionForTheWorld ======
            ICRU73QO :  Emin=        0 eV    Emax=  297.505 keV
          BetheBloch :  Emin=  297.505 keV   Emax=      100 TeV

hBrems:   for  pi-    SubType= 3
      dE/dx and range tables from 100 eV  to 100 TeV in 84 bins
      Lambda tables from threshold to 100 TeV, 7 bins per decade, spline: 1
      ===== EM models for the G4Region  DefaultRegionForTheWorld ======
               hBrem :  Emin=        0 eV    Emax=      100 TeV

hPairProd:   for  pi-    SubType= 4
      dE/dx and range tables from 100 eV  to 100 TeV in 84 bins
      Lambda tables from threshold to 100 TeV, 7 bins per decade, spline: 1
      Sampling table 20x1001; from 1.11656 GeV to 100 TeV 
      ===== EM models for the G4Region  DefaultRegionForTheWorld ======
           hPairProd :  Emin=        0 eV    Emax=      100 TeV

CoulombScat:   for  pi-, integral: 1     SubType= 1  BuildTable= 1
      Used Lambda table of pi+
      ThetaMin(p) < Theta(degree) < 180; pLimit(GeV^1)= 0.139531
      ===== EM models for the G4Region  DefaultRegionForTheWorld ======
  eCoulombScattering :  Emin=        0 eV    Emax=      100 TeV

====================================================================
                  HADRONIC PROCESSES SUMMARY (verbose level 1)

---------------------------------------------------
                           Hadronic Processes for GenericIon

  Process: ionInelastic
        Model:  Binary Light Ion Cascade: 0 eV /n ---> 110 MeV/n
        Model:                  QMDModel: 100 MeV/n ---> 10 GeV/n
        Model:                      FTFP: 9.99 GeV/n ---> 1 TeV/n
     Cr_sctns: Glauber-Gribov nucleus nucleus: 0 eV  ---> 2.88022e+295 J  
     Cr_sctns:          GheishaInelastic: 0 eV  ---> 100 TeV

  Process: ionElastic
        Model:          NNDiffuseElastic: 0 eV /n ---> 1 TeV/n
     Cr_sctns: Glauber-Gribov nucleus nucleus: 0 eV  ---> 2.88022e+295 J  
     Cr_sctns:            GheishaElastic: 0 eV  ---> 100 TeV

---------------------------------------------------
                           Hadronic Processes for He3

  Process: hadElastic
        Model:              hElasticLHEP: 0 eV /n ---> 100 TeV/n
     Cr_sctns: Glauber-Gribov nucleus nucleus: 0 eV  ---> 2.88022e+295 J  
     Cr_sctns:            GheishaElastic: 0 eV  ---> 100 TeV

  Process: He3Inelastic
        Model:  Binary Light Ion Cascade: 0 eV /n ---> 110 MeV/n
        Model:                  QMDModel: 100 MeV/n ---> 10 GeV/n
        Model:                      FTFP: 9.99 GeV/n ---> 1 TeV/n
     Cr_sctns: Glauber-Gribov nucleus nucleus: 0 eV  ---> 2.88022e+295 J  
     Cr_sctns:          GheishaInelastic: 0 eV  ---> 100 TeV

---------------------------------------------------
                           Hadronic Processes for alpha

  Process: hadElastic
        Model:              hElasticLHEP: 0 eV /n ---> 100 TeV/n
     Cr_sctns:            GheishaElastic: 0 eV  ---> 100 TeV

  Process: alphaInelastic
        Model:  Binary Light Ion Cascade: 0 eV /n ---> 110 MeV/n
        Model:                  QMDModel: 100 MeV/n ---> 10 GeV/n
        Model:                      FTFP: 9.99 GeV/n ---> 1 TeV/n
     Cr_sctns: Glauber-Gribov nucleus nucleus: 0 eV  ---> 2.88022e+295 J  
     Cr_sctns:          GheishaInelastic: 0 eV  ---> 100 TeV

---------------------------------------------------
                           Hadronic Processes for anti_He3

  Process: hadElastic
        Model:              hElasticLHEP: 0 eV /n ---> 100.1 MeV/n
        Model:              AntiAElastic: 100 MeV/n ---> 100 TeV/n
     Cr_sctns:              AntiAGlauber: 0 eV  ---> 2.88022e+295 J  
     Cr_sctns:            GheishaElastic: 0 eV  ---> 100 TeV

  Process: anti_He3Inelastic
        Model:                      FTFP: 0 eV /n ---> 100 TeV/n
     Cr_sctns:              AntiAGlauber: 0 eV  ---> 2.88022e+295 J  
     Cr_sctns:          GheishaInelastic: 0 eV  ---> 100 TeV

  Process: hFritiofCaptureAtRest

---------------------------------------------------
                           Hadronic Processes for anti_alpha

  Process: hadElastic
        Model:              hElasticLHEP: 0 eV /n ---> 100.1 MeV/n
        Model:              AntiAElastic: 100 MeV/n ---> 100 TeV/n
     Cr_sctns:              AntiAGlauber: 0 eV  ---> 2.88022e+295 J  
     Cr_sctns:            GheishaElastic: 0 eV  ---> 100 TeV

  Process: anti_alphaInelastic
        Model:                      FTFP: 0 eV /n ---> 100 TeV/n
     Cr_sctns:              AntiAGlauber: 0 eV  ---> 2.88022e+295 J  
     Cr_sctns:          GheishaInelastic: 0 eV  ---> 100 TeV

  Process: hFritiofCaptureAtRest

---------------------------------------------------
                           Hadronic Processes for anti_deuteron

  Process: hadElastic
        Model:              hElasticLHEP: 0 eV /n ---> 100.1 MeV/n
        Model:              AntiAElastic: 100 MeV/n ---> 100 TeV/n
     Cr_sctns:              AntiAGlauber: 0 eV  ---> 2.88022e+295 J  
     Cr_sctns:            GheishaElastic: 0 eV  ---> 100 TeV

  Process: anti_deuteronInelastic
        Model:                      FTFP: 0 eV /n ---> 100 TeV/n
     Cr_sctns:              AntiAGlauber: 0 eV  ---> 2.88022e+295 J  
     Cr_sctns:          GheishaInelastic: 0 eV  ---> 100 TeV

  Process: hFritiofCaptureAtRest

---------------------------------------------------
                           Hadronic Processes for anti_neutron

  Process: hadElastic
        Model:              hElasticLHEP: 0 eV  ---> 100 TeV
     Cr_sctns:            GheishaElastic: 0 eV  ---> 100 TeV

  Process: anti_neutronInelastic
        Model:                      FTFP: 0 eV  ---> 100 TeV
     Cr_sctns:              AntiAGlauber: 0 eV  ---> 2.88022e+295 J  
     Cr_sctns:          GheishaInelastic: 0 eV  ---> 100 TeV

---------------------------------------------------
                           Hadronic Processes for anti_proton

  Process: hadElastic
        Model:              hElasticLHEP: 0 eV  ---> 100.1 MeV
        Model:              AntiAElastic: 100 MeV ---> 100 TeV
     Cr_sctns:              AntiAGlauber: 0 eV  ---> 2.88022e+295 J  
     Cr_sctns:            GheishaElastic: 0 eV  ---> 100 TeV

  Process: anti_protonInelastic
        Model:                      FTFP: 0 eV  ---> 100 TeV
     Cr_sctns:              AntiAGlauber: 0 eV  ---> 2.88022e+295 J  
     Cr_sctns:          GheishaInelastic: 0 eV  ---> 100 TeV

  Process: hFritiofCaptureAtRest

---------------------------------------------------
                           Hadronic Processes for anti_triton

  Process: hadElastic
        Model:              hElasticLHEP: 0 eV /n ---> 100.1 MeV/n
        Model:              AntiAElastic: 100 MeV/n ---> 100 TeV/n
     Cr_sctns:              AntiAGlauber: 0 eV  ---> 2.88022e+295 J  
     Cr_sctns:            GheishaElastic: 0 eV  ---> 100 TeV

  Process: anti_tritonInelastic
        Model:                      FTFP: 0 eV /n ---> 100 TeV/n
     Cr_sctns:              AntiAGlauber: 0 eV  ---> 2.88022e+295 J  
     Cr_sctns:          GheishaInelastic: 0 eV  ---> 100 TeV

  Process: hFritiofCaptureAtRest

---------------------------------------------------
                           Hadronic Processes for deuteron

  Process: hadElastic
        Model:              hElasticLHEP: 0 eV /n ---> 100 TeV/n
     Cr_sctns:            GheishaElastic: 0 eV  ---> 100 TeV

  Process: dInelastic
        Model:  Binary Light Ion Cascade: 0 eV /n ---> 110 MeV/n
        Model:                  QMDModel: 100 MeV/n ---> 10 GeV/n
        Model:                      FTFP: 9.99 GeV/n ---> 1 TeV/n
     Cr_sctns: Glauber-Gribov nucleus nucleus: 0 eV  ---> 2.88022e+295 J  
     Cr_sctns:          GheishaInelastic: 0 eV  ---> 100 TeV

---------------------------------------------------
                           Hadronic Processes for e+

  Process: positronNuclear
        Model:   G4ElectroVDNuclearModel: 0 eV  ---> 1 PeV
     Cr_sctns:          ElectroNuclearXS: 0 eV  ---> 100 TeV
     Cr_sctns:          GheishaInelastic: 0 eV  ---> 100 TeV

---------------------------------------------------
                           Hadronic Processes for e-

  Process: electronNuclear
        Model:   G4ElectroVDNuclearModel: 0 eV  ---> 1 PeV
     Cr_sctns:          ElectroNuclearXS: 0 eV  ---> 100 TeV
     Cr_sctns:          GheishaInelastic: 0 eV  ---> 100 TeV

---------------------------------------------------
                           Hadronic Processes for gamma

  Process: photonNuclear
        Model:            BertiniCascade: 0 eV  ---> 3.5 GeV
        Model:           TheoFSGenerator: 3 GeV ---> 100 TeV
     Cr_sctns:            PhotoNuclearXS: 0 eV  ---> 100 TeV
     Cr_sctns:          GheishaInelastic: 0 eV  ---> 100 TeV

---------------------------------------------------
                           Hadronic Processes for kaon+

  Process: hadElastic
        Model:              hElasticLHEP: 0 eV  ---> 100 TeV
     Cr_sctns:            Glauber-Gribov: 0 eV  ---> 2.88022e+295 J  
     Cr_sctns:            GheishaElastic: 0 eV  ---> 100 TeV

  Process: kaon+Inelastic
        Model:                      FTFP: 4 GeV ---> 100 TeV
        Model:            BertiniCascade: 0 eV  ---> 5 GeV
     Cr_sctns:            Glauber-Gribov: 0 eV  ---> 2.88022e+295 J  
     Cr_sctns:          GheishaInelastic: 0 eV  ---> 100 TeV

---------------------------------------------------
                           Hadronic Processes for kaon-

  Process: hadElastic
        Model:              hElasticLHEP: 0 eV  ---> 100 TeV
     Cr_sctns:            Glauber-Gribov: 0 eV  ---> 2.88022e+295 J  
     Cr_sctns:            GheishaElastic: 0 eV  ---> 100 TeV

  Process: kaon-Inelastic
        Model:                      FTFP: 4 GeV ---> 100 TeV
        Model:            BertiniCascade: 0 eV  ---> 5 GeV
     Cr_sctns:            Glauber-Gribov: 0 eV  ---> 2.88022e+295 J  
     Cr_sctns:          GheishaInelastic: 0 eV  ---> 100 TeV

  Process: hBertiniCaptureAtRest

---------------------------------------------------
                           Hadronic Processes for lambda

  Process: hadElastic
        Model:              hElasticLHEP: 0 eV  ---> 100 TeV
     Cr_sctns:            GheishaElastic: 0 eV  ---> 100 TeV

  Process: lambdaInelastic
        Model:            BertiniCascade: 0 eV  ---> 6 GeV
        Model:                      FTFP: 2 GeV ---> 100 TeV
     Cr_sctns:   ChipsHyperonInelasticXS: 0 eV  ---> 100 TeV
     Cr_sctns:          GheishaInelastic: 0 eV  ---> 100 TeV

---------------------------------------------------
                           Hadronic Processes for mu+

  Process: muonNuclear
        Model:      G4MuonVDNuclearModel: 0 eV  ---> 1 PeV
     Cr_sctns:     KokoulinMuonNuclearXS: 0 eV  ---> 100 TeV

---------------------------------------------------
                           Hadronic Processes for mu-

  Process: muonNuclear
        Model:      G4MuonVDNuclearModel: 0 eV  ---> 1 PeV
     Cr_sctns:     KokoulinMuonNuclearXS: 0 eV  ---> 100 TeV

  Process: muMinusCaptureAtRest

---------------------------------------------------
                           Hadronic Processes for neutron

  Process: hadElastic
        Model:             hElasticCHIPS: 19.5 MeV ---> 100 TeV
        Model:          NeutronHPElastic: 0 eV  ---> 20 MeV
     Cr_sctns:        NeutronHPElasticXS: 0 eV  ---> 20 MeV
     Cr_sctns:        G4NeutronElasticXS: 0 eV  ---> 100 TeV
     Cr_sctns:            GheishaElastic: 0 eV  ---> 100 TeV

  Process: neutronInelastic
        Model:                      FTFP: 4 GeV ---> 100 TeV
        Model:            BertiniCascade: 19.9 MeV ---> 5 GeV
        Model:        NeutronHPInelastic: 0 eV  ---> 20 MeV
     Cr_sctns:      NeutronHPInelasticXS: 0 eV  ---> 20 MeV
     Cr_sctns: JENDLHEInelasticCrossSection: 0 eV  ---> 100 TeV
     Cr_sctns:       Barashenkov-Glauber: 0 eV  ---> 100 TeV
     Cr_sctns:          GheishaInelastic: 0 eV  ---> 100 TeV

  Process: nCapture
        Model:          NeutronHPCapture: 0 eV  ---> 20 MeV
        Model:               nRadCapture: 19.9 MeV ---> 100 TeV
     Cr_sctns:        NeutronHPCaptureXS: 0 eV  ---> 20 MeV
     Cr_sctns:        G4NeutronCaptureXS: 0 eV  ---> 100 TeV
     Cr_sctns:          GheishaCaptureXS: 0 eV  ---> 100 TeV

  Process: nFission
        Model:          NeutronHPFission: 0 eV  ---> 20 MeV
        Model:                G4LFission: 19.9 MeV ---> 2.88022e+295 J  
     Cr_sctns:        NeutronHPFissionXS: 0 eV  ---> 20 MeV
     Cr_sctns:          GheishaFissionXS: 0 eV  ---> 100 TeV

---------------------------------------------------
                           Hadronic Processes for pi+

  Process: hadElastic
        Model:              hElasticLHEP: 0 eV  ---> 1.0001 GeV
        Model:           hElasticGlauber: 1 GeV ---> 100 TeV
     Cr_sctns:       Barashenkov-Glauber: 0 eV  ---> 100 TeV
     Cr_sctns:            GheishaElastic: 0 eV  ---> 100 TeV

  Process: pi+Inelastic
        Model:                      FTFP: 4 GeV ---> 100 TeV
        Model:            BertiniCascade: 0 eV  ---> 5 GeV
     Cr_sctns:      G4CrossSectionPairGG: 0 eV  ---> 100 TeV
                         G4CrossSectionPairGG: G4PiNuclearCrossSection cross sections 
                           below 91 GeV, Glauber-Gribov above 
     Cr_sctns:          GheishaInelastic: 0 eV  ---> 100 TeV

---------------------------------------------------
                           Hadronic Processes for pi-

  Process: hadElastic
        Model:              hElasticLHEP: 0 eV  ---> 1.0001 GeV
        Model:           hElasticGlauber: 1 GeV ---> 100 TeV
     Cr_sctns:       Barashenkov-Glauber: 0 eV  ---> 100 TeV
     Cr_sctns:            GheishaElastic: 0 eV  ---> 100 TeV

  Process: pi-Inelastic
        Model:                      FTFP: 4 GeV ---> 100 TeV
        Model:            BertiniCascade: 0 eV  ---> 5 GeV
     Cr_sctns:      G4CrossSectionPairGG: 0 eV  ---> 100 TeV
                         G4CrossSectionPairGG: G4PiNuclearCrossSection cross sections 
                           below 91 GeV, Glauber-Gribov above 
     Cr_sctns:          GheishaInelastic: 0 eV  ---> 100 TeV

  Process: hBertiniCaptureAtRest

---------------------------------------------------
                           Hadronic Processes for proton

  Process: hadElastic
        Model:             hElasticCHIPS: 0 eV  ---> 100 TeV
     Cr_sctns:      ChipsProtonElasticXS: 0 eV  ---> 100 TeV
     Cr_sctns:            GheishaElastic: 0 eV  ---> 100 TeV

  Process: protonInelastic
        Model:                      FTFP: 4 GeV ---> 100 TeV
        Model:            BertiniCascade: 0 eV  ---> 5 GeV
     Cr_sctns:       Barashenkov-Glauber: 0 eV  ---> 100 TeV
     Cr_sctns:          GheishaInelastic: 0 eV  ---> 100 TeV

---------------------------------------------------
                           Hadronic Processes for triton

  Process: hadElastic
        Model:              hElasticLHEP: 0 eV /n ---> 100 TeV/n
     Cr_sctns:            GheishaElastic: 0 eV  ---> 100 TeV

  Process: tInelastic
        Model:  Binary Light Ion Cascade: 0 eV /n ---> 110 MeV/n
        Model:                  QMDModel: 100 MeV/n ---> 10 GeV/n
        Model:                      FTFP: 9.99 GeV/n ---> 1 TeV/n
     Cr_sctns: Glauber-Gribov nucleus nucleus: 0 eV  ---> 2.88022e+295 J  
     Cr_sctns:          GheishaInelastic: 0 eV  ---> 100 TeV

================================================================
=========================================
ACT: Beginning Run : 0
ANL: Setting up G4Manager
FLX: Registering ShuklaPrimaryFluxProcessor NTuples shukla
=======================================================================
======       Pre-compound/De-excitation Physics Parameters     ========
=======================================================================
Type of pre-compound inverse x-section              3
Pre-compound model active                           1
Pre-compound low energy (MeV)                       0.1
Type of de-excitation inverse x-section             3
Type of de-excitation factory                       Evaporation
Number of de-excitation channels                    8
Min excitation energy (keV)                         0.01
Min energy per nucleon for multifragmentation (MeV) 1e+05
Level density (1/MeV)                               0.1
Time limit for long lived isomeres (ns)             1442.7
Internal e- conversion flag                         1
Store e- internal conversion data                   1
Electron internal conversion ID                     0
Correlated gamma emission flag                      0
Max 2J for sampling of angular correlations         10
=======================================================================
... open Root analysis file : shaft_air_100k_fill0m_tgt50cm_o0cm.0.0.root - done
RUN: --> Processing Event : 0/100000
RUN: --> Triggers: 0, Exposure : 0.00398927 s
RUN: --> Trigger Rate: 0 +/- 0 s^-1
RUN: --> Processing Event : 1000/100000
RUN: --> Triggers: 2, Exposure : 12.5614 s
RUN: --> Trigger Rate: 0.159218 +/- 0.112584 s^-1
RUN: --> Processing Event : 2000/100000
RUN: --> Triggers: 6, Exposure : 25.7399 s
RUN: --> Trigger Rate: 0.233101 +/- 0.0951631 s^-1
RUN: --> Processing Event : 3000/100000
RUN: --> Triggers: 7, Exposure : 38.4972 s
RUN: --> Trigger Rate: 0.181832 +/- 0.0687258 s^-1
RUN: --> Processing Event : 4000/100000
RUN: --> Triggers: 11, Exposure : 50.8491 s
RUN: --> Trigger Rate: 0.216327 +/- 0.0652249 s^-1
RUN: --> Processing Event : 5000/100000
RUN: --> Triggers: 16, Exposure : 63.8727 s
RUN: --> Trigger Rate: 0.250498 +/- 0.0626245 s^-1
RUN: --> Processing Event : 6000/100000
RUN: --> Triggers: 21, Exposure : 77.0402 s
RUN: --> Trigger Rate: 0.272585 +/- 0.0594829 s^-1
RUN: --> Processing Event : 7000/100000
RUN: --> Triggers: 27, Exposure : 90.0453 s
RUN: --> Trigger Rate: 0.299849 +/- 0.057706 s^-1
RUN: --> Processing Event : 8000/100000
RUN: --> Triggers: 30, Exposure : 103.086 s
RUN: --> Trigger Rate: 0.291018 +/- 0.0531324 s^-1
RUN: --> Processing Event : 9000/100000
RUN: --> Triggers: 34, Exposure : 116.511 s
RUN: --> Trigger Rate: 0.291818 +/- 0.0500464 s^-1
RUN: --> Processing Event : 10000/100000
RUN: --> Triggers: 39, Exposure : 128.284 s
RUN: --> Trigger Rate: 0.304012 +/- 0.0486809 s^-1
RUN: --> Processing Event : 11000/100000
RUN: --> Triggers: 44, Exposure : 140.994 s
RUN: --> Trigger Rate: 0.312071 +/- 0.0470464 s^-1
RUN: --> Processing Event : 12000/100000
RUN: --> Triggers: 47, Exposure : 153.433 s
RUN: --> Trigger Rate: 0.306324 +/- 0.0446819 s^-1
RUN: --> Processing Event : 13000/100000
RUN: --> Triggers: 47, Exposure : 166.479 s
RUN: --> Trigger Rate: 0.282319 +/- 0.0411804 s^-1
RUN: --> Processing Event : 14000/100000
RUN: --> Triggers: 50, Exposure : 179.399 s
RUN: --> Trigger Rate: 0.278709 +/- 0.0394154 s^-1
RUN: --> Processing Event : 15000/100000
RUN: --> Triggers: 56, Exposure : 192.179 s
RUN: --> Trigger Rate: 0.291395 +/- 0.0389393 s^-1
RUN: --> Processing Event : 16000/100000
RUN: --> Triggers: 63, Exposure : 205.544 s
RUN: --> Trigger Rate: 0.306504 +/- 0.0386159 s^-1
RUN: --> Processing Event : 17000/100000
RUN: --> Triggers: 67, Exposure : 219.152 s
RUN: --> Trigger Rate: 0.305724 +/- 0.0373501 s^-1
RUN: --> Processing Event : 18000/100000
RUN: --> Triggers: 71, Exposure : 232.749 s
RUN: --> Trigger Rate: 0.30505 +/- 0.0362027 s^-1
RUN: --> Processing Event : 19000/100000
RUN: --> Triggers: 73, Exposure : 246.08 s
RUN: --> Trigger Rate: 0.296652 +/- 0.0347205 s^-1
RUN: --> Processing Event : 20000/100000
RUN: --> Triggers: 75, Exposure : 258.992 s
RUN: --> Trigger Rate: 0.289584 +/- 0.0334383 s^-1
RUN: --> Processing Event : 21000/100000
RUN: --> Triggers: 79, Exposure : 271.815 s
RUN: --> Trigger Rate: 0.290639 +/- 0.0326995 s^-1
RUN: --> Processing Event : 22000/100000
RUN: --> Triggers: 84, Exposure : 284.952 s
RUN: --> Trigger Rate: 0.294787 +/- 0.0321639 s^-1
RUN: --> Processing Event : 23000/100000
RUN: --> Triggers: 89, Exposure : 297.312 s
RUN: --> Trigger Rate: 0.299348 +/- 0.0317309 s^-1
RUN: --> Processing Event : 24000/100000
RUN: --> Triggers: 91, Exposure : 310.654 s
RUN: --> Trigger Rate: 0.29293 +/- 0.0307074 s^-1
RUN: --> Processing Event : 25000/100000
RUN: --> Triggers: 96, Exposure : 323.393 s
RUN: --> Trigger Rate: 0.296852 +/- 0.0302973 s^-1
RUN: --> Processing Event : 26000/100000
RUN: --> Triggers: 100, Exposure : 336.499 s
RUN: --> Trigger Rate: 0.297178 +/- 0.0297178 s^-1
RUN: --> Processing Event : 27000/100000
RUN: --> Triggers: 103, Exposure : 350.33 s
RUN: --> Trigger Rate: 0.294009 +/- 0.0289695 s^-1
RUN: --> Processing Event : 28000/100000
RUN: --> Triggers: 111, Exposure : 363.806 s
RUN: --> Trigger Rate: 0.305107 +/- 0.0289595 s^-1
RUN: --> Processing Event : 29000/100000
RUN: --> Triggers: 112, Exposure : 376.449 s
RUN: --> Trigger Rate: 0.297517 +/- 0.0281127 s^-1
RUN: --> Processing Event : 30000/100000
RUN: --> Triggers: 118, Exposure : 389.173 s
RUN: --> Trigger Rate: 0.303207 +/- 0.0279124 s^-1
RUN: --> Processing Event : 31000/100000
RUN: --> Triggers: 121, Exposure : 402.55 s
RUN: --> Trigger Rate: 0.300584 +/- 0.0273258 s^-1
RUN: --> Processing Event : 32000/100000
RUN: --> Triggers: 126, Exposure : 415.57 s
RUN: --> Trigger Rate: 0.303198 +/- 0.027011 s^-1
RUN: --> Processing Event : 33000/100000
RUN: --> Triggers: 128, Exposure : 427.987 s
RUN: --> Trigger Rate: 0.299074 +/- 0.0264347 s^-1
RUN: --> Processing Event : 34000/100000
RUN: --> Triggers: 132, Exposure : 440.915 s
RUN: --> Trigger Rate: 0.299377 +/- 0.0260574 s^-1
RUN: --> Processing Event : 35000/100000
RUN: --> Triggers: 135, Exposure : 454.185 s
RUN: --> Trigger Rate: 0.297236 +/- 0.025582 s^-1
RUN: --> Processing Event : 36000/100000
RUN: --> Triggers: 137, Exposure : 467.647 s
RUN: --> Trigger Rate: 0.292956 +/- 0.0250289 s^-1
RUN: --> Processing Event : 37000/100000
RUN: --> Triggers: 140, Exposure : 482.003 s
RUN: --> Trigger Rate: 0.290455 +/- 0.0245479 s^-1
RUN: --> Processing Event : 38000/100000
RUN: --> Triggers: 144, Exposure : 494.807 s
RUN: --> Trigger Rate: 0.291022 +/- 0.0242519 s^-1
RUN: --> Processing Event : 39000/100000
RUN: --> Triggers: 146, Exposure : 507.616 s
RUN: --> Trigger Rate: 0.287619 +/- 0.0238035 s^-1
RUN: --> Processing Event : 40000/100000
RUN: --> Triggers: 149, Exposure : 520.306 s
RUN: --> Trigger Rate: 0.28637 +/- 0.0234603 s^-1
RUN: --> Processing Event : 41000/100000
RUN: --> Triggers: 153, Exposure : 533.094 s
RUN: --> Trigger Rate: 0.287004 +/- 0.0232029 s^-1
RUN: --> Processing Event : 42000/100000
RUN: --> Triggers: 156, Exposure : 545.993 s
RUN: --> Trigger Rate: 0.285718 +/- 0.0228758 s^-1
RUN: --> Processing Event : 43000/100000
RUN: --> Triggers: 159, Exposure : 559.162 s
RUN: --> Trigger Rate: 0.284354 +/- 0.0225508 s^-1
RUN: --> Processing Event : 44000/100000
RUN: --> Triggers: 169, Exposure : 571.654 s
RUN: --> Trigger Rate: 0.295634 +/- 0.022741 s^-1
RUN: --> Processing Event : 45000/100000
RUN: --> Triggers: 174, Exposure : 584.3 s
RUN: --> Trigger Rate: 0.297792 +/- 0.0225756 s^-1
RUN: --> Processing Event : 46000/100000
RUN: --> Triggers: 178, Exposure : 597.318 s
RUN: --> Trigger Rate: 0.297999 +/- 0.0223359 s^-1
RUN: --> Processing Event : 47000/100000
RUN: --> Triggers: 182, Exposure : 610.779 s
RUN: --> Trigger Rate: 0.29798 +/- 0.0220878 s^-1
RUN: --> Processing Event : 48000/100000
RUN: --> Triggers: 187, Exposure : 623.39 s
RUN: --> Trigger Rate: 0.299973 +/- 0.0219362 s^-1
RUN: --> Processing Event : 49000/100000
RUN: --> Triggers: 189, Exposure : 635.506 s
RUN: --> Trigger Rate: 0.297401 +/- 0.0216327 s^-1
RUN: --> Processing Event : 50000/100000
RUN: --> Triggers: 197, Exposure : 648.051 s
RUN: --> Trigger Rate: 0.303989 +/- 0.0216583 s^-1
RUN: --> Processing Event : 51000/100000
RUN: --> Triggers: 201, Exposure : 660.507 s
RUN: --> Trigger Rate: 0.304312 +/- 0.0214645 s^-1
RUN: --> Processing Event : 52000/100000
RUN: --> Triggers: 203, Exposure : 672.853 s
RUN: --> Trigger Rate: 0.301701 +/- 0.0211752 s^-1
RUN: --> Processing Event : 53000/100000
RUN: --> Triggers: 204, Exposure : 686.116 s
RUN: --> Trigger Rate: 0.297326 +/- 0.020817 s^-1
RUN: --> Processing Event : 54000/100000
RUN: --> Triggers: 208, Exposure : 698.657 s
RUN: --> Trigger Rate: 0.297714 +/- 0.0206427 s^-1
RUN: --> Processing Event : 55000/100000
RUN: --> Triggers: 211, Exposure : 711.277 s
RUN: --> Trigger Rate: 0.29665 +/- 0.0204222 s^-1
RUN: --> Processing Event : 56000/100000
RUN: --> Triggers: 212, Exposure : 723.805 s
RUN: --> Trigger Rate: 0.292896 +/- 0.0201162 s^-1
RUN: --> Processing Event : 57000/100000
RUN: --> Triggers: 217, Exposure : 736.719 s
RUN: --> Trigger Rate: 0.294549 +/- 0.0199953 s^-1
RUN: --> Processing Event : 58000/100000
RUN: --> Triggers: 220, Exposure : 749.655 s
RUN: --> Trigger Rate: 0.293468 +/- 0.0197856 s^-1
RUN: --> Processing Event : 59000/100000
RUN: --> Triggers: 227, Exposure : 761.917 s
RUN: --> Trigger Rate: 0.297933 +/- 0.0197745 s^-1
RUN: --> Processing Event : 60000/100000
RUN: --> Triggers: 229, Exposure : 774.489 s
RUN: --> Trigger Rate: 0.295679 +/- 0.019539 s^-1
RUN: --> Processing Event : 61000/100000
RUN: --> Triggers: 235, Exposure : 787.381 s
RUN: --> Trigger Rate: 0.298458 +/- 0.0194692 s^-1
RUN: --> Processing Event : 62000/100000
RUN: --> Triggers: 238, Exposure : 800.179 s
RUN: --> Trigger Rate: 0.297433 +/- 0.0192797 s^-1
RUN: --> Processing Event : 63000/100000
RUN: --> Triggers: 242, Exposure : 813.071 s
RUN: --> Trigger Rate: 0.297637 +/- 0.0191328 s^-1
RUN: --> Processing Event : 64000/100000
RUN: --> Triggers: 247, Exposure : 826.221 s
RUN: --> Trigger Rate: 0.298952 +/- 0.0190218 s^-1
RUN: --> Processing Event : 65000/100000
RUN: --> Triggers: 253, Exposure : 839.267 s
RUN: --> Trigger Rate: 0.301454 +/- 0.0189522 s^-1
RUN: --> Processing Event : 66000/100000
RUN: --> Triggers: 257, Exposure : 851.362 s
RUN: --> Trigger Rate: 0.301869 +/- 0.0188301 s^-1
RUN: --> Processing Event : 67000/100000
RUN: --> Triggers: 262, Exposure : 864.307 s
RUN: --> Trigger Rate: 0.303133 +/- 0.0187276 s^-1
RUN: --> Processing Event : 68000/100000
RUN: --> Triggers: 266, Exposure : 876.981 s
RUN: --> Trigger Rate: 0.303313 +/- 0.0185973 s^-1
RUN: --> Processing Event : 69000/100000
RUN: --> Triggers: 271, Exposure : 889.458 s
RUN: --> Trigger Rate: 0.30468 +/- 0.018508 s^-1
RUN: --> Processing Event : 70000/100000
RUN: --> Triggers: 275, Exposure : 903.202 s
RUN: --> Trigger Rate: 0.304472 +/- 0.0183604 s^-1
RUN: --> Processing Event : 71000/100000
RUN: --> Triggers: 278, Exposure : 916.222 s
RUN: --> Trigger Rate: 0.30342 +/- 0.0181979 s^-1
RUN: --> Processing Event : 72000/100000
RUN: --> Triggers: 283, Exposure : 929.784 s
RUN: --> Trigger Rate: 0.304372 +/- 0.018093 s^-1
RUN: --> Processing Event : 73000/100000
RUN: --> Triggers: 287, Exposure : 942.013 s
RUN: --> Trigger Rate: 0.304667 +/- 0.0179839 s^-1
RUN: --> Processing Event : 74000/100000
RUN: --> Triggers: 291, Exposure : 955.275 s
RUN: --> Trigger Rate: 0.304624 +/- 0.0178574 s^-1
RUN: --> Processing Event : 75000/100000
RUN: --> Triggers: 293, Exposure : 967.367 s
RUN: --> Trigger Rate: 0.302884 +/- 0.0176947 s^-1
RUN: --> Processing Event : 76000/100000
RUN: --> Triggers: 297, Exposure : 980.535 s
RUN: --> Trigger Rate: 0.302896 +/- 0.0175758 s^-1
RUN: --> Processing Event : 77000/100000
RUN: --> Triggers: 304, Exposure : 992.855 s
RUN: --> Trigger Rate: 0.306188 +/- 0.0175611 s^-1
RUN: --> Processing Event : 78000/100000
RUN: --> Triggers: 306, Exposure : 1006.24 s
RUN: --> Trigger Rate: 0.304103 +/- 0.0173844 s^-1
RUN: --> Processing Event : 79000/100000
RUN: --> Triggers: 310, Exposure : 1018.67 s
RUN: --> Trigger Rate: 0.304317 +/- 0.017284 s^-1
RUN: --> Processing Event : 80000/100000
RUN: --> Triggers: 315, Exposure : 1032.38 s
RUN: --> Trigger Rate: 0.305119 +/- 0.0171915 s^-1
RUN: --> Processing Event : 81000/100000
RUN: --> Triggers: 319, Exposure : 1044.99 s
RUN: --> Trigger Rate: 0.305266 +/- 0.0170916 s^-1
RUN: --> Processing Event : 82000/100000
RUN: --> Triggers: 323, Exposure : 1058.07 s
RUN: --> Trigger Rate: 0.305273 +/- 0.0169859 s^-1
RUN: --> Processing Event : 83000/100000
RUN: --> Triggers: 327, Exposure : 1071.09 s
RUN: --> Trigger Rate: 0.305296 +/- 0.0168829 s^-1
RUN: --> Processing Event : 84000/100000
RUN: --> Triggers: 331, Exposure : 1083.71 s
RUN: --> Trigger Rate: 0.305433 +/- 0.0167881 s^-1
RUN: --> Processing Event : 85000/100000
RUN: --> Triggers: 334, Exposure : 1096.45 s
RUN: --> Trigger Rate: 0.30462 +/- 0.0166681 s^-1
RUN: --> Processing Event : 86000/100000
RUN: --> Triggers: 334, Exposure : 1109.24 s
RUN: --> Trigger Rate: 0.301108 +/- 0.0164759 s^-1
RUN: --> Processing Event : 87000/100000
RUN: --> Triggers: 336, Exposure : 1121.76 s
RUN: --> Trigger Rate: 0.29953 +/- 0.0163407 s^-1
RUN: --> Processing Event : 88000/100000
RUN: --> Triggers: 340, Exposure : 1134.89 s
RUN: --> Trigger Rate: 0.29959 +/- 0.0162475 s^-1
RUN: --> Processing Event : 89000/100000
RUN: --> Triggers: 342, Exposure : 1148.28 s
RUN: --> Trigger Rate: 0.297837 +/- 0.0161052 s^-1
RUN: --> Processing Event : 90000/100000
RUN: --> Triggers: 345, Exposure : 1160.4 s
RUN: --> Trigger Rate: 0.297311 +/- 0.0160067 s^-1
RUN: --> Processing Event : 91000/100000
RUN: --> Triggers: 348, Exposure : 1173.42 s
RUN: --> Trigger Rate: 0.296569 +/- 0.0158978 s^-1
RUN: --> Processing Event : 92000/100000
RUN: --> Triggers: 351, Exposure : 1186.78 s
RUN: --> Trigger Rate: 0.295759 +/- 0.0157865 s^-1
RUN: --> Processing Event : 93000/100000
RUN: --> Triggers: 352, Exposure : 1199.33 s
RUN: --> Trigger Rate: 0.293498 +/- 0.0156435 s^-1
RUN: --> Processing Event : 94000/100000
RUN: --> Triggers: 357, Exposure : 1212.67 s
RUN: --> Trigger Rate: 0.294391 +/- 0.0155808 s^-1
RUN: --> Processing Event : 95000/100000
RUN: --> Triggers: 360, Exposure : 1225.56 s
RUN: --> Trigger Rate: 0.293743 +/- 0.0154816 s^-1
RUN: --> Processing Event : 96000/100000
RUN: --> Triggers: 367, Exposure : 1238.33 s
RUN: --> Trigger Rate: 0.296368 +/- 0.0154703 s^-1
RUN: --> Processing Event : 97000/100000
RUN: --> Triggers: 374, Exposure : 1251.56 s
RUN: --> Trigger Rate: 0.298827 +/- 0.015452 s^-1
RUN: --> Processing Event : 98000/100000
RUN: --> Triggers: 378, Exposure : 1264.44 s
RUN: --> Trigger Rate: 0.298947 +/- 0.0153762 s^-1
RUN: --> Processing Event : 99000/100000
RUN: --> Triggers: 381, Exposure : 1277.24 s
RUN: --> Trigger Rate: 0.298299 +/- 0.0152823 s^-1
Writing
... write Root file : shaft_air_100k_fill0m_tgt50cm_o0cm.0.0.root - done
... close Root file : shaft_air_100k_fill0m_tgt50cm_o0cm.0.0.root - done
ACT: Finished Run. Events : 100000, Triggered : 383, Exposure : 1289.91 s
ACT: --> Final Trigger Rate: 0.296919 +/- 0.0151718 s^-1
ACT: --> Final Trigger Counts: 0 	 0.0162801 +/- 0.00355262 s^-1
ACT: --> Final Trigger Counts: 1 	 0.0155049 +/- 0.003467 s^-1
ACT: --> Final Trigger Counts: 2 	 0.00310098 +/- 0.00155049 s^-1
ACT: --> Final Trigger Counts: 3 	 0.0147297 +/- 0.00337921 s^-1
ACT: --> Final Trigger Counts: 4 	 0.0333355 +/- 0.00508362 s^-1
ACT: --> Final Trigger Counts: 5 	 0.0139544 +/- 0.00328909 s^-1
ACT: --> Final Trigger Counts: 6 	 0.0178306 +/- 0.00371794 s^-1
ACT: --> Final Trigger Counts: 7 	 0.034886 +/- 0.0052005 s^-1
ACT: --> Final Trigger Counts: 8 	 0.0178306 +/- 0.00371794 s^-1
ACT: --> Final Trigger Counts: 9 	 0.0155049 +/- 0.003467 s^-1
ACT: --> Final Trigger Counts: 10 	 0.0341108 +/- 0.00514239 s^-1
ACT: --> Final Trigger Counts: 11 	 0.0170554 +/- 0.00363622 s^-1
ACT: --> Final Trigger Counts: 12 	 0.0100782 +/- 0.00279519 s^-1
ACT: --> Final Trigger Counts: 13 	 0.0232574 +/- 0.00424619 s^-1
ACT: --> Final Trigger Counts: 14 	 0.0131792 +/- 0.00319642 s^-1
ACT: --> Final Trigger Counts: 15 	 0.00542672 +/- 0.00205111 s^-1
ACT: --> Final Trigger Counts: 16 	 0.0178306 +/- 0.00371794 s^-1
ACT: --> Final Trigger Counts: 17 	 0.0178306 +/- 0.00371794 s^-1
========================================= 
APP: Cleaning Up!
========================================= 
